<?xml version="1.0" encoding="UTF-8"?>
<testsuites>
  <testsuite name="ChoicesFilterState" timestamp="2023-07-26T10:38:32Z" hostname="a447d887b147" tests="58" skipped="0" failures="0" errors="12" time="1.314">
    <testcase time="0.091" classname="ChoicesFilterState" name="constructor_accepts_all_data_classes"/>
    <testcase time="0.032" classname="ChoicesFilterState" name="constructor_accepts_all_data_classes"/>
    <testcase time="0.018" classname="ChoicesFilterState" name="constructor_accepts_all_data_classes"/>
    <testcase time="0.011" classname="ChoicesFilterState" name="constructor_accepts_all_data_classes"/>
    <testcase time="0.0109999999999999" classname="ChoicesFilterState" name="constructor_accepts_all_data_classes"/>
    <testcase time="0.011" classname="ChoicesFilterState" name="constructor_accepts_all_data_classes"/>
    <testcase time="0.03" classname="ChoicesFilterState" name="constructor_raises_warning_if_choices_out_of_range"/>
    <testcase time="0.012" classname="ChoicesFilterState" name="constructor_raises_warning_if_choices_out_of_range"/>
    <testcase time="0.015" classname="ChoicesFilterState" name="constructor_raises_warning_if_selected_out_of_range"/>
    <testcase time="0.022" classname="ChoicesFilterState" name="constructor_sets_default_state"/>
    <testcase time="0.014" classname="ChoicesFilterState" name="constructor_forces_single_selected_when_multiple_is_FALSE"/>
    <testcase time="0.002" classname="ChoicesFilterState" name="constructor_forces_single_selected_when_multiple_is_FALSE"/>
    <testcase time="0.0169999999999999" classname="ChoicesFilterState" name="method_get_call_of_default_ChoicesFilterState_object_returns_NULL"/>
    <testcase time="0.016" classname="ChoicesFilterState" name="get_call_returns_NULL_if_all_choices_are_selected"/>
    <testcase time="0.025" classname="ChoicesFilterState" name="get_call_returns_call_selected_different_than_choices">
      <error type="error" message="Error in `filter_state$get_call()`: object 'choices' not found ('test-ChoicesFilterState.R:92:3')">Error in `filter_state$get_call()`: object 'choices' not found
Backtrace:
     ▆
  1. ├─testthat::expect_identical(...) at test-ChoicesFilterState.R:92:2
  2. │ └─testthat::quasi_label(enquo(object), label, arg = "object")
  3. │   └─rlang::eval_bare(expr, quo_get_env(quo))
  4. ├─shiny::isolate(filter_state$get_call())
  5. │ ├─shiny::..stacktraceoff..(...)
  6. │ └─ctx$run(...)
  7. │   ├─promises::with_promise_domain(...)
  8. │   │ └─domain$wrapSync(expr)
  9. │   ├─shiny::withReactiveDomain(...)
 10. │   │ └─promises::with_promise_domain(...)
 11. │   │   └─domain$wrapSync(expr)
 12. │   │     └─base::force(expr)
 13. │   └─env$runWith(self, func)
 14. │     └─shiny (local) contextFunc()
 15. │       └─shiny::..stacktraceon..(expr)
 16. └─filter_state$get_call()
 17.   └─base::setequal(na.omit(private$x), choices)
 18.     └─base::as.vector(y)</error>
    </testcase>
    <testcase time="0.0609999999999999" classname="ChoicesFilterState" name="get_call_returns_call_always_if_choices_are_limited_regardless_of_selected">
      <error type="error" message="Error in `filter_state$get_call()`: object 'choices' not found ('test-ChoicesFilterState.R:105:3')">Error in `filter_state$get_call()`: object 'choices' not found
Backtrace:
     ▆
  1. ├─testthat::expect_identical(...) at test-ChoicesFilterState.R:105:2
  2. │ └─testthat::quasi_label(enquo(object), label, arg = "object")
  3. │   └─rlang::eval_bare(expr, quo_get_env(quo))
  4. ├─shiny::isolate(filter_state$get_call())
  5. │ ├─shiny::..stacktraceoff..(...)
  6. │ └─ctx$run(...)
  7. │   ├─promises::with_promise_domain(...)
  8. │   │ └─domain$wrapSync(expr)
  9. │   ├─shiny::withReactiveDomain(...)
 10. │   │ └─promises::with_promise_domain(...)
 11. │   │   └─domain$wrapSync(expr)
 12. │   │     └─base::force(expr)
 13. │   └─env$runWith(self, func)
 14. │     └─shiny (local) contextFunc()
 15. │       └─shiny::..stacktraceon..(expr)
 16. └─filter_state$get_call()
 17.   └─base::setequal(na.omit(private$x), choices)
 18.     └─base::as.vector(y)</error>
    </testcase>
    <testcase time="0.0580000000000001" classname="ChoicesFilterState" name="get_call_prefixes_varname_by_dataname_varname_if_extract_type_list_">
      <error type="error" message="Error in `filter_state$get_call(dataname = &quot;dataname&quot;)`: object 'choices' not found ('test-ChoicesFilterState.R:117:3')">Error in `filter_state$get_call(dataname = "dataname")`: object 'choices' not found
Backtrace:
     ▆
  1. ├─testthat::expect_identical(...) at test-ChoicesFilterState.R:117:2
  2. │ └─testthat::quasi_label(enquo(object), label, arg = "object")
  3. │   └─rlang::eval_bare(expr, quo_get_env(quo))
  4. ├─shiny::isolate(filter_state$get_call(dataname = "dataname"))
  5. │ ├─shiny::..stacktraceoff..(...)
  6. │ └─ctx$run(...)
  7. │   ├─promises::with_promise_domain(...)
  8. │   │ └─domain$wrapSync(expr)
  9. │   ├─shiny::withReactiveDomain(...)
 10. │   │ └─promises::with_promise_domain(...)
 11. │   │   └─domain$wrapSync(expr)
 12. │   │     └─base::force(expr)
 13. │   └─env$runWith(self, func)
 14. │     └─shiny (local) contextFunc()
 15. │       └─shiny::..stacktraceon..(expr)
 16. └─filter_state$get_call(dataname = "dataname")
 17.   └─base::setequal(na.omit(private$x), choices)
 18.     └─base::as.vector(y)</error>
    </testcase>
    <testcase time="0.042" classname="ChoicesFilterState" name="get_call_prefixes_varname_by_dataname_varname_if_extract_type_matrix_">
      <error type="error" message="Error in `filter_state$get_call(dataname = &quot;dataname&quot;)`: object 'choices' not found ('test-ChoicesFilterState.R:129:3')">Error in `filter_state$get_call(dataname = "dataname")`: object 'choices' not found
Backtrace:
     ▆
  1. ├─testthat::expect_identical(...) at test-ChoicesFilterState.R:129:2
  2. │ └─testthat::quasi_label(enquo(object), label, arg = "object")
  3. │   └─rlang::eval_bare(expr, quo_get_env(quo))
  4. ├─shiny::isolate(filter_state$get_call(dataname = "dataname"))
  5. │ ├─shiny::..stacktraceoff..(...)
  6. │ └─ctx$run(...)
  7. │   ├─promises::with_promise_domain(...)
  8. │   │ └─domain$wrapSync(expr)
  9. │   ├─shiny::withReactiveDomain(...)
 10. │   │ └─promises::with_promise_domain(...)
 11. │   │   └─domain$wrapSync(expr)
 12. │   │     └─base::force(expr)
 13. │   └─env$runWith(self, func)
 14. │     └─shiny (local) contextFunc()
 15. │       └─shiny::..stacktraceon..(expr)
 16. └─filter_state$get_call(dataname = "dataname")
 17.   └─base::setequal(na.omit(private$x), choices)
 18.     └─base::as.vector(y)</error>
    </testcase>
    <testcase time="0.04" classname="ChoicesFilterState" name="get_call_uses_comparison_when_single_value_selected">
      <error type="error" message="Error in `filter_state$get_call()`: object 'choices' not found ('test-ChoicesFilterState.R:140:3')">Error in `filter_state$get_call()`: object 'choices' not found
Backtrace:
     ▆
  1. ├─testthat::expect_identical(...) at test-ChoicesFilterState.R:140:2
  2. │ └─testthat::quasi_label(enquo(object), label, arg = "object")
  3. │   └─rlang::eval_bare(expr, quo_get_env(quo))
  4. ├─shiny::isolate(filter_state$get_call())
  5. │ ├─shiny::..stacktraceoff..(...)
  6. │ └─ctx$run(...)
  7. │   ├─promises::with_promise_domain(...)
  8. │   │ └─domain$wrapSync(expr)
  9. │   ├─shiny::withReactiveDomain(...)
 10. │   │ └─promises::with_promise_domain(...)
 11. │   │   └─domain$wrapSync(expr)
 12. │   │     └─base::force(expr)
 13. │   └─env$runWith(self, func)
 14. │     └─shiny (local) contextFunc()
 15. │       └─shiny::..stacktraceon..(expr)
 16. └─filter_state$get_call()
 17.   └─base::setequal(na.omit(private$x), choices)
 18.     └─base::as.vector(y)</error>
    </testcase>
    <testcase time="0.0409999999999999" classname="ChoicesFilterState" name="get_call_adds_is.na_var_to_returned_call_if_keep_na_is_true">
      <error type="error" message="Error in `filter_state$get_call()`: object 'choices' not found ('test-ChoicesFilterState.R:151:3')">Error in `filter_state$get_call()`: object 'choices' not found
Backtrace:
     ▆
  1. ├─testthat::expect_identical(...) at test-ChoicesFilterState.R:151:2
  2. │ └─testthat::quasi_label(enquo(object), label, arg = "object")
  3. │   └─rlang::eval_bare(expr, quo_get_env(quo))
  4. ├─shiny::isolate(filter_state$get_call())
  5. │ ├─shiny::..stacktraceoff..(...)
  6. │ └─ctx$run(...)
  7. │   ├─promises::with_promise_domain(...)
  8. │   │ └─domain$wrapSync(expr)
  9. │   ├─shiny::withReactiveDomain(...)
 10. │   │ └─promises::with_promise_domain(...)
 11. │   │   └─domain$wrapSync(expr)
 12. │   │     └─base::force(expr)
 13. │   └─env$runWith(self, func)
 14. │     └─shiny (local) contextFunc()
 15. │       └─shiny::..stacktraceon..(expr)
 16. └─filter_state$get_call()
 17.   └─base::setequal(na.omit(private$x), choices)
 18.     └─base::as.vector(y)</error>
    </testcase>
    <testcase time="0.0409999999999999" classname="ChoicesFilterState" name="get_call_returns_call_if_all_selected_but_NA_exists">
      <error type="error" message="Error in `filter_state$get_call()`: object 'choices' not found ('test-ChoicesFilterState.R:162:3')">Error in `filter_state$get_call()`: object 'choices' not found
Backtrace:
     ▆
  1. ├─testthat::expect_identical(...) at test-ChoicesFilterState.R:162:2
  2. │ └─testthat::quasi_label(enquo(object), label, arg = "object")
  3. │   └─rlang::eval_bare(expr, quo_get_env(quo))
  4. ├─shiny::isolate(filter_state$get_call())
  5. │ ├─shiny::..stacktraceoff..(...)
  6. │ └─ctx$run(...)
  7. │   ├─promises::with_promise_domain(...)
  8. │   │ └─domain$wrapSync(expr)
  9. │   ├─shiny::withReactiveDomain(...)
 10. │   │ └─promises::with_promise_domain(...)
 11. │   │   └─domain$wrapSync(expr)
 12. │   │     └─base::force(expr)
 13. │   └─env$runWith(self, func)
 14. │     └─shiny (local) contextFunc()
 15. │       └─shiny::..stacktraceon..(expr)
 16. └─filter_state$get_call()
 17.   └─base::setequal(na.omit(private$x), choices)
 18.     └─base::as.vector(y)</error>
    </testcase>
    <testcase time="0.0410000000000001" classname="ChoicesFilterState" name="get_call_returns_calls_appropriate_for_factor_var">
      <error type="error" message="Error in `filter_state$get_call()`: object 'choices' not found ('test-ChoicesFilterState.R:173:3')">Error in `filter_state$get_call()`: object 'choices' not found
Backtrace:
     ▆
  1. ├─testthat::expect_identical(...) at test-ChoicesFilterState.R:173:2
  2. │ └─testthat::quasi_label(enquo(object), label, arg = "object")
  3. │   └─rlang::eval_bare(expr, quo_get_env(quo))
  4. ├─shiny::isolate(filter_state$get_call())
  5. │ ├─shiny::..stacktraceoff..(...)
  6. │ └─ctx$run(...)
  7. │   ├─promises::with_promise_domain(...)
  8. │   │ └─domain$wrapSync(expr)
  9. │   ├─shiny::withReactiveDomain(...)
 10. │   │ └─promises::with_promise_domain(...)
 11. │   │   └─domain$wrapSync(expr)
 12. │   │     └─base::force(expr)
 13. │   └─env$runWith(self, func)
 14. │     └─shiny (local) contextFunc()
 15. │       └─shiny::..stacktraceon..(expr)
 16. └─filter_state$get_call()
 17.   └─base::setequal(na.omit(private$x), choices)
 18.     └─base::as.vector(y)</error>
    </testcase>
    <testcase time="0.0389999999999999" classname="ChoicesFilterState" name="get_call_returns_calls_appropriate_for_numeric_var">
      <error type="error" message="Error in `filter_state$get_call()`: object 'choices' not found ('test-ChoicesFilterState.R:184:3')">Error in `filter_state$get_call()`: object 'choices' not found
Backtrace:
     ▆
  1. ├─testthat::expect_identical(...) at test-ChoicesFilterState.R:184:2
  2. │ └─testthat::quasi_label(enquo(object), label, arg = "object")
  3. │   └─rlang::eval_bare(expr, quo_get_env(quo))
  4. ├─shiny::isolate(filter_state$get_call())
  5. │ ├─shiny::..stacktraceoff..(...)
  6. │ └─ctx$run(...)
  7. │   ├─promises::with_promise_domain(...)
  8. │   │ └─domain$wrapSync(expr)
  9. │   ├─shiny::withReactiveDomain(...)
 10. │   │ └─promises::with_promise_domain(...)
 11. │   │   └─domain$wrapSync(expr)
 12. │   │     └─base::force(expr)
 13. │   └─env$runWith(self, func)
 14. │     └─shiny (local) contextFunc()
 15. │       └─shiny::..stacktraceon..(expr)
 16. └─filter_state$get_call()
 17.   └─base::setequal(na.omit(private$x), choices)
 18.     └─base::as.vector(y)</error>
    </testcase>
    <testcase time="0.0609999999999999" classname="ChoicesFilterState" name="get_call_returns_calls_appropriate_for_date_var">
      <error type="error" message="Error in `filter_state$get_call()`: object 'choices' not found ('test-ChoicesFilterState.R:195:3')">Error in `filter_state$get_call()`: object 'choices' not found
Backtrace:
     ▆
  1. ├─testthat::expect_identical(...) at test-ChoicesFilterState.R:195:2
  2. │ └─testthat::quasi_label(enquo(object), label, arg = "object")
  3. │   └─rlang::eval_bare(expr, quo_get_env(quo))
  4. ├─shiny::isolate(filter_state$get_call())
  5. │ ├─shiny::..stacktraceoff..(...)
  6. │ └─ctx$run(...)
  7. │   ├─promises::with_promise_domain(...)
  8. │   │ └─domain$wrapSync(expr)
  9. │   ├─shiny::withReactiveDomain(...)
 10. │   │ └─promises::with_promise_domain(...)
 11. │   │   └─domain$wrapSync(expr)
 12. │   │     └─base::force(expr)
 13. │   └─env$runWith(self, func)
 14. │     └─shiny (local) contextFunc()
 15. │       └─shiny::..stacktraceon..(expr)
 16. └─filter_state$get_call()
 17.   └─base::setequal(na.omit(private$x), choices)
 18.     └─base::as.vector(y)</error>
    </testcase>
    <testcase time="0.0429999999999999" classname="ChoicesFilterState" name="get_call_returns_calls_appropriate_for_posixct_var">
      <error type="error" message="Error in `filter_state$get_call()`: object 'choices' not found ('test-ChoicesFilterState.R:206:3')">Error in `filter_state$get_call()`: object 'choices' not found
Backtrace:
     ▆
  1. ├─testthat::expect_identical(...) at test-ChoicesFilterState.R:206:2
  2. │ └─testthat::quasi_label(enquo(object), label, arg = "object")
  3. │   └─rlang::eval_bare(expr, quo_get_env(quo))
  4. ├─shiny::isolate(filter_state$get_call())
  5. │ ├─shiny::..stacktraceoff..(...)
  6. │ └─ctx$run(...)
  7. │   ├─promises::with_promise_domain(...)
  8. │   │ └─domain$wrapSync(expr)
  9. │   ├─shiny::withReactiveDomain(...)
 10. │   │ └─promises::with_promise_domain(...)
 11. │   │   └─domain$wrapSync(expr)
 12. │   │     └─base::force(expr)
 13. │   └─env$runWith(self, func)
 14. │     └─shiny (local) contextFunc()
 15. │       └─shiny::..stacktraceon..(expr)
 16. └─filter_state$get_call()
 17.   └─base::setequal(na.omit(private$x), choices)
 18.     └─base::as.vector(y)</error>
    </testcase>
    <testcase time="0.0430000000000001" classname="ChoicesFilterState" name="get_call_returns_calls_appropriate_for_posixlt_var">
      <error type="error" message="Error in `filter_state$get_call()`: object 'choices' not found ('test-ChoicesFilterState.R:217:3')">Error in `filter_state$get_call()`: object 'choices' not found
Backtrace:
     ▆
  1. ├─testthat::expect_identical(...) at test-ChoicesFilterState.R:217:2
  2. │ └─testthat::quasi_label(enquo(object), label, arg = "object")
  3. │   └─rlang::eval_bare(expr, quo_get_env(quo))
  4. ├─shiny::isolate(filter_state$get_call())
  5. │ ├─shiny::..stacktraceoff..(...)
  6. │ └─ctx$run(...)
  7. │   ├─promises::with_promise_domain(...)
  8. │   │ └─domain$wrapSync(expr)
  9. │   ├─shiny::withReactiveDomain(...)
 10. │   │ └─promises::with_promise_domain(...)
 11. │   │   └─domain$wrapSync(expr)
 12. │   │     └─base::force(expr)
 13. │   └─env$runWith(self, func)
 14. │     └─shiny (local) contextFunc()
 15. │       └─shiny::..stacktraceon..(expr)
 16. └─filter_state$get_call()
 17.   └─base::setequal(na.omit(private$x), choices)
 18.     └─base::as.vector(y)</error>
    </testcase>
    <testcase time="0.0459999999999998" classname="ChoicesFilterState" name="set_state_raises_warning_when_selection_not_within_allowed_choices"/>
    <testcase time="0.00800000000000001" classname="ChoicesFilterState" name="set_state_raises_warning_when_selection_not_within_allowed_choices"/>
    <testcase time="0.018" classname="ChoicesFilterState" name="set_state_raises_warning_when_selection_not_within_allowed_choices"/>
    <testcase time="0.00900000000000012" classname="ChoicesFilterState" name="set_state_raises_warning_when_selection_not_within_allowed_choices"/>
    <testcase time="0.0209999999999999" classname="ChoicesFilterState" name="set_state_raises_warning_when_selection_not_within_allowed_choices"/>
    <testcase time="0.00900000000000012" classname="ChoicesFilterState" name="set_state_raises_warning_when_selection_not_within_allowed_choices"/>
    <testcase time="0.018" classname="ChoicesFilterState" name="set_state_raises_warning_when_selection_not_within_allowed_choices"/>
    <testcase time="0.012" classname="ChoicesFilterState" name="set_state_raises_warning_when_selection_not_within_allowed_choices"/>
    <testcase time="0.0189999999999999" classname="ChoicesFilterState" name="set_state_raises_warning_when_selection_not_within_allowed_choices"/>
    <testcase time="0.0089999999999999" classname="ChoicesFilterState" name="set_state_raises_warning_when_selection_not_within_allowed_choices"/>
    <testcase time="0.024" classname="ChoicesFilterState" name="set_state_sets_intersection_of_choices_and_passed_values"/>
    <testcase time="0.0190000000000001" classname="ChoicesFilterState" name="set_state_sets_intersection_of_choices_and_passed_values"/>
    <testcase time="0.018" classname="ChoicesFilterState" name="set_state_sets_intersection_of_choices_and_passed_values"/>
    <testcase time="0.022" classname="ChoicesFilterState" name="set_state_sets_intersection_of_choices_and_passed_values"/>
    <testcase time="0.002" classname="ChoicesFilterState" name="set_state_sets_intersection_of_choices_and_passed_values"/>
    <testcase time="0.0189999999999999" classname="ChoicesFilterState" name="set_state_sets_intersection_of_choices_and_passed_values"/>
    <testcase time="0.002" classname="ChoicesFilterState" name="set_state_sets_intersection_of_choices_and_passed_values"/>
    <testcase time="0.022" classname="ChoicesFilterState" name="set_state_sets_intersection_of_choices_and_passed_values"/>
    <testcase time="0.002" classname="ChoicesFilterState" name="set_state_sets_intersection_of_choices_and_passed_values"/>
    <testcase time="0.02" classname="ChoicesFilterState" name="set_state_aborts_multiple_selection_is_aborted_when_multiple_FALSE"/>
    <testcase time="0.0169999999999999" classname="ChoicesFilterState" name="set_state_aborts_multiple_selection_is_aborted_when_multiple_FALSE"/>
    <testcase time="0.0110000000000001" classname="ChoicesFilterState" name="set_state_aborts_multiple_selection_is_aborted_when_multiple_FALSE"/>
    <testcase time="0.002" classname="ChoicesFilterState" name="set_state_aborts_multiple_selection_is_aborted_when_multiple_FALSE"/>
    <testcase time="0.0289999999999999" classname="ChoicesFilterState" name="format_accepts_logical_show_all"/>
    <testcase time="0.0130000000000001" classname="ChoicesFilterState" name="format_accepts_logical_show_all"/>
    <testcase time="0.0129999999999999" classname="ChoicesFilterState" name="format_accepts_logical_show_all"/>
    <testcase time="0.0069999999999999" classname="ChoicesFilterState" name="format_accepts_logical_show_all"/>
    <testcase time="0.00700000000000012" classname="ChoicesFilterState" name="format_accepts_logical_show_all"/>
    <testcase time="0.018" classname="ChoicesFilterState" name="format_returns_properly_formatted_string_representation"/>
    <testcase time="0.0089999999999999" classname="ChoicesFilterState" name="format_returns_properly_formatted_string_representation"/>
    <testcase time="0.0250000000000001" classname="ChoicesFilterState" name="print_returns_properly_formatted_string_representation"/>
    <testcase time="0.0069999999999999" classname="ChoicesFilterState" name="print_returns_properly_formatted_string_representation"/>
  </testsuite>
  <testsuite name="DFFilterStates" timestamp="2023-07-26T10:38:34Z" hostname="a447d887b147" tests="3" skipped="0" failures="0" errors="1" time="0.163">
    <testcase time="0.0249999999999999" classname="DFFilterStates" name="contructor_accepts_keys_as_string"/>
    <testcase time="0.00800000000000001" classname="DFFilterStates" name="get_filter_state_return_teal_slices_with_include_varnames_and_count_type_by_default"/>
    <testcase time="0.13" classname="DFFilterStates" name="get_call_returns_filter_call_on_dataname_with_unprefixed_variables_in_logical_expression">
      <error type="error" message="Error in `state$get_call(dataname = private$dataname_prefixed)`: object 'choices' not found ('test-DFFilterStates.R:29:3')">Error in `state$get_call(dataname = private$dataname_prefixed)`: object 'choices' not found
Backtrace:
     ▆
  1. ├─testthat::expect_equal(...) at test-DFFilterStates.R:29:2
  2. │ └─testthat::quasi_label(enquo(object), label, arg = "object")
  3. │   └─rlang::eval_bare(expr, quo_get_env(quo))
  4. ├─shiny::isolate(filter_states$get_call())
  5. │ ├─shiny::..stacktraceoff..(...)
  6. │ └─ctx$run(...)
  7. │   ├─promises::with_promise_domain(...)
  8. │   │ └─domain$wrapSync(expr)
  9. │   ├─shiny::withReactiveDomain(...)
 10. │   │ └─promises::with_promise_domain(...)
 11. │   │   └─domain$wrapSync(expr)
 12. │   │     └─base::force(expr)
 13. │   └─env$runWith(self, func)
 14. │     └─shiny (local) contextFunc()
 15. │       └─shiny::..stacktraceon..(expr)
 16. └─filter_states$get_call()
 17.   └─base::tapply(...)
 18.     └─base::lapply(X = ans[index], FUN = FUN, ...)
 19.       └─teal.slice (local) FUN(X[[i]], ...)
 20.         ├─base::Filter(...)
 21.         │ ├─base::unlist(lapply(x, f))
 22.         │ └─base::lapply(x, f)
 23.         └─base::lapply(...)
 24.           └─teal.slice (local) FUN(X[[i]], ...)
 25.             └─state$get_call(dataname = private$dataname_prefixed)
 26.               └─base::setequal(na.omit(private$x), choices)
 27.                 └─base::as.vector(y)</error>
    </testcase>
  </testsuite>
  <testsuite name="DateFilterState" timestamp="2023-07-26T10:38:34Z" hostname="a447d887b147" tests="36" skipped="0" failures="1" errors="0" time="0.608">
    <testcase time="0.0639999999999996" classname="DateFilterState" name="constructor_accepts_a_Date_object"/>
    <testcase time="0.00800000000000001" classname="DateFilterState" name="constructor_accepts_a_Date_object"/>
    <testcase time="0.081" classname="DateFilterState" name="constructor_raises_warning_when_selected_out_of_range"/>
    <testcase time="0.0130000000000003" classname="DateFilterState" name="constructor_raises_warning_when_selected_is_not_sorted"/>
    <testcase time="0.0169999999999999" classname="DateFilterState" name="constructor_raises_error_when_selection_is_not_Date"/>
    <testcase time="0.0150000000000001" classname="DateFilterState" name="constructor_raises_warning_when_chioces_is_not_sorted"/>
    <testcase time="0.016" classname="DateFilterState" name="constructor_raises_warning_when_chioces_out_of_range"/>
    <testcase time="0.0179999999999998" classname="DateFilterState" name="constructor_raises_error_when_selection_is_not_Date"/>
    <testcase time="0.02" classname="DateFilterState" name="constructor_sets_default_state"/>
    <testcase time="0.0209999999999999" classname="DateFilterState" name="set_state_selected_accepts_vector_of_two_coercible_to_Date_elements"/>
    <testcase time="0.00800000000000001" classname="DateFilterState" name="set_state_selected_accepts_vector_of_two_coercible_to_Date_elements"/>
    <testcase time="0.012" classname="DateFilterState" name="set_state_selected_accepts_vector_of_two_coercible_to_Date_elements"/>
    <testcase time="0.0129999999999999" classname="DateFilterState" name="set_state_selected_accepts_vector_of_two_coercible_to_Date_elements"/>
    <testcase time="0.024" classname="DateFilterState" name="set_state_selected_raises_warning_when_selection_is_not_within_the_possible_range"/>
    <testcase time="0.00800000000000001" classname="DateFilterState" name="set_state_selected_raises_warning_when_selection_is_not_within_the_possible_range"/>
    <testcase time="0.00900000000000034" classname="DateFilterState" name="set_state_selected_raises_warning_when_selection_is_not_within_the_possible_range"/>
    <testcase time="0.02" classname="DateFilterState" name="set_state_selected_range_is_limited_to_lower_and_upper_bound_of_possible_range"/>
    <testcase time="0.0089999999999999" classname="DateFilterState" name="set_state_selected_range_is_limited_to_lower_and_upper_bound_of_possible_range"/>
    <testcase time="0.0089999999999999" classname="DateFilterState" name="set_state_selected_range_is_limited_to_lower_and_upper_bound_of_possible_range"/>
    <testcase time="0.0209999999999999" classname="DateFilterState" name="set_state_selected_raises_error_when_selection_is_not_a_Date_or_coercible"/>
    <testcase time="0.016" classname="DateFilterState" name="method_get_call_of_default_DateFilterState_object_returns_NULL"/>
    <testcase time="0.0140000000000002" classname="DateFilterState" name="get_call_returns_call_selected_different_than_choices"/>
    <testcase time="0.0129999999999999" classname="DateFilterState" name="get_call_returns_call_always_if_choices_are_limited_regardless_of_selected"/>
    <testcase time="0.0139999999999998" classname="DateFilterState" name="get_call_prefixes_varname_by_dataname_varname_if_extract_type_list_"/>
    <testcase time="0.0180000000000002" classname="DateFilterState" name="get_call_prefixes_varname_by_dataname_varname_if_extract_type_matrix_"/>
    <testcase time="0.0139999999999998" classname="DateFilterState" name="get_call_adds_is.na_variable_to_returned_call_if_keep_na_is_true"/>
    <testcase time="0.0180000000000002" classname="DateFilterState" name="get_call_returns_call_if_all_selected_but_NA_exists">
      <failure type="failure" message="shiny::isolate(filter_state$get_call()) not identical to quote(variable &gt;= as.Date(&quot;2000-01-01&quot;) &amp; variable &lt;= as.Date(&quot;2000-01-10&quot;)). ('test-DateFilterState.R:217:3')">shiny::isolate(filter_state$get_call()) not identical to quote(variable &gt;= as.Date("2000-01-01") &amp; variable &lt;= as.Date("2000-01-10")).
target, current do not match when deparsed</failure>
    </testcase>
    <testcase time="0.024" classname="DateFilterState" name="format_accepts_logical_show_all"/>
    <testcase time="0.004" classname="DateFilterState" name="format_accepts_logical_show_all"/>
    <testcase time="0.00699999999999967" classname="DateFilterState" name="format_accepts_logical_show_all"/>
    <testcase time="0.00700000000000012" classname="DateFilterState" name="format_accepts_logical_show_all"/>
    <testcase time="0.00700000000000012" classname="DateFilterState" name="format_accepts_logical_show_all"/>
    <testcase time="0.016" classname="DateFilterState" name="format_returns_a_properly_formatted_string_representation"/>
    <testcase time="0.00599999999999978" classname="DateFilterState" name="format_returns_a_properly_formatted_string_representation"/>
    <testcase time="0.0170000000000003" classname="DateFilterState" name="print_returns_a_properly_formatted_string_representation"/>
    <testcase time="0.00699999999999967" classname="DateFilterState" name="print_returns_a_properly_formatted_string_representation"/>
  </testsuite>
  <testsuite name="DatetimeFilterState" timestamp="2023-07-26T10:38:34Z" hostname="a447d887b147" tests="40" skipped="0" failures="1" errors="0" time="0.523">
    <testcase time="0.0250000000000004" classname="DatetimeFilterState" name="constructor_accepts_a_POSIXct_or_POSIXlt_object"/>
    <testcase time="0.0089999999999999" classname="DatetimeFilterState" name="constructor_accepts_a_POSIXct_or_POSIXlt_object"/>
    <testcase time="0.00800000000000001" classname="DatetimeFilterState" name="constructor_accepts_a_POSIXct_or_POSIXlt_object"/>
    <testcase time="0.0149999999999997" classname="DatetimeFilterState" name="constructor_raises_warning_when_selected_is_out_of_range"/>
    <testcase time="0.0140000000000002" classname="DatetimeFilterState" name="constructor_raises_warning_when_selected_is_not_sorted"/>
    <testcase time="0.0179999999999998" classname="DatetimeFilterState" name="constructor_raises_error_when_selection_is_not_Datetime_or_coercible"/>
    <testcase time="0.0150000000000001" classname="DatetimeFilterState" name="constructor_raises_warning_when_choices_is_out_of_range"/>
    <testcase time="0.0150000000000001" classname="DatetimeFilterState" name="constructor_raises_warning_when_choices_is_not_sorted"/>
    <testcase time="0.0139999999999998" classname="DatetimeFilterState" name="constructor_raises_error_when_choices_is_not_Date"/>
    <testcase time="0.0190000000000001" classname="DatetimeFilterState" name="set_state_selected_accepts_vector_of_two_POSIXct_objects_or_coercible"/>
    <testcase time="0.00700000000000012" classname="DatetimeFilterState" name="set_state_selected_accepts_vector_of_two_POSIXct_objects_or_coercible"/>
    <testcase time="0.00999999999999979" classname="DatetimeFilterState" name="set_state_selected_accepts_vector_of_two_POSIXct_objects_or_coercible"/>
    <testcase time="0.0140000000000002" classname="DatetimeFilterState" name="set_state_selected_accepts_vector_of_two_POSIXct_objects_or_coercible"/>
    <testcase time="0.02" classname="DatetimeFilterState" name="set_state_selected_raises_warning_when_selection_not_fully_included_in_range"/>
    <testcase time="0.0089999999999999" classname="DatetimeFilterState" name="set_state_selected_raises_warning_when_selection_not_fully_included_in_range"/>
    <testcase time="0.00999999999999979" classname="DatetimeFilterState" name="set_state_selected_raises_warning_when_selection_not_fully_included_in_range"/>
    <testcase time="0.0220000000000002" classname="DatetimeFilterState" name="set_state_selected_range_is_limited_to_lower_and_upper_bound_of_possible_range"/>
    <testcase time="0.00800000000000001" classname="DatetimeFilterState" name="set_state_selected_range_is_limited_to_lower_and_upper_bound_of_possible_range"/>
    <testcase time="0.00999999999999979" classname="DatetimeFilterState" name="set_state_selected_range_is_limited_to_lower_and_upper_bound_of_possible_range"/>
    <testcase time="0.0220000000000002" classname="DatetimeFilterState" name="set_state_selected_raises_error_when_selection_is_not_a_Date_or_coercible"/>
    <testcase time="0.016" classname="DatetimeFilterState" name="get_call_method_of_default_DatetimeFilterState_object_returns_NULL"/>
    <testcase time="0.0149999999999997" classname="DatetimeFilterState" name="get_call_returns_call_selected_different_than_choices"/>
    <testcase time="0.0170000000000003" classname="DatetimeFilterState" name="get_call_returns_call_always_if_choices_are_limited_regardless_of_selected"/>
    <testcase time="0.0149999999999997" classname="DatetimeFilterState" name="get_call_prefixes_varname_by_dataname_varname_if_extract_type_list_"/>
    <testcase time="0.0150000000000001" classname="DatetimeFilterState" name="get_call_prefixes_varname_by_dataname_varname_if_extract_type_matrix_"/>
    <testcase time="0.0169999999999999" classname="DatetimeFilterState" name="get_call_adds_is.na_variable_to_returned_call_if_keep_na_is_true"/>
    <testcase time="0.00700000000000012" classname="DatetimeFilterState" name="get_call_adds_is.na_variable_to_returned_call_if_keep_na_is_true"/>
    <testcase time="0.00600000000000023" classname="DatetimeFilterState" name="get_call_adds_is.na_variable_to_returned_call_if_keep_na_is_true"/>
    <testcase time="0.00599999999999978" classname="DatetimeFilterState" name="get_call_adds_is.na_variable_to_returned_call_if_keep_na_is_true"/>
    <testcase time="0.00600000000000023" classname="DatetimeFilterState" name="get_call_adds_is.na_variable_to_returned_call_if_keep_na_is_true"/>
    <testcase time="0.02" classname="DatetimeFilterState" name="get_call_returns_call_if_all_selected_but_NA_exists">
      <failure type="failure" message="shiny::isolate(filter_state$get_call()) not identical to quote(...). ('test-DatetimeFilterState.R:238:3')">shiny::isolate(filter_state$get_call()) not identical to quote(...).
target, current do not match when deparsed</failure>
    </testcase>
    <testcase time="0.0229999999999997" classname="DatetimeFilterState" name="format_accepts_logical_show_all"/>
    <testcase time="0.004" classname="DatetimeFilterState" name="format_accepts_logical_show_all"/>
    <testcase time="0.00700000000000012" classname="DatetimeFilterState" name="format_accepts_logical_show_all"/>
    <testcase time="0.00999999999999979" classname="DatetimeFilterState" name="format_accepts_logical_show_all"/>
    <testcase time="0.00800000000000001" classname="DatetimeFilterState" name="format_accepts_logical_show_all"/>
    <testcase time="0.0170000000000003" classname="DatetimeFilterState" name="format_returns_a_properly_formatted_string_representation"/>
    <testcase time="0.00599999999999978" classname="DatetimeFilterState" name="format_returns_a_properly_formatted_string_representation"/>
    <testcase time="0.0180000000000002" classname="DatetimeFilterState" name="print_returns_a_properly_formatted_string_representation"/>
    <testcase time="0.00599999999999978" classname="DatetimeFilterState" name="print_returns_a_properly_formatted_string_representation"/>
  </testsuite>
  <testsuite name="DefaultFilteredDataset" timestamp="2023-07-26T10:38:35Z" hostname="a447d887b147" tests="22" skipped="0" failures="0" errors="1" time="1.1">
    <testcase time="0.184" classname="DefaultFilteredDataset" name="constructor_accepts_data.frame_object_with_a_dataname"/>
    <testcase time="0.00599999999999978" classname="DefaultFilteredDataset" name="constructor_accepts_data.frame_object_with_a_dataname"/>
    <testcase time="0.00499999999999989" classname="DefaultFilteredDataset" name="constructor_accepts_data.frame_object_with_a_dataname"/>
    <testcase time="0.00600000000000023" classname="DefaultFilteredDataset" name="constructor_accepts_data.frame_object_with_a_dataname"/>
    <testcase time="0.00599999999999978" classname="DefaultFilteredDataset" name="constructor_accepts_data.frame_object_with_a_dataname"/>
    <testcase time="0.0220000000000002" classname="DefaultFilteredDataset" name="filter_states_list_is_initialized_with_single_FilterStates_element_named_filter"/>
    <testcase time="0.0649999999999999" classname="DefaultFilteredDataset" name="set_filter_state_accepts_teal_slices_"/>
    <testcase time="0.00800000000000001" classname="DefaultFilteredDataset" name="set_filter_state_accepts_teal_slices_"/>
    <testcase time="0.0699999999999998" classname="DefaultFilteredDataset" name="set_filter_state_sets_teal_slice_"/>
    <testcase time="0.00500000000000034" classname="DefaultFilteredDataset" name="set_filter_state_sets_teal_slice_"/>
    <testcase time="0.00199999999999978" classname="DefaultFilteredDataset" name="set_filter_state_sets_teal_slice_"/>
    <testcase time="0.085" classname="DefaultFilteredDataset" name="format_returns_a_properly_formatted_string_representation"/>
    <testcase time="0.0140000000000002" classname="DefaultFilteredDataset" name="format_returns_a_properly_formatted_string_representation"/>
    <testcase time="0.0749999999999997" classname="DefaultFilteredDataset" name="print_returns_a_properly_formatted_string_representation"/>
    <testcase time="0.0140000000000002" classname="DefaultFilteredDataset" name="print_returns_a_properly_formatted_string_representation"/>
    <testcase time="0.0699999999999998" classname="DefaultFilteredDataset" name="remove_filter_state_removes_desired_filter"/>
    <testcase time="0.0710000000000002" classname="DefaultFilteredDataset" name="remove_filter_state_can_remove_multiple_filters"/>
    <testcase time="0.00999999999999979" classname="DefaultFilteredDataset" name="get_filter_overview_returns_overview_data.frame_with_obs_filter_counts"/>
    <testcase time="0.221" classname="DefaultFilteredDataset" name="get_filter_overview_returns_overview_data.frame_with_obs_filter_counts"/>
    <testcase time="0.0620000000000003" classname="DefaultFilteredDataset" name="get_filter_overview_returns_overview_data.frame_with_obs_and_subject_filter_counts_"/>
    <testcase time="0.00999999999999979" classname="DefaultFilteredDataset" name="get_call_returns_a_list_of_calls_or_NULL"/>
    <testcase time="0.0890000000000004" classname="DefaultFilteredDataset" name="get_call_returns_a_list_of_calls_or_NULL">
      <error type="error" message="Error in `state$get_call(dataname = private$dataname_prefixed)`: object 'choices' not found ('test-DefaultFilteredDataset.R:197:3')">Error in `state$get_call(dataname = private$dataname_prefixed)`: object 'choices' not found
Backtrace:
     ▆
  1. ├─checkmate::expect_list(...) at test-DefaultFilteredDataset.R:197:2
  2. │ └─checkmate::checkList(...)
  3. │   └─... %and% checkListTypes(x, types)
  4. │     └─base::isTRUE(lhs)
  5. ├─shiny::isolate(filtered_dataset$get_call())
  6. │ ├─shiny::..stacktraceoff..(...)
  7. │ └─ctx$run(...)
  8. │   ├─promises::with_promise_domain(...)
  9. │   │ └─domain$wrapSync(expr)
 10. │   ├─shiny::withReactiveDomain(...)
 11. │   │ └─promises::with_promise_domain(...)
 12. │   │   └─domain$wrapSync(expr)
 13. │   │     └─base::force(expr)
 14. │   └─env$runWith(self, func)
 15. │     └─shiny (local) contextFunc()
 16. │       └─shiny::..stacktraceon..(expr)
 17. └─filtered_dataset$get_call()
 18.   └─super$get_call(sid)
 19.     ├─base::Filter(...)
 20.     │ ├─base::unlist(lapply(x, f))
 21.     │ └─base::lapply(x, f)
 22.     └─base::lapply(private$get_filter_states(), function(x) x$get_call(sid))
 23.       └─teal.slice (local) FUN(X[[i]], ...)
 24.         └─x$get_call(sid)
 25.           └─base::tapply(...)
 26.             └─base::lapply(X = ans[index], FUN = FUN, ...)
 27.               └─teal.slice (local) FUN(X[[i]], ...)
 28.                 ├─base::Filter(...)
 29.                 │ ├─base::unlist(lapply(x, f))
 30.                 │ └─base::lapply(x, f)
 31.                 └─base::lapply(...)
 32.                   └─teal.slice (local) FUN(X[[i]], ...)
 33.                     └─state$get_call(dataname = private$dataname_prefixed)
 34.                       └─base::setequal(na.omit(private$x), choices)
 35.                         └─base::as.vector(y)</error>
    </testcase>
  </testsuite>
  <testsuite name="EmptyFilterState" timestamp="2023-07-26T10:38:36Z" hostname="a447d887b147" tests="11" skipped="0" failures="0" errors="0" time="0.186">
    <testcase time="0.0959999999999992" classname="EmptyFilterState" name="get_call_of_default_EmptyFilterState_returns_NULL_by_default"/>
    <testcase time="0.0110000000000001" classname="EmptyFilterState" name="get_call_of_default_EmptyFilterState_returns_is.na_call_if_keep_na_is_FALSE"/>
    <testcase time="0.016" classname="EmptyFilterState" name="format_accepts_logical_show_all"/>
    <testcase time="0.00300000000000011" classname="EmptyFilterState" name="format_accepts_logical_show_all"/>
    <testcase time="0.00699999999999967" classname="EmptyFilterState" name="format_accepts_logical_show_all"/>
    <testcase time="0.00600000000000023" classname="EmptyFilterState" name="format_accepts_logical_show_all"/>
    <testcase time="0.00699999999999967" classname="EmptyFilterState" name="format_accepts_logical_show_all"/>
    <testcase time="0.0140000000000002" classname="EmptyFilterState" name="format_returns_a_properly_formatted_string_representation"/>
    <testcase time="0.00600000000000023" classname="EmptyFilterState" name="format_returns_a_properly_formatted_string_representation"/>
    <testcase time="0.0140000000000002" classname="EmptyFilterState" name="print_returns_a_properly_formatted_string_representation"/>
    <testcase time="0.00599999999999934" classname="EmptyFilterState" name="print_returns_a_properly_formatted_string_representation"/>
  </testsuite>
  <testsuite name="FilterState" timestamp="2023-07-26T10:38:36Z" hostname="a447d887b147" tests="41" skipped="0" failures="1" errors="2" time="0.472">
    <testcase time="0.0129999999999999" classname="FilterState" name="constructor_checks_arguments"/>
    <testcase time="0.00600000000000023" classname="FilterState" name="constructor_checks_arguments"/>
    <testcase time="0.00700000000000056" classname="FilterState" name="constructor_checks_arguments"/>
    <testcase time="0.00800000000000001" classname="FilterState" name="constructor_checks_arguments"/>
    <testcase time="0.0179999999999998" classname="FilterState" name="set_state_can_set_mutable_fields"/>
    <testcase time="0.00499999999999989" classname="FilterState" name="set_state_can_set_mutable_fields"/>
    <testcase time="0.00600000000000023" classname="FilterState" name="set_state_can_set_mutable_fields"/>
    <testcase time="0.00800000000000001" classname="FilterState" name="get_state_returns_a_teal_slice_object_passed_via_constructor"/>
    <testcase time="0.0169999999999995" classname="FilterState" name="get_state_returns_a_teal_slice_identical_to_set_state_input"/>
    <testcase time="0.0140000000000002" classname="FilterState" name="set_state_only_sets_properties_defined_in_teal_slice"/>
    <testcase time="0.00900000000000034" classname="FilterState" name="set_state_only_sets_properties_defined_in_teal_slice"/>
    <testcase time="0.00800000000000001" classname="FilterState" name="set_state_only_sets_properties_defined_in_teal_slice"/>
    <testcase time="0.0149999999999997" classname="FilterState" name="set_state_cannot_set_mutable_fields_in_a_fixed_FilterState"/>
    <testcase time="0.00499999999999989" classname="FilterState" name="set_state_cannot_set_mutable_fields_in_a_fixed_FilterState"/>
    <testcase time="0.0209999999999999" classname="FilterState" name="set_state_can_set_mutable_fields_in_a_anchored_FilterState"/>
    <testcase time="0.0110000000000001" classname="FilterState" name="constructor_initializes_selected_NULL_by_default"/>
    <testcase time="0.0110000000000001" classname="FilterState" name="constructor_initializes_keep_na_TRUE_by_default_if_data_contains_NAs"/>
    <testcase time="0.00800000000000001" classname="FilterState" name="constructor_initializes_keep_na_TRUE_by_default_if_data_contains_NAs"/>
    <testcase time="0.0129999999999999" classname="FilterState" name="get_call_raises_error"/>
    <testcase time="0.00999999999999979" classname="FilterState" name="set_selected_sets_value_get_selected_returns_the_same_value"/>
    <testcase time="0.0129999999999999" classname="FilterState" name="add_keep_na_call_modifies_call_if_keep_na_set_to_TRUE">
      <failure type="failure" message="shiny::isolate(filter_state$test_add_keep_na_call()) not identical to quote(TRUE). ('test-FilterState.R:146:3')">shiny::isolate(filter_state$test_add_keep_na_call()) not identical to quote(TRUE).
Modes of target, current: call, logical
target, current do not match when deparsed</failure>
    </testcase>
    <testcase time="0.0150000000000006" classname="FilterState" name="add_keep_na_call_modifies_call_if_keep_na_set_to_TRUE"/>
    <testcase time="0.0129999999999999" classname="FilterState" name="setting_private_na_rm_to_TRUE_adds_is.na_before_condition_via_add_keep_na_call">
      <error type="error" message="Error in `private$na_rm &lt;- value`: cannot add bindings to a locked environment ('test-FilterState.R:174:3')">Error in `private$na_rm &lt;- value`: cannot add bindings to a locked environment
Backtrace:
    ▆
 1. └─filter_state$set_na_rm(TRUE) at test-FilterState.R:174:2</error>
    </testcase>
    <testcase time="0.0289999999999999" classname="FilterState" name="setting_private_na_rm_to_TRUE_doesn_t_add_is.na_before_condition_via_add_keep_na_call_when_variable_has_no_NAs">
      <error type="error" message="Error in `private$na_rm &lt;- value`: cannot add bindings to a locked environment ('test-FilterState.R:201:5')">Error in `private$na_rm &lt;- value`: cannot add bindings to a locked environment
Backtrace:
    ▆
 1. └─filter_state$set_na_rm(TRUE) at test-FilterState.R:201:4</error>
    </testcase>
    <testcase time="0.0229999999999997" classname="FilterState" name="get_varlabel_returns_a_string_if_x_has_the_label_attribute_different_to_varname"/>
    <testcase time="0.0499999999999998" classname="FilterState" name="get_varlabel_returns_a_string_if_x_has_the_label_attribute_different_to_varname"/>
    <testcase time="0.00600000000000023" classname="FilterState" name="get_varlabel_returns_a_string_if_x_has_the_label_attribute_different_to_varname"/>
    <testcase time="0.0150000000000006" classname="FilterState" name="format_accepts_logical_show_all"/>
    <testcase time="0.00299999999999923" classname="FilterState" name="format_accepts_logical_show_all"/>
    <testcase time="0.00700000000000056" classname="FilterState" name="format_accepts_logical_show_all"/>
    <testcase time="0.00699999999999967" classname="FilterState" name="format_accepts_logical_show_all"/>
    <testcase time="0.00600000000000023" classname="FilterState" name="format_accepts_logical_show_all"/>
    <testcase time="0.0110000000000001" classname="FilterState" name="format_accepts_logical_trim_lines"/>
    <testcase time="0.00300000000000011" classname="FilterState" name="format_accepts_logical_trim_lines"/>
    <testcase time="0.00699999999999967" classname="FilterState" name="format_accepts_logical_trim_lines"/>
    <testcase time="0.00699999999999967" classname="FilterState" name="format_accepts_logical_trim_lines"/>
    <testcase time="0.00700000000000056" classname="FilterState" name="format_accepts_logical_trim_lines"/>
    <testcase time="0.0129999999999999" classname="FilterState" name="format_returns_a_properly_formatted_string_representation"/>
    <testcase time="0.00499999999999989" classname="FilterState" name="format_returns_a_properly_formatted_string_representation"/>
    <testcase time="0.0129999999999999" classname="FilterState" name="print_returns_a_properly_formatted_string_representation"/>
    <testcase time="0.00600000000000023" classname="FilterState" name="print_returns_a_properly_formatted_string_representation"/>
  </testsuite>
  <testsuite name="FilterStateExpr" timestamp="2023-07-26T10:38:37Z" hostname="a447d887b147" tests="17" skipped="0" failures="0" errors="0" time="0.133">
    <testcase time="0.0140000000000002" classname="FilterStateExpr" name="initialize_require_teal_slice_expr"/>
    <testcase time="0.00699999999999967" classname="FilterStateExpr" name="initialize_require_teal_slice_expr"/>
    <testcase time="0.00699999999999967" classname="FilterStateExpr" name="get_call_returns_call_identical_to_one_passed_in_the_constructor"/>
    <testcase time="0.00900000000000034" classname="FilterStateExpr" name="get_state_returns_list_of_state_values"/>
    <testcase time="0.0110000000000001" classname="FilterStateExpr" name="set_state_ignores_every_attribute"/>
    <testcase time="0.00999999999999979" classname="FilterStateExpr" name="format_returns_a_properly_formatted_string_representation"/>
    <testcase time="0.00699999999999967" classname="FilterStateExpr" name="format_accepts_logical_show_all"/>
    <testcase time="0.00300000000000011" classname="FilterStateExpr" name="format_accepts_logical_show_all"/>
    <testcase time="0.00700000000000056" classname="FilterStateExpr" name="format_accepts_logical_show_all"/>
    <testcase time="0.00699999999999967" classname="FilterStateExpr" name="format_accepts_logical_show_all"/>
    <testcase time="0.00600000000000023" classname="FilterStateExpr" name="format_accepts_logical_show_all"/>
    <testcase time="0.00800000000000001" classname="FilterStateExpr" name="format_accepts_logical_trim_lines"/>
    <testcase time="0.00300000000000011" classname="FilterStateExpr" name="format_accepts_logical_trim_lines"/>
    <testcase time="0.00699999999999967" classname="FilterStateExpr" name="format_accepts_logical_trim_lines"/>
    <testcase time="0.0110000000000001" classname="FilterStateExpr" name="format_accepts_logical_trim_lines"/>
    <testcase time="0.00600000000000023" classname="FilterStateExpr" name="format_accepts_logical_trim_lines"/>
    <testcase time="0.00999999999999979" classname="FilterStateExpr" name="print_returns_a_properly_formatted_string_representation"/>
  </testsuite>
  <testsuite name="FilterStates" timestamp="2023-07-26T10:38:37Z" hostname="a447d887b147" tests="38" skipped="0" failures="0" errors="1" time="1.871">
    <testcase time="0.00999999999999979" classname="FilterStates" name="constructor_accepts_only_a_string_as_dataname"/>
    <testcase time="0.00499999999999989" classname="FilterStates" name="constructor_accepts_only_a_string_as_dataname"/>
    <testcase time="0.00499999999999989" classname="FilterStates" name="constructor_accepts_only_a_string_as_dataname"/>
    <testcase time="0.00600000000000023" classname="FilterStates" name="get_filter_state_returns_default_count_type_none_"/>
    <testcase time="0.00700000000000056" classname="FilterStates" name="set_filter_state_sets_include_variables_by_excluding_unsupported_cols_from_inputed_list"/>
    <testcase time="0.00800000000000001" classname="FilterStates" name="set_filter_state_sets_count_type"/>
    <testcase time="0.0129999999999999" classname="FilterStates" name="set_filter_state_ignores_teal_slice_for_inexisting_variables_with_log_warning"/>
    <testcase time="0.0569999999999995" classname="FilterStates" name="set_filter_state_and_get_filter_state_sets_and_returns_the_same_fully_specified_teal_slices"/>
    <testcase time="0.00200000000000067" classname="FilterStates" name="set_filter_state_and_get_filter_state_sets_and_returns_the_same_fully_specified_teal_slices"/>
    <testcase time="0.0869999999999997" classname="FilterStates" name="set_filter_state_updates_FilterState_when_dataname_and_varname_are_matched_between_teal_slice_and_existing_filter"/>
    <testcase time="0.00199999999999978" classname="FilterStates" name="set_filter_state_updates_FilterState_when_dataname_and_varname_are_matched_between_teal_slice_and_existing_filter"/>
    <testcase time="0.178" classname="FilterStates" name="set_filter_state_allows_to_create_two_filters_on_the_same_variable_if_combination_of_their_fields_dataname_varname_varlabel_arg_id_differ"/>
    <testcase time="0.0150000000000006" classname="FilterStates" name="set_filter_state_creates_a_new_FilterStateExpr"/>
    <testcase time="0.000999999999999446" classname="FilterStates" name="set_filter_state_creates_a_new_FilterStateExpr"/>
    <testcase time="0.00900000000000034" classname="FilterStates" name="remove_filter_state_of_inexistent_FilterState_raiser_warning"/>
    <testcase time="0.186999999999999" classname="FilterStates" name="remove_filter_state_removes_FilterState_objects_identified_by_dataname_experiment_varname_arg_and_or_id_"/>
    <testcase time="0.00700000000000056" classname="FilterStates" name="remove_filter_state_removes_FilterState_objects_identified_by_dataname_experiment_varname_arg_and_or_id_"/>
    <testcase time="0.00699999999999967" classname="FilterStates" name="remove_filter_state_removes_FilterState_objects_identified_by_dataname_experiment_varname_arg_and_or_id_"/>
    <testcase time="0.00499999999999989" classname="FilterStates" name="remove_filter_state_removes_FilterState_objects_identified_by_dataname_experiment_varname_arg_and_or_id_"/>
    <testcase time="0.00600000000000023" classname="FilterStates" name="clearing_empty_FilterStates_does_not_raise_errors"/>
    <testcase time="0.21" classname="FilterStates" name="clear_filter_state_empties_the_state_list"/>
    <testcase time="0.00800000000000001" classname="FilterStates" name="get_call_returns_NULL_after_initialization_if_no_filter_applied"/>
    <testcase time="0.0579999999999998" classname="FilterStates" name="get_call_returns_subset_call_with_dataname_and_logical_expressions_by_default"/>
    <testcase time="0.0529999999999999" classname="FilterStates" name="get_call_returns_custom_fun_call"/>
    <testcase time="0.0519999999999996" classname="FilterStates" name="get_call_returns_subset_call_on_custom_dataname_prefixed"/>
    <testcase time="0.0580000000000007" classname="FilterStates" name="get_call_returns_subset_with_varnames_prefixed_depending_on_a_extract_type"/>
    <testcase time="0.0569999999999995" classname="FilterStates" name="get_call_returns_subset_with_multiple_filter_expressions_combined_by_operator"/>
    <testcase time="0.12" classname="FilterStates" name="get_call_skips_conditions_form_FilterState_which_are_identified_by_sid">
      <error type="error" message="Error in `state$get_call(dataname = private$dataname_prefixed)`: object 'choices' not found ('test-FilterStates.R:278:3')">Error in `state$get_call(dataname = private$dataname_prefixed)`: object 'choices' not found
Backtrace:
     ▆
  1. ├─testthat::expect_equal(...) at test-FilterStates.R:278:2
  2. │ └─testthat::quasi_label(enquo(object), label, arg = "object")
  3. │   └─rlang::eval_bare(expr, quo_get_env(quo))
  4. └─filter_states$get_call(sid = sid_attrs[1])
  5.   └─base::tapply(...)
  6.     └─base::lapply(X = ans[index], FUN = FUN, ...)
  7.       └─teal.slice (local) FUN(X[[i]], ...)
  8.         ├─base::Filter(...)
  9.         │ ├─base::unlist(lapply(x, f))
 10.         │ └─base::lapply(x, f)
 11.         └─base::lapply(...)
 12.           └─teal.slice (local) FUN(X[[i]], ...)
 13.             └─state$get_call(dataname = private$dataname_prefixed)
 14.               └─base::setequal(na.omit(private$x), choices)
 15.                 └─base::as.vector(y)</error>
    </testcase>
    <testcase time="0.032" classname="FilterStates" name="ui_add_returns_a_message_inside_a_div_when_data_has_no_columns_or_no_rows"/>
    <testcase time="0.255" classname="FilterStates" name="Selecting_a_new_variable_initializes_a_new_filter_state_with_default_states"/>
    <testcase time="0.00199999999999978" classname="FilterStates" name="Selecting_a_new_variable_initializes_a_new_filter_state_with_default_states"/>
    <testcase time="0.282" classname="FilterStates" name="Adding_var_to_add_adds_another_filter_state"/>
    <testcase time="0.0100000000000007" classname="FilterStates" name="Adding_var_to_add_adds_another_filter_state"/>
    <testcase time="0.00600000000000023" classname="FilterStates" name="Adding_var_to_add_adds_another_filter_state"/>
    <testcase time="0.00100000000000033" classname="FilterStates" name="Adding_var_to_add_adds_another_filter_state"/>
    <testcase time="0.0169999999999995" classname="FilterStates" name="srv_add_determines_labels_for_the_choices_based_on_the_column_attribute"/>
    <testcase time="0.016" classname="FilterStates" name="srv_add_limits_choices_to_the_include_varnames"/>
    <testcase time="0.0170000000000003" classname="FilterStates" name="srv_add_flags_keys_as_primary_key"/>
  </testsuite>
  <testsuite name="FilteredData" timestamp="2023-07-26T10:38:39Z" hostname="a447d887b147" tests="103" skipped="0" failures="0" errors="3" time="11.174">
    <testcase time="4.808" classname="FilteredData" name="constructor_accepts_call_with_only_dataset_specified"/>
    <testcase time="0.394" classname="FilteredData" name="constructor_accepts_call_with_only_dataset_specified"/>
    <testcase time="0.00600000000000023" classname="FilteredData" name="constructor_accepts_call_with_only_dataset_specified"/>
    <testcase time="0.00900000000000034" classname="FilteredData" name="constructor_accepts_join_keys_to_be_JoinKeys_or_NULL"/>
    <testcase time="0.00499999999999901" classname="FilteredData" name="constructor_accepts_join_keys_to_be_JoinKeys_or_NULL"/>
    <testcase time="0.00600000000000023" classname="FilteredData" name="constructor_accepts_join_keys_to_be_JoinKeys_or_NULL"/>
    <testcase time="0.0080000000000009" classname="FilteredData" name="constructor_accepts_code_to_be_CodeClass_or_NULL"/>
    <testcase time="0.00499999999999901" classname="FilteredData" name="constructor_accepts_code_to_be_CodeClass_or_NULL"/>
    <testcase time="0.00600000000000023" classname="FilteredData" name="constructor_accepts_code_to_be_CodeClass_or_NULL"/>
    <testcase time="0.0080000000000009" classname="FilteredData" name="constructor_accepts_check_to_be_a_flag"/>
    <testcase time="0.00699999999999967" classname="FilteredData" name="constructor_accepts_check_to_be_a_flag"/>
    <testcase time="0.00600000000000023" classname="FilteredData" name="constructor_accepts_check_to_be_a_flag"/>
    <testcase time="0.0169999999999995" classname="FilteredData" name="FilteredData_preserves_the_check_field_when_check_is_TRUE"/>
    <testcase time="0.00900000000000034" classname="FilteredData" name="FilteredData_preserves_the_check_field_when_check_is_TRUE"/>
    <testcase time="0.0519999999999996" classname="FilteredData" name="FilteredData_forbids_cyclic_graphs_of_datasets_relationship"/>
    <testcase time="0.0129999999999999" classname="FilteredData" name="filtered_data_datanames_returns_character_vector_of_datasets_names"/>
    <testcase time="0.0180000000000007" classname="FilteredData" name="datanames_are_ordered_topologically_from_parent_to_child"/>
    <testcase time="0.0129999999999999" classname="FilteredData" name="datanames_are_ordered_topologically_from_parent_to_child"/>
    <testcase time="0.00999999999999979" classname="FilteredData" name="set_dataset_accepts_data_being_data.frame_"/>
    <testcase time="0.00900000000000034" classname="FilteredData" name="set_dataset_returns_self"/>
    <testcase time="0.00999999999999979" classname="FilteredData" name="set_dataset_creates_FilteredDataset_object"/>
    <testcase time="0.0190000000000001" classname="FilteredData" name="set_datasets_creates_FilteredDataset_object_linked_with_parent"/>
    <testcase time="0.0109999999999992" classname="FilteredData" name="get_join_keys_returns_empty_JoinKeys_object"/>
    <testcase time="0.0100000000000016" classname="FilteredData" name="get_keys_returns_keys_of_the_dataset_specified_via_join_keys"/>
    <testcase time="0.465" classname="FilteredData" name="get_join_keys_returns_join_keys_object_if_it_exists"/>
    <testcase time="0.00899999999999856" classname="FilteredData" name="get_datalabel_returns_character_0_for_dataset_with_no_label"/>
    <testcase time="0.0080000000000009" classname="FilteredData" name="get_datalabel_returns_the_label_of_a_passed_dataset"/>
    <testcase time="0.0120000000000005" classname="FilteredData" name="get_metadata_raises_error_if_dataset_does_not_exist"/>
    <testcase time="0.0109999999999992" classname="FilteredData" name="get_metadata_returns_metadata_if_dataset_exists"/>
    <testcase time="0.00399999999999956" classname="FilteredData" name="get_metadata_returns_metadata_if_dataset_exists"/>
    <testcase time="0.0080000000000009" classname="FilteredData" name="get_code_returns_the_code_passed_to_CodeClass_set_code"/>
    <testcase time="0.00600000000000023" classname="FilteredData" name="get_code_returns_a_string_when_FilteredData_has_no_code"/>
    <testcase time="0.0129999999999999" classname="FilteredData" name="get_call_returns_a_NULL_if_no_filters_applied"/>
    <testcase time="0.00499999999999901" classname="FilteredData" name="get_call_returns_a_NULL_if_no_filters_applied"/>
    <testcase time="0.0709999999999997" classname="FilteredData" name="get_call_return_a_list_of_calls_when_filter_applied"/>
    <testcase time="0.00900000000000034" classname="FilteredData" name="get_call_return_a_list_of_calls_when_filter_applied">
      <error type="error" message="Error in `state$get_call(dataname = private$dataname_prefixed)`: object 'choices' not found ('test-FilteredData.R:280:3')">Error in `state$get_call(dataname = private$dataname_prefixed)`: object 'choices' not found
Backtrace:
     ▆
  1. ├─testthat::expect_identical(...) at test-FilteredData.R:280:2
  2. │ └─testthat::quasi_label(enquo(object), label, arg = "object")
  3. │   └─rlang::eval_bare(expr, quo_get_env(quo))
  4. ├─shiny::isolate(datasets$get_call("mtcars"))
  5. │ ├─shiny::..stacktraceoff..(...)
  6. │ └─ctx$run(...)
  7. │   ├─promises::with_promise_domain(...)
  8. │   │ └─domain$wrapSync(expr)
  9. │   ├─shiny::withReactiveDomain(...)
 10. │   │ └─promises::with_promise_domain(...)
 11. │   │   └─domain$wrapSync(expr)
 12. │   │     └─base::force(expr)
 13. │   └─env$runWith(self, func)
 14. │     └─shiny (local) contextFunc()
 15. │       └─shiny::..stacktraceon..(expr)
 16. └─datasets$get_call("mtcars")
 17.   └─private$get_filtered_dataset(dataname)$get_call()
 18.     └─super$get_call(sid)
 19.       ├─base::Filter(...)
 20.       │ ├─base::unlist(lapply(x, f))
 21.       │ └─base::lapply(x, f)
 22.       └─base::lapply(private$get_filter_states(), function(x) x$get_call(sid))
 23.         └─teal.slice (local) FUN(X[[i]], ...)
 24.           └─x$get_call(sid)
 25.             └─base::tapply(...)
 26.               └─base::lapply(X = ans[index], FUN = FUN, ...)
 27.                 └─teal.slice (local) FUN(X[[i]], ...)
 28.                   ├─base::Filter(...)
 29.                   │ ├─base::unlist(lapply(x, f))
 30.                   │ └─base::lapply(x, f)
 31.                   └─base::lapply(...)
 32.                     └─teal.slice (local) FUN(X[[i]], ...)
 33.                       └─state$get_call(dataname = private$dataname_prefixed)
 34.                         └─base::setequal(na.omit(private$x), choices)
 35.                           └─base::as.vector(y)</error>
    </testcase>
    <testcase time="0.0400000000000009" classname="FilteredData" name="get_call_raises_error_if_dataname_doesn_t_match_available_datasets"/>
    <testcase time="0.0119999999999987" classname="FilteredData" name="get_filter_expr_returns_empty_string_when_no_filters_applied"/>
    <testcase time="0.0790000000000006" classname="FilteredData" name="get_filter_expr_returns_all_filter_calls_as_character">
      <error type="error" message="Error in `state$get_call(dataname = private$dataname_prefixed)`: object 'choices' not found ('test-FilteredData.R:319:3')">Error in `state$get_call(dataname = private$dataname_prefixed)`: object 'choices' not found
Backtrace:
     ▆
  1. ├─testthat::expect_identical(...) at test-FilteredData.R:319:2
  2. │ └─testthat::quasi_label(enquo(object), label, arg = "object")
  3. │   └─rlang::eval_bare(expr, quo_get_env(quo))
  4. ├─shiny::isolate(get_filter_expr(datasets))
  5. │ ├─shiny::..stacktraceoff..(...)
  6. │ └─ctx$run(...)
  7. │   ├─promises::with_promise_domain(...)
  8. │   │ └─domain$wrapSync(expr)
  9. │   ├─shiny::withReactiveDomain(...)
 10. │   │ └─promises::with_promise_domain(...)
 11. │   │   └─domain$wrapSync(expr)
 12. │   │     └─base::force(expr)
 13. │   └─env$runWith(self, func)
 14. │     └─shiny (local) contextFunc()
 15. │       └─shiny::..stacktraceon..(expr)
 16. └─teal.slice::get_filter_expr(datasets)
 17.   ├─base::paste(...)
 18.   ├─base::unlist(...)
 19.   └─base::lapply(...)
 20.     └─teal.slice (local) FUN(X[[i]], ...)
 21.       └─datasets$get_call(dataname)
 22.         └─private$get_filtered_dataset(dataname)$get_call()
 23.           └─super$get_call(sid)
 24.             ├─base::Filter(...)
 25.             │ ├─base::unlist(lapply(x, f))
 26.             │ └─base::lapply(x, f)
 27.             └─base::lapply(private$get_filter_states(), function(x) x$get_call(sid))
 28.               └─teal.slice (local) FUN(X[[i]], ...)
 29.                 └─x$get_call(sid)
 30.                   └─base::tapply(...)
 31.                     └─base::lapply(X = ans[index], FUN = FUN, ...)
 32.                       └─teal.slice (local) FUN(X[[i]], ...)
 33.                         ├─base::Filter(...)
 34.                         │ ├─base::unlist(lapply(x, f))
 35.                         │ └─base::lapply(x, f)
 36.                         └─base::lapply(...)
 37.                           └─teal.slice (local) FUN(X[[i]], ...)
 38.                             └─state$get_call(dataname = private$dataname_prefixed)
 39.                               └─base::setequal(na.omit(private$x), choices)
 40.                                 └─base::as.vector(y)</error>
    </testcase>
    <testcase time="0.0380000000000003" classname="FilteredData" name="get_data_argument_filtered_must_be_a_flag"/>
    <testcase time="0.00699999999999967" classname="FilteredData" name="get_data_argument_filtered_must_be_a_flag"/>
    <testcase time="0.011000000000001" classname="FilteredData" name="get_data_requires_that_dataname_be_subset_of_datanames"/>
    <testcase time="0.00699999999999967" classname="FilteredData" name="get_data_requires_that_dataname_be_subset_of_datanames"/>
    <testcase time="0.0109999999999992" classname="FilteredData" name="get_data_filtered_FALSE_returns_the_same_object_as_passed_to_the_constructor"/>
    <testcase time="0.0120000000000005" classname="FilteredData" name="get_data_returns_the_same_object_as_passed_to_the_constructor_if_no_filter_applied"/>
    <testcase time="0.0709999999999997" classname="FilteredData" name="get_data_returns_an_object_filtered_by_set_filters"/>
    <testcase time="0.104000000000001" classname="FilteredData" name="get_data_of_the_child_is_dependent_on_the_ancestor_filter"/>
    <testcase time="0.367999999999999" classname="FilteredData" name="set_filter_state_accepts_teal_slices_and_nested_list_and_both_set_identical_settings"/>
    <testcase time="0.228000000000002" classname="FilteredData" name="set_filter_state_accepts_teal_slices_and_nested_list_and_both_set_identical_settings"/>
    <testcase time="0.00599999999999845" classname="FilteredData" name="set_filter_state_accepts_teal_slices_and_nested_list_and_both_set_identical_settings"/>
    <testcase time="0.00500000000000078" classname="FilteredData" name="set_filter_state_accepts_teal_slices_and_nested_list_and_both_set_identical_settings"/>
    <testcase time="0.00500000000000078" classname="FilteredData" name="set_filter_state_accepts_teal_slices_and_nested_list_and_both_set_identical_settings"/>
    <testcase time="0.00499999999999901" classname="FilteredData" name="set_filter_state_accepts_teal_slices_and_nested_list_and_both_set_identical_settings"/>
    <testcase time="0.00500000000000078" classname="FilteredData" name="set_filter_state_accepts_teal_slices_and_nested_list_and_both_set_identical_settings"/>
    <testcase time="0.00499999999999901" classname="FilteredData" name="set_filter_state_accepts_teal_slices_and_nested_list_and_both_set_identical_settings"/>
    <testcase time="0.00100000000000122" classname="FilteredData" name="set_filter_state_accepts_teal_slices_and_nested_list_and_both_set_identical_settings"/>
    <testcase time="0.100999999999999" classname="FilteredData" name="get_filter_state_returns_teal_slices_with_features_identical_to_those_in_input_adds_format"/>
    <testcase time="0.0180000000000007" classname="FilteredData" name="get_filter_state_returns_teal_slices_with_features_identical_to_those_in_input_adds_format"/>
    <testcase time="0.0179999999999989" classname="FilteredData" name="get_filter_state_returns_teal_slices_with_features_identical_to_those_in_input_adds_format"/>
    <testcase time="0.0180000000000007" classname="FilteredData" name="get_filter_state_returns_teal_slices_with_features_identical_to_those_in_input_adds_format"/>
    <testcase time="0.0990000000000002" classname="FilteredData" name="print_returns_properly_formatted_string_representing_teal_slices_"/>
    <testcase time="0.0190000000000001" classname="FilteredData" name="print_returns_properly_formatted_string_representing_teal_slices_"/>
    <testcase time="0.0180000000000007" classname="FilteredData" name="print_returns_properly_formatted_string_representing_teal_slices_"/>
    <testcase time="0.144" classname="FilteredData" name="remove_filter_state_removes_states_specified_by_teal_slices"/>
    <testcase time="0.119999999999999" classname="FilteredData" name="remove_filter_state_does_not_remove_anchored_filters"/>
    <testcase time="0.00900000000000034" classname="FilteredData" name="remove_filter_state_does_not_remove_anchored_filters"/>
    <testcase time="0.132" classname="FilteredData" name="clear_filter_states_removes_all_filters_of_all_datasets_in_FilteredData"/>
    <testcase time="0.00400000000000134" classname="FilteredData" name="clear_filter_states_removes_all_filters_of_all_datasets_in_FilteredData"/>
    <testcase time="0.138" classname="FilteredData" name="clear_filter_states_removes_filters_of_desired_dataset_only"/>
    <testcase time="0.125" classname="FilteredData" name="clear_filter_states_does_not_remove_anchored_filters"/>
    <testcase time="0.00799999999999912" classname="FilteredData" name="clear_filter_states_does_not_remove_anchored_filters"/>
    <testcase time="0.0139999999999993" classname="FilteredData" name="get_filter_overview_checks_arguments"/>
    <testcase time="0.00300000000000011" classname="FilteredData" name="get_filter_overview_checks_arguments"/>
    <testcase time="0.00700000000000145" classname="FilteredData" name="get_filter_overview_checks_arguments"/>
    <testcase time="0.00699999999999967" classname="FilteredData" name="get_filter_overview_checks_arguments"/>
    <testcase time="0.00600000000000023" classname="FilteredData" name="get_filter_overview_checks_arguments"/>
    <testcase time="0.00699999999999967" classname="FilteredData" name="get_filter_overview_checks_arguments"/>
    <testcase time="0.0150000000000006" classname="FilteredData" name="get_filter_overview_returns_overview_data.frame_with_obs_counts_if_the_keys_are_not_specified"/>
    <testcase time="0.0839999999999996" classname="FilteredData" name="get_filter_overview_returns_overview_data.frame_with_filtered_counts">
      <error type="error" message="Error in `state$get_call(dataname = private$dataname_prefixed)`: object 'choices' not found ('test-FilteredData.R:739:3')">Error in `state$get_call(dataname = private$dataname_prefixed)`: object 'choices' not found
Backtrace:
     ▆
  1. ├─testthat::expect_equal(...) at test-FilteredData.R:739:2
  2. │ └─testthat::quasi_label(enquo(object), label, arg = "object")
  3. │   └─rlang::eval_bare(expr, quo_get_env(quo))
  4. ├─shiny::isolate(datasets$get_filter_overview(datasets$datanames()))
  5. │ ├─shiny::..stacktraceoff..(...)
  6. │ └─ctx$run(...)
  7. │   ├─promises::with_promise_domain(...)
  8. │   │ └─domain$wrapSync(expr)
  9. │   ├─shiny::withReactiveDomain(...)
 10. │   │ └─promises::with_promise_domain(...)
 11. │   │   └─domain$wrapSync(expr)
 12. │   │     └─base::force(expr)
 13. │   └─env$runWith(self, func)
 14. │     └─shiny (local) contextFunc()
 15. │       └─shiny::..stacktraceon..(expr)
 16. └─datasets$get_filter_overview(datasets$datanames())
 17.   └─base::lapply(...)
 18.     └─teal.slice (local) FUN(X[[i]], ...)
 19.       └─private$get_filtered_dataset(dataname)$get_filter_overview()
 20.         ├─base::data.frame(...)
 21.         ├─base::nrow(data_filtered())
 22.         └─shiny (local) data_filtered()
 23.           ├─shiny::..stacktraceoff..(self$.updateValue())
 24.           └─self$.updateValue()
 25.             └─ctx$run(...)
 26.               ├─promises::with_promise_domain(...)
 27.               │ └─domain$wrapSync(expr)
 28.               ├─shiny::withReactiveDomain(...)
 29.               │ └─promises::with_promise_domain(...)
 30.               │   └─domain$wrapSync(expr)
 31.               │     └─base::force(expr)
 32.               └─env$runWith(self, func)
 33.                 └─shiny (local) contextFunc()
 34.                   ├─base::withCallingHandlers(...)
 35.                   ├─base::withVisible(.func())
 36.                   └─shiny (local) .func()
 37.                     ├─shiny::..stacktraceon..(`&lt;reactive&gt;`(...))
 38.                     └─teal.slice (local) `&lt;reactive&gt;`(...)
 39.                       └─private$data_filtered_fun()
 40.                         └─self$get_call(sid)
 41.                           └─super$get_call(sid)
 42.                             ├─base::Filter(...)
 43.                             │ ├─base::unlist(lapply(x, f))
 44.                             │ └─base::lapply(x, f)
 45.                             └─base::lapply(private$get_filter_states(), function(x) x$get_call(sid))
 46.                               └─teal.slice (local) FUN(X[[i]], ...)
 47.                                 └─x$get_call(sid)
 48.                                   └─base::tapply(...)
 49.                                     └─base::lapply(X = ans[index], FUN = FUN, ...)
 50.                                       └─teal.slice (local) FUN(X[[i]], ...)
 51.                                         ├─base::Filter(...)
 52.                                         │ ├─base::unlist(lapply(x, f))
 53.                                         │ └─base::lapply(x, f)
 54.                                         └─base::lapply(...)
 55.                                           └─teal.slice (local) FUN(X[[i]], ...)
 56.                                             └─state$get_call(dataname = private$dataname_prefixed)
 57.                                               └─base::setequal(na.omit(private$x), choices)
 58.                                                 └─base::as.vector(y)</error>
    </testcase>
    <testcase time="0.113999999999999" classname="FilteredData" name="get_filter_overview_return_counts_based_on_reactive_filtering_by_ancestors"/>
    <testcase time="0.077" classname="FilteredData" name="active_datanames_fails_if_returns_dataname_which_isn_t_a_subset_of_available_datanames"/>
    <testcase time="1.042" classname="FilteredData" name="srv_active_output_teal_filters_count_returns_reactive_number_of_current_filters_applied"/>
    <testcase time="0.800000000000001" classname="FilteredData" name="srv_active_clicking_remove_all_button_clears_filters"/>
    <testcase time="0.00499999999999901" classname="FilteredData" name="srv_active_clicking_remove_all_button_clears_filters"/>
    <testcase time="0.0449999999999982" classname="FilteredData" name="get_filter_count_properly_tallies_active_filter_states"/>
    <testcase time="0.123000000000001" classname="FilteredData" name="get_filter_count_properly_tallies_active_filter_states"/>
    <testcase time="0.0459999999999994" classname="FilteredData" name="get_filter_count_properly_tallies_active_filter_states_for_MAE_objects"/>
    <testcase time="0.102" classname="FilteredData" name="get_filter_count_properly_tallies_active_filter_states_for_MAE_objects"/>
    <testcase time="0.125" classname="FilteredData" name="slices_interactive_reactive_returns_interactive_filters"/>
    <testcase time="0.00600000000000023" classname="FilteredData" name="slices_interactive_reactive_returns_interactive_filters"/>
    <testcase time="0.00600000000000023" classname="FilteredData" name="slices_interactive_reactive_returns_interactive_filters"/>
    <testcase time="0.00600000000000023" classname="FilteredData" name="slices_interactive_reactive_returns_interactive_filters"/>
    <testcase time="0.00100000000000122" classname="FilteredData" name="slices_interactive_reactive_returns_interactive_filters"/>
    <testcase time="0.0109999999999992" classname="FilteredData" name="slices_fixed_reactive_returns_fixed_filters_and_teal_slice_expr"/>
    <testcase time="0.00600000000000023" classname="FilteredData" name="slices_fixed_reactive_returns_fixed_filters_and_teal_slice_expr"/>
    <testcase time="0.00199999999999889" classname="FilteredData" name="slices_fixed_reactive_returns_fixed_filters_and_teal_slice_expr"/>
    <testcase time="0.0150000000000006" classname="FilteredData" name="FilteredData_srv_available_slices_new_state_in_external_list_reflected_in_available_slices"/>
    <testcase time="0.00900000000000034" classname="FilteredData" name="active_slices_id_returns_list_of_currently_active_filters"/>
    <testcase time="0.109999999999999" classname="FilteredData" name="FilteredData_srv_available_slices_changing_input_values_de_activate_states"/>
    <testcase time="0.119" classname="FilteredData" name="FilteredData_srv_available_slices_changing_input_values_de_activate_states"/>
    <testcase time="0.0689999999999991" classname="FilteredData" name="FilteredData_srv_available_slices_deactivating_all_keeps_anchored_states"/>
    <testcase time="0.0180000000000007" classname="FilteredData" name="duplicated_slice_references_returns_character_0_if_none_of_duplicated_filters_is_active"/>
    <testcase time="0.103000000000002" classname="FilteredData" name="duplicated_slice_references_returns_variable_reference_when_any_of_duplicated_filters_is_on"/>
  </testsuite>
  <testsuite name="FilteredDataset" timestamp="2023-07-26T10:38:50Z" hostname="a447d887b147" tests="17" skipped="0" failures="0" errors="2" time="0.479">
    <testcase time="0.0120000000000005" classname="FilteredDataset" name="constructor_creates_FilteredDataset_with_empty_filter_states"/>
    <testcase time="0.00599999999999667" classname="FilteredDataset" name="clear_filter_states_does_not_raise_errors_after_initializing_FilteredDataset"/>
    <testcase time="0.00500000000000256" classname="FilteredDataset" name="get_dataset_returns_the_dataset_passed_to_the_constructor"/>
    <testcase time="0.00600000000000023" classname="FilteredDataset" name="get_dataname_returns_the_dataname_passed_to_the_constructor"/>
    <testcase time="0.00499999999999901" classname="FilteredDataset" name="get_dataset_label_retruns_the_dataset_label_passed_to_the_constructor"/>
    <testcase time="0.00600000000000023" classname="FilteredDataset" name="get_keys_returns_the_keys_passed_to_the_constructor"/>
    <testcase time="0.00499999999999901" classname="FilteredDataset" name="get_metadata_returns_the_metadata_of_the_data_passed_to_the_constructor"/>
    <testcase time="0.00499999999999901" classname="FilteredDataset" name="get_metadata_returns_the_metadata_of_the_data_passed_to_the_constructor"/>
    <testcase time="0.0840000000000032" classname="FilteredDataset" name="format_returns_a_string_representation_of_filters"/>
    <testcase time="0.0139999999999993" classname="FilteredDataset" name="format_returns_a_string_representation_of_filters"/>
    <testcase time="0.0139999999999993" classname="FilteredDataset" name="format_returns_a_string_representation_of_filters"/>
    <testcase time="0.0139999999999993" classname="FilteredDataset" name="format_returns_a_string_representation_of_filters"/>
    <testcase time="0.0760000000000005" classname="FilteredDataset" name="print_returns_a_string_representation_of_filters"/>
    <testcase time="0.0150000000000006" classname="FilteredDataset" name="print_returns_a_string_representation_of_filters"/>
    <testcase time="0.0730000000000004" classname="FilteredDataset" name="get_call_returns_the_filter_call_of_the_dataset">
      <error type="error" message="Error in `state$get_call(dataname = private$dataname_prefixed)`: object 'choices' not found ('test-FilteredDataset.R:111:3')">Error in `state$get_call(dataname = private$dataname_prefixed)`: object 'choices' not found
Backtrace:
     ▆
  1. ├─shiny::isolate(dataset$get_call()) at test-FilteredDataset.R:111:2
  2. │ ├─shiny::..stacktraceoff..(...)
  3. │ └─ctx$run(...)
  4. │   ├─promises::with_promise_domain(...)
  5. │   │ └─domain$wrapSync(expr)
  6. │   ├─shiny::withReactiveDomain(...)
  7. │   │ └─promises::with_promise_domain(...)
  8. │   │   └─domain$wrapSync(expr)
  9. │   │     └─base::force(expr)
 10. │   └─env$runWith(self, func)
 11. │     └─shiny (local) contextFunc()
 12. │       └─shiny::..stacktraceon..(expr)
 13. └─dataset$get_call()
 14.   └─super$get_call(sid)
 15.     ├─base::Filter(...)
 16.     │ ├─base::unlist(lapply(x, f))
 17.     │ └─base::lapply(x, f)
[...]
    <testcase time="0.0710000000000015" classname="init_filtered_dataset" name="init_filtered_dataset_returns_an_MAEFilteredDataset_when_passed_an_MAE"/>
    <testcase time="0.00399999999999778" classname="init_filtered_dataset" name="init_filtered_dataset_returns_an_MAEFilteredDataset_when_passed_an_MAE"/>
  </testsuite>
  <testsuite name="teal_slice" timestamp="2023-07-26T10:38:57Z" hostname="a447d887b147" tests="53" skipped="0" failures="0" errors="0" time="0.291">
    <testcase time="0.0100000000000016" classname="teal_slice" name="teal_slice_checks_arguments"/>
    <testcase time="0.00300000000000011" classname="teal_slice" name="teal_slice_checks_arguments"/>
    <testcase time="0.00300000000000011" classname="teal_slice" name="teal_slice_checks_arguments"/>
    <testcase time="0.00499999999999901" classname="teal_slice" name="teal_slice_checks_arguments"/>
    <testcase time="0.00499999999999901" classname="teal_slice" name="teal_slice_checks_arguments"/>
    <testcase time="0.00600000000000023" classname="teal_slice" name="teal_slice_checks_arguments"/>
    <testcase time="0.00500000000000256" classname="teal_slice" name="teal_slice_checks_arguments"/>
    <testcase time="0.00600000000000023" classname="teal_slice" name="teal_slice_checks_arguments"/>
    <testcase time="0.00499999999999901" classname="teal_slice" name="teal_slice_checks_arguments"/>
    <testcase time="0.00499999999999901" classname="teal_slice" name="teal_slice_checks_arguments"/>
    <testcase time="0.00600000000000023" classname="teal_slice" name="teal_slice_checks_arguments"/>
    <testcase time="0.00499999999999901" classname="teal_slice" name="teal_slice_checks_arguments"/>
    <testcase time="0.00600000000000023" classname="teal_slice" name="teal_slice_checks_arguments"/>
    <testcase time="0.00500000000000256" classname="teal_slice" name="teal_slice_checks_arguments"/>
    <testcase time="0.00599999999999667" classname="teal_slice" name="teal_slice_checks_arguments"/>
    <testcase time="0.00500000000000256" classname="teal_slice" name="teal_slice_checks_arguments"/>
    <testcase time="0.00600000000000023" classname="teal_slice" name="teal_slice_checks_arguments"/>
    <testcase time="0.00499999999999901" classname="teal_slice" name="teal_slice_checks_arguments"/>
    <testcase time="0.00600000000000023" classname="teal_slice" name="teal_slice_checks_arguments"/>
    <testcase time="0.00499999999999901" classname="teal_slice" name="teal_slice_checks_arguments"/>
    <testcase time="0.00600000000000023" classname="teal_slice" name="teal_slice_checks_arguments"/>
    <testcase time="0.00499999999999901" classname="teal_slice" name="teal_slice_checks_arguments"/>
    <testcase time="0.00700000000000145" classname="teal_slice" name="teal_slice_returns_teal_slice_"/>
    <testcase time="0.00100000000000122" classname="teal_slice" name="teal_slice_returns_teal_slice_"/>
    <testcase time="0.00600000000000023" classname="teal_slice" name="teal_slice_returns_teal_slice_"/>
    <testcase time="0.00199999999999889" classname="teal_slice" name="teal_slice_returns_teal_slice_"/>
    <testcase time="0.00900000000000034" classname="teal_slice" name="is_functions_work"/>
    <testcase time="0.00399999999999778" classname="teal_slice" name="is_functions_work"/>
    <testcase time="0.00300000000000011" classname="teal_slice" name="is_functions_work"/>
    <testcase time="0.00200000000000244" classname="teal_slice" name="is_functions_work"/>
    <testcase time="0.00300000000000011" classname="teal_slice" name="is_functions_work"/>
    <testcase time="0.00399999999999778" classname="teal_slice" name="is_functions_work"/>
    <testcase time="0.0110000000000028" classname="teal_slice" name="format.teal_slice_returns_a_character_string"/>
    <testcase time="0.00599999999999667" classname="teal_slice" name="format.teal_slice_returns_a_character_string"/>
    <testcase time="0.0120000000000005" classname="teal_slice" name="format.teal_slice_skips_empty_mandatory_fields_show_all_is_FALSE"/>
    <testcase time="0.0110000000000028" classname="teal_slice" name="format.teal_slice_prints_optional_fields"/>
    <testcase time="0.00399999999999778" classname="teal_slice" name="format.teal_slice_prints_optional_fields"/>
    <testcase time="0.00400000000000134" classname="teal_slice" name="format.teal_slice_prints_optional_fields"/>
    <testcase time="0.00600000000000023" classname="teal_slice" name="teal_slice_expr_has_to_be_a_string"/>
    <testcase time="0.00199999999999889" classname="teal_slice" name="teal_slice_expr_has_to_be_a_string"/>
    <testcase time="0.00600000000000023" classname="teal_slice" name="teal_slice_expr_has_to_be_a_string"/>
    <testcase time="0.00600000000000023" classname="teal_slice" name="teal_slice_id_has_to_be_a_string_when_expr_is_specified"/>
    <testcase time="0.00600000000000023" classname="teal_slice" name="teal_slice_id_has_to_be_a_string_when_expr_is_specified"/>
    <testcase time="0.00499999999999901" classname="teal_slice" name="teal_slice_id_has_to_be_a_string_when_expr_is_specified"/>
    <testcase time="0.00600000000000023" classname="teal_slice" name="teal_slice_id_has_to_be_a_string_when_expr_is_specified"/>
    <testcase time="0.00600000000000023" classname="teal_slice" name="teal_slice_title_has_to_be_a_string_when_expr_is_specified"/>
    <testcase time="0.00600000000000023" classname="teal_slice" name="teal_slice_title_has_to_be_a_string_when_expr_is_specified"/>
    <testcase time="0.00499999999999901" classname="teal_slice" name="teal_slice_title_has_to_be_a_string_when_expr_is_specified"/>
    <testcase time="0.00600000000000023" classname="teal_slice" name="teal_slice_title_has_to_be_a_string_when_expr_is_specified"/>
    <testcase time="0.00600000000000023" classname="teal_slice" name="teal_slice_dataname_has_to_be_a_string_when_expr_is_specified"/>
    <testcase time="0.00600000000000023" classname="teal_slice" name="teal_slice_dataname_has_to_be_a_string_when_expr_is_specified"/>
    <testcase time="0.00499999999999901" classname="teal_slice" name="teal_slice_dataname_has_to_be_a_string_when_expr_is_specified"/>
    <testcase time="0.00600000000000023" classname="teal_slice" name="teal_slice_dataname_has_to_be_a_string_when_expr_is_specified"/>
  </testsuite>
  <testsuite name="teal_slices" timestamp="2023-07-26T10:38:58Z" hostname="a447d887b147" tests="75" skipped="0" failures="0" errors="0" time="0.477">
    <testcase time="0.0139999999999993" classname="teal_slices" name="teal_slices_checks_arguments"/>
    <testcase time="0.00200000000000244" classname="teal_slices" name="teal_slices_checks_arguments"/>
    <testcase time="0.00600000000000023" classname="teal_slices" name="teal_slices_checks_arguments"/>
    <testcase time="0.00600000000000023" classname="teal_slices" name="teal_slices_checks_arguments"/>
    <testcase time="0.0069999999999979" classname="teal_slices" name="teal_slices_checks_arguments"/>
    <testcase time="0.00600000000000023" classname="teal_slices" name="teal_slices_checks_arguments"/>
    <testcase time="0.00700000000000145" classname="teal_slices" name="teal_slices_checks_arguments"/>
    <testcase time="0.00600000000000023" classname="teal_slices" name="teal_slices_checks_arguments"/>
    <testcase time="0.00600000000000023" classname="teal_slices" name="teal_slices_checks_arguments"/>
    <testcase time="0.00600000000000023" classname="teal_slices" name="teal_slices_checks_arguments"/>
    <testcase time="0.00899999999999679" classname="teal_slices" name="teal_slices_returns_teal_slices_"/>
    <testcase time="0.00100000000000122" classname="teal_slices" name="teal_slices_returns_teal_slices_"/>
    <testcase time="0.00700000000000145" classname="teal_slices" name="teal_slices_returns_teal_slices_"/>
    <testcase time="0.00300000000000011" classname="teal_slices" name="teal_slices_returns_teal_slices_"/>
    <testcase time="0.00399999999999778" classname="teal_slices" name="teal_slices_returns_teal_slices_"/>
    <testcase time="0.00400000000000134" classname="teal_slices" name="teal_slices_returns_teal_slices_"/>
    <testcase time="0.00300000000000011" classname="teal_slices" name="teal_slices_returns_teal_slices_"/>
    <testcase time="0.00199999999999889" classname="teal_slices" name="teal_slices_returns_teal_slices_"/>
    <testcase time="0.0899999999999999" classname="teal_slices" name="_.teal_slices_accepts_various_types_of_indices"/>
    <testcase time="0.00200000000000244" classname="teal_slices" name="_.teal_slices_accepts_various_types_of_indices"/>
    <testcase time="0.000999999999997669" classname="teal_slices" name="_.teal_slices_accepts_various_types_of_indices"/>
    <testcase time="0.00100000000000122" classname="teal_slices" name="_.teal_slices_accepts_various_types_of_indices"/>
    <testcase time="0.00199999999999889" classname="teal_slices" name="_.teal_slices_accepts_various_types_of_indices"/>
    <testcase time="0.00100000000000122" classname="teal_slices" name="_.teal_slices_accepts_various_types_of_indices"/>
    <testcase time="0.00199999999999889" classname="teal_slices" name="_.teal_slices_accepts_various_types_of_indices"/>
    <testcase time="0.00700000000000145" classname="teal_slices" name="_.teal_slices_accepts_various_types_of_indices"/>
    <testcase time="0.00600000000000023" classname="teal_slices" name="_.teal_slices_accepts_various_types_of_indices"/>
    <testcase time="0.00600000000000023" classname="teal_slices" name="_.teal_slices_accepts_various_types_of_indices"/>
    <testcase time="0.00600000000000023" classname="teal_slices" name="_.teal_slices_accepts_various_types_of_indices"/>
    <testcase time="0.00599999999999667" classname="teal_slices" name="_.teal_slices_accepts_various_types_of_indices"/>
    <testcase time="0.00600000000000023" classname="teal_slices" name="_.teal_slices_accepts_various_types_of_indices"/>
    <testcase time="0.00200000000000244" classname="teal_slices" name="_.teal_slices_accepts_various_types_of_indices"/>
    <testcase time="0.000999999999997669" classname="teal_slices" name="_.teal_slices_accepts_various_types_of_indices"/>
    <testcase time="0.00600000000000023" classname="teal_slices" name="_.teal_slices_accepts_various_types_of_indices"/>
    <testcase time="0.0110000000000028" classname="teal_slices" name="_.teal_slices_subsets_properly"/>
    <testcase time="0.000999999999997669" classname="teal_slices" name="_.teal_slices_subsets_properly"/>
    <testcase time="0.00100000000000122" classname="teal_slices" name="_.teal_slices_subsets_properly"/>
    <testcase time="0.00199999999999889" classname="teal_slices" name="_.teal_slices_subsets_properly"/>
    <testcase time="0.00100000000000122" classname="teal_slices" name="_.teal_slices_subsets_properly"/>
    <testcase time="0.000999999999997669" classname="teal_slices" name="_.teal_slices_subsets_properly"/>
    <testcase time="0.00200000000000244" classname="teal_slices" name="_.teal_slices_subsets_properly"/>
    <testcase time="0.000999999999997669" classname="teal_slices" name="_.teal_slices_subsets_properly"/>
    <testcase time="0.00100000000000122" classname="teal_slices" name="_.teal_slices_subsets_properly"/>
    <testcase time="0.00100000000000122" classname="teal_slices" name="_.teal_slices_subsets_properly"/>
    <testcase time="0.0129999999999981" classname="teal_slices" name="_.teal_slices_doesn_t_subset_the_exclude_varnames_attribute_according_to_available_teal_slice"/>
    <testcase time="0.00200000000000244" classname="teal_slices" name="_.teal_slices_doesn_t_subset_the_exclude_varnames_attribute_according_to_available_teal_slice"/>
    <testcase time="0.000999999999997669" classname="teal_slices" name="_.teal_slices_doesn_t_subset_the_exclude_varnames_attribute_according_to_available_teal_slice"/>
    <testcase time="0.00100000000000122" classname="teal_slices" name="_.teal_slices_doesn_t_subset_the_exclude_varnames_attribute_according_to_available_teal_slice"/>
    <testcase time="0.00199999999999889" classname="teal_slices" name="_.teal_slices_doesn_t_subset_the_exclude_varnames_attribute_according_to_available_teal_slice"/>
    <testcase time="0.00100000000000122" classname="teal_slices" name="_.teal_slices_doesn_t_subset_the_exclude_varnames_attribute_according_to_available_teal_slice"/>
    <testcase time="0.00100000000000122" classname="teal_slices" name="_.teal_slices_doesn_t_subset_the_exclude_varnames_attribute_according_to_available_teal_slice"/>
    <testcase time="0.0139999999999993" classname="teal_slices" name="_.teal_slices_doesn_t_subset_the_include_varnames_attribute_according_to_available_teal_slice"/>
    <testcase time="0.000999999999997669" classname="teal_slices" name="_.teal_slices_doesn_t_subset_the_include_varnames_attribute_according_to_available_teal_slice"/>
    <testcase time="0.00200000000000244" classname="teal_slices" name="_.teal_slices_doesn_t_subset_the_include_varnames_attribute_according_to_available_teal_slice"/>
    <testcase time="0.000999999999997669" classname="teal_slices" name="_.teal_slices_doesn_t_subset_the_include_varnames_attribute_according_to_available_teal_slice"/>
    <testcase time="0.00100000000000122" classname="teal_slices" name="_.teal_slices_doesn_t_subset_the_include_varnames_attribute_according_to_available_teal_slice"/>
    <testcase time="0.00199999999999889" classname="teal_slices" name="_.teal_slices_doesn_t_subset_the_include_varnames_attribute_according_to_available_teal_slice"/>
    <testcase time="0.00100000000000122" classname="teal_slices" name="_.teal_slices_doesn_t_subset_the_include_varnames_attribute_according_to_available_teal_slice"/>
    <testcase time="0.00900000000000034" classname="teal_slices" name="_.teal_slices_preserves_count_type"/>
    <testcase time="0.00999999999999801" classname="teal_slices" name="teal_slices_throws_when_include_varnames_and_exclude_varnames_specified_for_the_same_dataset"/>
    <testcase time="0.0150000000000006" classname="teal_slices" name="c.teal_slices_concatenates_teal_slices_objects"/>
    <testcase time="0.00600000000000023" classname="teal_slices" name="c.teal_slices_concatenates_teal_slices_objects"/>
    <testcase time="0.00300000000000011" classname="teal_slices" name="c.teal_slices_concatenates_teal_slices_objects"/>
    <testcase time="0.00199999999999889" classname="teal_slices" name="c.teal_slices_concatenates_teal_slices_objects"/>
    <testcase time="0.0160000000000018" classname="teal_slices" name="c.teal_slices_handles_attributes"/>
    <testcase time="0.00300000000000011" classname="teal_slices" name="c.teal_slices_handles_attributes"/>
    <testcase time="0.00100000000000122" classname="teal_slices" name="c.teal_slices_handles_attributes"/>
    <testcase time="0.0159999999999982" classname="teal_slices" name="format.teal_slices_returns_a_character_string"/>
    <testcase time="0.0199999999999996" classname="teal_slices" name="format.teal_slices_contains_literal_formatted_representations_of_all_included_teal_slice_s"/>
    <testcase time="0.00400000000000134" classname="teal_slices" name="format.teal_slices_contains_literal_formatted_representations_of_all_included_teal_slice_s"/>
    <testcase time="0.0150000000000006" classname="teal_slices" name="format.teal_slices_prints_include_varnames_attribute_if_not_empty"/>
    <testcase time="0.00900000000000034" classname="teal_slices" name="format.teal_slices_prints_include_varnames_attribute_if_not_empty"/>
    <testcase time="0.0159999999999982" classname="teal_slices" name="format.teal_slices_prints_exclude_varnames_attribute_if_not_empty"/>
    <testcase time="0.00799999999999912" classname="teal_slices" name="format.teal_slices_prints_exclude_varnames_attribute_if_not_empty"/>
    <testcase time="0.0150000000000006" classname="teal_slices" name="format.teal_slices_prints_count_type_attribute_if_not_empty"/>
  </testsuite>
  <testsuite name="utils" timestamp="2023-07-26T10:38:58Z" hostname="a447d887b147" tests="37" skipped="0" failures="0" errors="0" time="0.167">
    <testcase time="0.00900000000000034" classname="utils" name="check_ellipsis_with_no_unused"/>
    <testcase time="0.00900000000000034" classname="utils" name="check_ellipsis_with_extra_unamed_arguments"/>
    <testcase time="0.00199999999999889" classname="utils" name="check_ellipsis_with_extra_unamed_arguments"/>
    <testcase time="0.00799999999999912" classname="utils" name="check_ellipsis_with_extra_named_arguments"/>
    <testcase time="0.00200000000000244" classname="utils" name="check_ellipsis_with_extra_named_arguments"/>
    <testcase time="0.00899999999999679" classname="utils" name="check_ellipsis_with_extra_named_and_unamed_arguments"/>
    <testcase time="0.00100000000000122" classname="utils" name="check_ellipsis_with_extra_named_and_unamed_arguments"/>
    <testcase time="0.00900000000000034" classname="utils" name="check_ellipsis_with_extra_named_and_unamed_arguments_in_wrong_order"/>
    <testcase time="0.00199999999999889" classname="utils" name="check_ellipsis_with_extra_named_and_unamed_arguments_in_wrong_order"/>
    <testcase time="0.00500000000000256" classname="utils" name="check_ellipsis_with_allowed_args"/>
    <testcase time="0.00499999999999901" classname="utils" name="check_ellipsis_with_allowed_args"/>
    <testcase time="0.00499999999999901" classname="utils" name="check_ellipsis_with_allowed_args"/>
    <testcase time="0.00600000000000023" classname="utils" name="check_ellipsis_with_allowed_args"/>
    <testcase time="0.00199999999999889" classname="utils" name="check_ellipsis_with_allowed_args"/>
    <testcase time="0.00500000000000256" classname="utils" name="check_ellipsis_with_allowed_args"/>
    <testcase time="0.00199999999999889" classname="utils" name="check_ellipsis_with_allowed_args"/>
    <testcase time="0.00199999999999889" classname="utils" name="check_ellipsis_with_allowed_args"/>
    <testcase time="0.00200000000000244" classname="utils" name="check_ellipsis_with_allowed_args"/>
    <testcase time="0.00499999999999901" classname="utils" name="check_simple_name_behaves_as_expected"/>
    <testcase time="0.00199999999999889" classname="utils" name="check_simple_name_behaves_as_expected"/>
    <testcase time="0.00100000000000122" classname="utils" name="check_simple_name_behaves_as_expected"/>
    <testcase time="0.00199999999999889" classname="utils" name="check_simple_name_behaves_as_expected"/>
    <testcase time="0.00199999999999889" classname="utils" name="check_simple_name_behaves_as_expected"/>
    <testcase time="0.00200000000000244" classname="utils" name="check_simple_name_behaves_as_expected"/>
    <testcase time="0.000999999999997669" classname="utils" name="check_simple_name_behaves_as_expected"/>
    <testcase time="0.00200000000000244" classname="utils" name="check_simple_name_behaves_as_expected"/>
    <testcase time="0.00199999999999889" classname="utils" name="check_simple_name_behaves_as_expected"/>
    <testcase time="0.00199999999999889" classname="utils" name="check_simple_name_behaves_as_expected"/>
    <testcase time="0.00500000000000256" classname="utils" name="check_simple_name_behaves_as_expected"/>
    <testcase time="0.00600000000000023" classname="utils" name="check_simple_name_behaves_as_expected"/>
    <testcase time="0.00499999999999901" classname="utils" name="check_simple_name_behaves_as_expected"/>
    <testcase time="0.00600000000000023" classname="utils" name="check_simple_name_behaves_as_expected"/>
    <testcase time="0.00499999999999901" classname="utils" name="check_simple_name_behaves_as_expected"/>
    <testcase time="0.00700000000000145" classname="utils" name="get_teal_bs_theme"/>
    <testcase time="0.0209999999999972" classname="utils" name="get_teal_bs_theme"/>
    <testcase time="0.00400000000000134" classname="utils" name="make_c_call"/>
    <testcase time="0.00199999999999889" classname="utils" name="make_c_call"/>
  </testsuite>
</testsuites>
