<?xml version="1.0" encoding="UTF-8"?>
<testsuites>
  <testsuite name="CDISCFilteredData" timestamp="2023-02-09T12:11:29Z" hostname="b8c71dc165c1" tests="15" skipped="0" failures="1" errors="5" time="0.807">
    <testcase time="0.139" classname="CDISCFilteredData" name="load_and_set_datasets"/>
    <testcase time="0.225" classname="CDISCFilteredData" name="load_and_set_datasets"/>
    <testcase time="0.01" classname="CDISCFilteredData" name="load_and_set_datasets"/>
    <testcase time="0.002" classname="CDISCFilteredData" name="load_and_set_datasets"/>
    <testcase time="0.0389999999999999" classname="CDISCFilteredData" name="set_filter_state">
      <error type="error" message="Error in `super$initialize(x, x_reactive, varname, varlabel, dataname,  ('test-CDISCFilteredData.R:30')">Error in `super$initialize(x, x_reactive, varname, varlabel, dataname, 
    extract_type)`: argument "x_reactive" is missing, with no default
Backtrace:
 1. ChoicesFilterState$new(adsl$sex, varname = "sex")
      at test-CDISCFilteredData.R:30:2
 2. teal.slice (local) initialize(...)
 3. super$initialize(...)</error>
    </testcase>
    <testcase time="0.0900000000000001" classname="CDISCFilteredData" name="get_call_for_child_dataset_includes_filter_call_for_parent_dataset"/>
    <testcase time="0.026" classname="CDISCFilteredData" name="get_parentname_returns_the_parent_name_of_the_datasets"/>
    <testcase time="0.002" classname="CDISCFilteredData" name="get_parentname_returns_the_parent_name_of_the_datasets"/>
    <testcase time="0.0249999999999999" classname="CDISCFilteredData" name="get_varlabels_returns_the_column_labels_of_the_passed_dataset"/>
    <testcase time="0.002" classname="CDISCFilteredData" name="get_varlabels_returns_the_column_labels_of_the_passed_dataset"/>
    <testcase time="0.0289999999999999" classname="CDISCFilteredData" name="get_filterable_varnames_does_not_return_child_duplicates">
      <error type="error" message="Error in `eval_bare(expr, quo_get_env(quo))`: attempt to apply non-function ('test-CDISCFilteredData.R:108')">Error in `eval_bare(expr, quo_get_env(quo))`: attempt to apply non-function
Backtrace:
 1. testthat::expect_identical(...)
      at test-CDISCFilteredData.R:108:2
 2. testthat::quasi_label(enquo(object), label, arg = "object")
 3. rlang::eval_bare(expr, quo_get_env(quo))</error>
    </testcase>
    <testcase time="0.0790000000000002" classname="CDISCFilteredData" name="get_filterable_varnames_does_not_return_child_non_filterable_variables">
      <error type="error" message="Error in `eval_bare(expr, quo_get_env(quo))`: attempt to apply non-function ('test-CDISCFilteredData.R:130')">Error in `eval_bare(expr, quo_get_env(quo))`: attempt to apply non-function
Backtrace:
 1. testthat::expect_identical(...)
      at test-CDISCFilteredData.R:130:2
 2. testthat::quasi_label(enquo(object), label, arg = "object")
 3. rlang::eval_bare(expr, quo_get_env(quo))</error>
    </testcase>
    <testcase time="0.0429999999999997" classname="CDISCFilteredData" name="get_filterable_varnames_return_all_filterable_variables_from_parent_dataset">
      <error type="error" message="Error in `eval_bare(expr, quo_get_env(quo))`: attempt to apply non-function ('test-CDISCFilteredData.R:149')">Error in `eval_bare(expr, quo_get_env(quo))`: attempt to apply non-function
Backtrace:
 1. testthat::expect_identical(...)
      at test-CDISCFilteredData.R:149:2
 2. testthat::quasi_label(enquo(object), label, arg = "object")
 3. rlang::eval_bare(expr, quo_get_env(quo))</error>
    </testcase>
    <testcase time="0.0460000000000003" classname="CDISCFilteredData" name="get_filterable_varnames_does_not_return_duplicates_from_parent_even_if_they_are_not_filterable">
      <error type="error" message="Error in `eval_bare(expr, quo_get_env(quo))`: attempt to apply non-function ('test-CDISCFilteredData.R:177')">Error in `eval_bare(expr, quo_get_env(quo))`: attempt to apply non-function
Backtrace:
 1. testthat::expect_identical(...)
      at test-CDISCFilteredData.R:177:2
 2. testthat::quasi_label(enquo(object), label, arg = "object")
 3. rlang::eval_bare(expr, quo_get_env(quo))</error>
    </testcase>
    <testcase time="0.0499999999999998" classname="CDISCFilteredData" name="set_filter_state_returns_warning_when_setting_a_filter_on_a_column_which_belongs_to_parent_dataset">
      <failure type="failure" message="`shiny::isolate(fd$set_filter_state(list(ADTTE = list(USUBJID = &quot;1&quot;))))` did not produce any warnings. ('test-CDISCFilteredData.R:200')">`shiny::isolate(fd$set_filter_state(list(ADTTE = list(USUBJID = "1"))))` did not produce any warnings.</failure>
    </testcase>
  </testsuite>
  <testsuite name="ChoicesFilterState" timestamp="2023-02-09T12:11:30Z" hostname="b8c71dc165c1" tests="14" skipped="0" failures="2" errors="10" time="0.303">
    <testcase time="0.0470000000000002" classname="ChoicesFilterState" name="The_constructor_accepts_character_or_factor">
      <failure type="failure" message="Expected `ChoicesFilterState$new(&quot;test&quot;, varname = &quot;test&quot;)` to run without any errors. ('test-ChoicesFilterState.R:2')">Expected `ChoicesFilterState$new("test", varname = "test")` to run without any errors.
ℹ Actually got a &lt;simpleError&gt;:
  Error in `super$initialize()`:
  ! argument "x_reactive" is missing, with no default</failure>
    </testcase>
    <testcase time="0.0089999999999999" classname="ChoicesFilterState" name="The_constructor_accepts_character_or_factor"/>
    <testcase time="0.0139999999999998" classname="ChoicesFilterState" name="The_constructor_accepts_character_or_factor">
      <failure type="failure" message="Expected `ChoicesFilterState$new(as.factor(&quot;test&quot;), varname = &quot;test&quot;)` to run without any errors. ('test-ChoicesFilterState.R:3')">Expected `ChoicesFilterState$new(as.factor("test"), varname = "test")` to run without any errors.
ℹ Actually got a &lt;simpleError&gt;:
  Error in `super$initialize()`:
  ! argument "x_reactive" is missing, with no default</failure>
    </testcase>
    <testcase time="0.00900000000000034" classname="ChoicesFilterState" name="The_constructor_accepts_character_or_factor"/>
    <testcase time="0.0089999999999999" classname="ChoicesFilterState" name="get_call_returns_a_condition_true_for_values_passed_in_constructor">
      <error type="error" message="Error in `super$initialize(x, x_reactive, varname, varlabel, dataname,  ('test-ChoicesFilterState.R:7')">Error in `super$initialize(x, x_reactive, varname, varlabel, dataname, 
    extract_type)`: argument "x_reactive" is missing, with no default
Backtrace:
 1. ChoicesFilterState$new("test", varname = "test")
      at test-ChoicesFilterState.R:7:2
 2. teal.slice (local) initialize(...)
 3. super$initialize(...)</error>
    </testcase>
    <testcase time="0.0230000000000001" classname="ChoicesFilterState" name="get_call_returns_a_condition_true_for_the_values_passed_to_set_selected">
      <error type="error" message="Error in `super$initialize(x, x_reactive, varname, varlabel, dataname,  ('test-ChoicesFilterState.R:17')">Error in `super$initialize(x, x_reactive, varname, varlabel, dataname, 
    extract_type)`: argument "x_reactive" is missing, with no default
Backtrace:
 1. ChoicesFilterState$new(c(letters[1:7]), varname = "test")
      at test-ChoicesFilterState.R:17:2
 2. teal.slice (local) initialize(...)
 3. super$initialize(...)</error>
    </testcase>
    <testcase time="0.0229999999999997" classname="ChoicesFilterState" name="get_call_returns_a_condition_returning_NA_for_NA_values">
      <error type="error" message="Error in `super$initialize(x, x_reactive, varname, varlabel, dataname,  ('test-ChoicesFilterState.R:24')">Error in `super$initialize(x, x_reactive, varname, varlabel, dataname, 
    extract_type)`: argument "x_reactive" is missing, with no default
Backtrace:
 1. ChoicesFilterState$new("test", varname = "test")
      at test-ChoicesFilterState.R:24:2
 2. teal.slice (local) initialize(...)
 3. super$initialize(...)</error>
    </testcase>
    <testcase time="0.0230000000000001" classname="ChoicesFilterState" name="get_call_returns_a_condition_true_for_NA_values">
      <error type="error" message="Error in `super$initialize(x, x_reactive, varname, varlabel, dataname,  ('test-ChoicesFilterState.R:30')">Error in `super$initialize(x, x_reactive, varname, varlabel, dataname, 
    extract_type)`: argument "x_reactive" is missing, with no default
Backtrace:
 1. ChoicesFilterState$new("test", varname = "test")
      at test-ChoicesFilterState.R:30:2
 2. teal.slice (local) initialize(...)
 3. super$initialize(...)</error>
    </testcase>
    <testcase time="0.0230000000000001" classname="ChoicesFilterState" name="set_selected_warns_when_selection_not_within_allowed_choices">
      <error type="error" message="Error in `super$initialize(x, x_reactive, varname, varlabel, dataname,  ('test-ChoicesFilterState.R:37')">Error in `super$initialize(x, x_reactive, varname, varlabel, dataname, 
    extract_type)`: argument "x_reactive" is missing, with no default
Backtrace:
 1. ChoicesFilterState$new("test", varname = "test")
      at test-ChoicesFilterState.R:37:2
 2. teal.slice (local) initialize(...)
 3. super$initialize(...)</error>
    </testcase>
    <testcase time="0.0219999999999998" classname="ChoicesFilterState" name="set_selected_sets_the_intersection_of_choices_and_the_passed_values">
      <error type="error" message="Error in `super$initialize(x, x_reactive, varname, varlabel, dataname,  ('test-ChoicesFilterState.R:42')">Error in `super$initialize(x, x_reactive, varname, varlabel, dataname, 
    extract_type)`: argument "x_reactive" is missing, with no default
Backtrace:
 1. ChoicesFilterState$new(c("test1", "test2"), varname = "test")
      at test-ChoicesFilterState.R:42:2
 2. teal.slice (local) initialize(...)
 3. super$initialize(...)</error>
    </testcase>
    <testcase time="0.0230000000000001" classname="ChoicesFilterState" name="set_state_needs_a_named_list_with_selected_and_keep_na_elements">
      <error type="error" message="Error in `super$initialize(x, x_reactive, varname, varlabel, dataname,  ('test-ChoicesFilterState.R:48')">Error in `super$initialize(x, x_reactive, varname, varlabel, dataname, 
    extract_type)`: argument "x_reactive" is missing, with no default
Backtrace:
 1. ChoicesFilterState$new(x = c("a", "b", NA_character_), varname = "test")
      at test-ChoicesFilterState.R:48:2
 2. teal.slice (local) initialize(...)
 3. super$initialize(...)</error>
    </testcase>
    <testcase time="0.0299999999999998" classname="ChoicesFilterState" name="set_state_sets_values_of_selected_and_keep_na_as_provided_in_the_list">
      <error type="error" message="Error in `super$initialize(x, x_reactive, varname, varlabel, dataname,  ('test-ChoicesFilterState.R:54')">Error in `super$initialize(x, x_reactive, varname, varlabel, dataname, 
    extract_type)`: argument "x_reactive" is missing, with no default
Backtrace:
 1. ChoicesFilterState$new(x = c("a", "b", NA_character_), varname = "test")
      at test-ChoicesFilterState.R:54:2
 2. teal.slice (local) initialize(...)
 3. super$initialize(...)</error>
    </testcase>
    <testcase time="0.0230000000000001" classname="ChoicesFilterState" name="set_state_overwrites_fields_included_in_the_input_only">
      <error type="error" message="Error in `super$initialize(x, x_reactive, varname, varlabel, dataname,  ('test-ChoicesFilterState.R:61')">Error in `super$initialize(x, x_reactive, varname, varlabel, dataname, 
    extract_type)`: argument "x_reactive" is missing, with no default
Backtrace:
 1. ChoicesFilterState$new(x = c("a", "b", NA_character_), varname = "test")
      at test-ChoicesFilterState.R:61:2
 2. teal.slice (local) initialize(...)
 3. super$initialize(...)</error>
    </testcase>
    <testcase time="0.0249999999999999" classname="ChoicesFilterState" name="ChoicesFilterState_is_any_filtered_works_properly_when_NA_is_present_in_data">
      <error type="error" message="Error in `super$initialize(x, x_reactive, varname, varlabel, dataname,  ('test-ChoicesFilterState.R:71')">Error in `super$initialize(x, x_reactive, varname, varlabel, dataname, 
    extract_type)`: argument "x_reactive" is missing, with no default
Backtrace:
 1. teal.slice:::ChoicesFilterState$new(...)
      at test-ChoicesFilterState.R:71:4
 2. teal.slice (local) initialize(...)
 3. super$initialize(...)</error>
    </testcase>
  </testsuite>
  <testsuite name="DFFilterStates" timestamp="2023-02-09T12:11:31Z" hostname="b8c71dc165c1" tests="16" skipped="0" failures="1" errors="14" time="0.356">
    <testcase time="0.048" classname="DFFilterStates" name="The_contructor_accepts_a_string_as_varlabels_and_keys">
      <failure type="failure" message="Expected `DFFilterStates$new(...)` to run without any errors. ('test-DFFilterStates.R:2')">Expected `DFFilterStates$new(...)` to run without any errors.
ℹ Actually got a &lt;simpleError&gt;:
  Error in `super$initialize()`:
  ! argument "data" is missing, with no default</failure>
    </testcase>
    <testcase time="0.0089999999999999" classname="DFFilterStates" name="The_contructor_accepts_a_string_as_varlabels_and_keys"/>
    <testcase time="0.00700000000000012" classname="DFFilterStates" name="get_fun_returns_dplyr_filter">
      <error type="error" message="Error in `super$initialize(data, data_reactive, dataname, datalabel)`: argument &quot;data&quot; is missing, with no default ('test-DFFilterStates.R:11')">Error in `super$initialize(data, data_reactive, dataname, datalabel)`: argument "data" is missing, with no default
Backtrace:
 1. DFFilterStates$new(...)
      at test-DFFilterStates.R:11:2
 2. teal.slice (local) initialize(...)
 3. super$initialize(data, data_reactive, dataname, datalabel)</error>
    </testcase>
    <testcase time="0.0220000000000002" classname="DFFilterStates" name="DFFilterStates_set_filter_state_sets_filters_in_FilterState_s_specified_by_the_named_list">
      <error type="error" message="Error in `super$initialize(data, data_reactive, dataname, datalabel)`: argument &quot;data&quot; is missing, with no default ('test-DFFilterStates.R:23')">Error in `super$initialize(data, data_reactive, dataname, datalabel)`: argument "data" is missing, with no default
Backtrace:
 1. DFFilterStates$new(...)
      at test-DFFilterStates.R:23:4
 2. teal.slice (local) initialize(...)
 3. super$initialize(data, data_reactive, dataname, datalabel)</error>
    </testcase>
    <testcase time="0.0219999999999998" classname="DFFilterStates" name="DFFilterStates_set_filter_state_sets_filters_as_a_named_unnamed_selected_list">
      <error type="error" message="Error in `super$initialize(data, data_reactive, dataname, datalabel)`: argument &quot;data&quot; is missing, with no default ('test-DFFilterStates.R:48')">Error in `super$initialize(data, data_reactive, dataname, datalabel)`: argument "data" is missing, with no default
Backtrace:
 1. DFFilterStates$new(...)
      at test-DFFilterStates.R:48:2
 2. teal.slice (local) initialize(...)
 3. super$initialize(data, data_reactive, dataname, datalabel)</error>
    </testcase>
    <testcase time="0.0209999999999999" classname="DFFilterStates" name="DFFilterStates_set_filter_state_updates_filter_state_which_was_set_already">
      <error type="error" message="Error in `super$initialize(data, data_reactive, dataname, datalabel)`: argument &quot;data&quot; is missing, with no default ('test-DFFilterStates.R:72')">Error in `super$initialize(data, data_reactive, dataname, datalabel)`: argument "data" is missing, with no default
Backtrace:
 1. DFFilterStates$new(...)
      at test-DFFilterStates.R:72:2
 2. teal.slice (local) initialize(...)
 3. super$initialize(data, data_reactive, dataname, datalabel)</error>
    </testcase>
    <testcase time="0.0270000000000001" classname="DFFilterStates" name="DFFilterStates_set_filter_state_throws_error_when_using_an_unnamed_list">
      <error type="error" message="Error in `super$initialize(data, data_reactive, dataname, datalabel)`: argument &quot;data&quot; is missing, with no default ('test-DFFilterStates.R:99')">Error in `super$initialize(data, data_reactive, dataname, datalabel)`: argument "data" is missing, with no default
Backtrace:
 1. DFFilterStates$new(...)
      at test-DFFilterStates.R:99:4
 2. teal.slice (local) initialize(...)
 3. super$initialize(data, data_reactive, dataname, datalabel)</error>
    </testcase>
    <testcase time="0.0219999999999998" classname="DFFilterStates" name="DFFilterStates_get_filter_state_returns_list_identical_to_input">
      <error type="error" message="Error in `super$initialize(data, data_reactive, dataname, datalabel)`: argument &quot;data&quot; is missing, with no default ('test-DFFilterStates.R:116')">Error in `super$initialize(data, data_reactive, dataname, datalabel)`: argument "data" is missing, with no default
Backtrace:
 1. DFFilterStates$new(...)
      at test-DFFilterStates.R:116:4
 2. teal.slice (local) initialize(...)
 3. super$initialize(data, data_reactive, dataname, datalabel)</error>
    </testcase>
    <testcase time="0.0210000000000004" classname="DFFilterStates" name="Selecting_a_new_variable_initializes_a_new_filter_state">
      <error type="error" message="Error in `super$initialize(data, data_reactive, dataname, datalabel)`: argument &quot;data&quot; is missing, with no default ('test-DFFilterStates.R:132')">Error in `super$initialize(data, data_reactive, dataname, datalabel)`: argument "data" is missing, with no default
Backtrace:
 1. DFFilterStates$new(...)
      at test-DFFilterStates.R:132:2
 2. teal.slice (local) initialize(...)
 3. super$initialize(data, data_reactive, dataname, datalabel)</error>
    </testcase>
    <testcase time="0.0219999999999998" classname="DFFilterStates" name="Adding_var_to_add_adds_another_filter_state">
      <error type="error" message="Error in `super$initialize(data, data_reactive, dataname, datalabel)`: argument &quot;data&quot; is missing, with no default ('test-DFFilterStates.R:164')">Error in `super$initialize(data, data_reactive, dataname, datalabel)`: argument "data" is missing, with no default
Backtrace:
 1. DFFilterStates$new(...)
      at test-DFFilterStates.R:164:2
 2. teal.slice (local) initialize(...)
 3. super$initialize(data, data_reactive, dataname, datalabel)</error>
    </testcase>
    <testcase time="0.0219999999999998" classname="DFFilterStates" name="DFFilterStates_remove_filter_state_removes_specified_filter_in_FilterState_s_">
      <error type="error" message="Error in `super$initialize(data, data_reactive, dataname, datalabel)`: argument &quot;data&quot; is missing, with no default ('test-DFFilterStates.R:201')">Error in `super$initialize(data, data_reactive, dataname, datalabel)`: argument "data" is missing, with no default
Backtrace:
 1. DFFilterStates$new(...)
      at test-DFFilterStates.R:201:4
 2. teal.slice (local) initialize(...)
 3. super$initialize(data, data_reactive, dataname, datalabel)</error>
    </testcase>
    <testcase time="0.0210000000000004" classname="DFFilterStates" name="DFFilterStates_remove_filter_state_throws_warning_when_name_is_not_in_FilterStates">
      <error type="error" message="Error in `super$initialize(data, data_reactive, dataname, datalabel)`: argument &quot;data&quot; is missing, with no default ('test-DFFilterStates.R:226')">Error in `super$initialize(data, data_reactive, dataname, datalabel)`: argument "data" is missing, with no default
Backtrace:
 1. DFFilterStates$new(...)
      at test-DFFilterStates.R:226:4
 2. teal.slice (local) initialize(...)
 3. super$initialize(data, data_reactive, dataname, datalabel)</error>
    </testcase>
    <testcase time="0.0219999999999998" classname="DFFilterStates" name="DFFilterStates_ui_add_filter_state_returns_a_message_inside_a_div_when_data_has_no_columns_or_no_rows">
      <error type="error" message="Error in `super$initialize(data, data_reactive, dataname, datalabel)`: argument &quot;data&quot; is missing, with no default ('test-DFFilterStates.R:245')">Error in `super$initialize(data, data_reactive, dataname, datalabel)`: argument "data" is missing, with no default
Backtrace:
 1. DFFilterStates$new(...)
      at test-DFFilterStates.R:245:4
 2. teal.slice (local) initialize(...)
 3. super$initialize(data, data_reactive, dataname, datalabel)</error>
    </testcase>
    <testcase time="0.0220000000000002" classname="DFFilterStates" name="_format_is_a_method_of_DFFilterStates">
      <error type="error" message="Error in `super$initialize(data, data_reactive, dataname, datalabel)`: argument &quot;data&quot; is missing, with no default ('test-DFFilterStates.R:264')">Error in `super$initialize(data, data_reactive, dataname, datalabel)`: argument "data" is missing, with no default
Backtrace:
 1. DFFilterStates$new(...)
      at test-DFFilterStates.R:264:2
 2. teal.slice (local) initialize(...)
 3. super$initialize(data, data_reactive, dataname, datalabel)</error>
    </testcase>
    <testcase time="0.0269999999999997" classname="DFFilterStates" name="_format_asserts_the_indent_argument_is_a_number">
      <error type="error" message="Error in `super$initialize(data, data_reactive, dataname, datalabel)`: argument &quot;data&quot; is missing, with no default ('test-DFFilterStates.R:276')">Error in `super$initialize(data, data_reactive, dataname, datalabel)`: argument "data" is missing, with no default
Backtrace:
 1. DFFilterStates$new(...)
      at test-DFFilterStates.R:276:2
 2. teal.slice (local) initialize(...)
 3. super$initialize(data, data_reactive, dataname, datalabel)</error>
    </testcase>
    <testcase time="0.0210000000000004" classname="DFFilterStates" name="_format_concatenates_its_FilterState_elements_using_n_without_additional_indent">
      <error type="error" message="Error in `super$initialize(data, data_reactive, dataname, datalabel)`: argument &quot;data&quot; is missing, with no default ('test-DFFilterStates.R:289')">Error in `super$initialize(data, data_reactive, dataname, datalabel)`: argument "data" is missing, with no default
Backtrace:
 1. DFFilterStates$new(...)
      at test-DFFilterStates.R:289:2
 2. teal.slice (local) initialize(...)
 3. super$initialize(data, data_reactive, dataname, datalabel)</error>
    </testcase>
  </testsuite>
  <testsuite name="DateFilterState" timestamp="2023-02-09T12:11:31Z" hostname="b8c71dc165c1" tests="19" skipped="0" failures="1" errors="17" time="0.473">
    <testcase time="0.0379999999999998" classname="DateFilterState" name="The_constructor_accepts_a_Date_object">
      <failure type="failure" message="Expected `DateFilterState$new(as.Date(&quot;2013-07-13&quot;), varname = &quot;test&quot;)` to run without any errors. ('test-DateFilterState.R:2')">Expected `DateFilterState$new(as.Date("2013-07-13"), varname = "test")` to run without any errors.
ℹ Actually got a &lt;simpleError&gt;:
  Error in `super$initialize()`:
  ! argument "x_reactive" is missing, with no default</failure>
    </testcase>
    <testcase time="0.0089999999999999" classname="DateFilterState" name="The_constructor_accepts_a_Date_object"/>
    <testcase time="0.00800000000000001" classname="DateFilterState" name="get_call_returns_a_condition_true_for_the_object_passed_in_the_constructor">
      <error type="error" message="Error in `super$initialize(x, x_reactive, varname, varlabel, dataname,  ('test-DateFilterState.R:7')">Error in `super$initialize(x, x_reactive, varname, varlabel, dataname, 
    extract_type)`: argument "x_reactive" is missing, with no default
Backtrace:
 1. DateFilterState$new(test_date, varname = "test_date")
      at test-DateFilterState.R:7:2
 2. teal.slice (local) initialize(...)
 3. super$initialize(...)</error>
    </testcase>
    <testcase time="0.0230000000000001" classname="DateFilterState" name="set_selected_accepts_an_array_of_two_Date_objects">
      <error type="error" message="Error in `super$initialize(x, x_reactive, varname, varlabel, dataname,  ('test-DateFilterState.R:13')">Error in `super$initialize(x, x_reactive, varname, varlabel, dataname, 
    extract_type)`: argument "x_reactive" is missing, with no default
Backtrace:
 1. DateFilterState$new(test_date, varname = "test_date")
      at test-DateFilterState.R:13:2
 2. teal.slice (local) initialize(...)
 3. super$initialize(...)</error>
    </testcase>
    <testcase time="0.0220000000000002" classname="DateFilterState" name="set_selected_warns_when_selection_is_not_within_the_possible_range">
      <error type="error" message="Error in `super$initialize(x, x_reactive, varname, varlabel, dataname,  ('test-DateFilterState.R:19')">Error in `super$initialize(x, x_reactive, varname, varlabel, dataname, 
    extract_type)`: argument "x_reactive" is missing, with no default
Backtrace:
 1. DateFilterState$new(test_date, varname = "test_date")
      at test-DateFilterState.R:19:2
 2. teal.slice (local) initialize(...)
 3. super$initialize(...)</error>
    </testcase>
    <testcase time="0.0229999999999997" classname="DateFilterState" name="set_selected_limits_the_selected_range_to_the_lower_and_the_upper_bound_of_the_possible_range">
      <error type="error" message="Error in `super$initialize(x, x_reactive, varname, varlabel, dataname,  ('test-DateFilterState.R:36')">Error in `super$initialize(x, x_reactive, varname, varlabel, dataname, 
    extract_type)`: argument "x_reactive" is missing, with no default
Backtrace:
 1. DateFilterState$new(test_date, varname = "test_date")
      at test-DateFilterState.R:36:2
 2. teal.slice (local) initialize(...)
 3. super$initialize(...)</error>
    </testcase>
    <testcase time="0.0220000000000002" classname="DateFilterState" name="set_selected_throws_when_selection_is_completely_outside_of_the_possible_range">
      <error type="error" message="Error in `super$initialize(x, x_reactive, varname, varlabel, dataname,  ('test-DateFilterState.R:49')">Error in `super$initialize(x, x_reactive, varname, varlabel, dataname, 
    extract_type)`: argument "x_reactive" is missing, with no default
Backtrace:
 1. DateFilterState$new(test_date, varname = "test_date")
      at test-DateFilterState.R:49:2
 2. teal.slice (local) initialize(...)
 3. super$initialize(...)</error>
    </testcase>
    <testcase time="0.0489999999999999" classname="DateFilterState" name="set_selected_throws_when_selection_is_not_Date">
      <error type="error" message="Error in `super$initialize(x, x_reactive, varname, varlabel, dataname,  ('test-DateFilterState.R:58')">Error in `super$initialize(x, x_reactive, varname, varlabel, dataname, 
    extract_type)`: argument "x_reactive" is missing, with no default
Backtrace:
 1. DateFilterState$new(test_date, varname = "test_date")
      at test-DateFilterState.R:58:2
 2. teal.slice (local) initialize(...)
 3. super$initialize(...)</error>
    </testcase>
    <testcase time="0.0249999999999999" classname="DateFilterState" name="get_call_returns_a_condition_true_for_the_objects_in_the_selected_range">
      <error type="error" message="Error in `super$initialize(x, x_reactive, varname, varlabel, dataname,  ('test-DateFilterState.R:67')">Error in `super$initialize(x, x_reactive, varname, varlabel, dataname, 
    extract_type)`: argument "x_reactive" is missing, with no default
Backtrace:
 1. DateFilterState$new(test_date, varname = "test_date")
      at test-DateFilterState.R:67:2
 2. teal.slice (local) initialize(...)
 3. super$initialize(...)</error>
    </testcase>
    <testcase time="0.0260000000000002" classname="DateFilterState" name="get_call_returns_a_condition_evaluating_to_NA_for_NA_values">
      <error type="error" message="Error in `super$initialize(x, x_reactive, varname, varlabel, dataname,  ('test-DateFilterState.R:78')">Error in `super$initialize(x, x_reactive, varname, varlabel, dataname, 
    extract_type)`: argument "x_reactive" is missing, with no default
Backtrace:
 1. DateFilterState$new(test_date, varname = "test_date")
      at test-DateFilterState.R:78:2
 2. teal.slice (local) initialize(...)
 3. super$initialize(...)</error>
    </testcase>
    <testcase time="0.0249999999999999" classname="DateFilterState" name="get_call_reutrns_a_condition_evaluating_to_TRUE_for_NA_values_after_set_keep_na_TRUE_">
      <error type="error" message="Error in `super$initialize(x, x_reactive, varname, varlabel, dataname,  ('test-DateFilterState.R:84')">Error in `super$initialize(x, x_reactive, varname, varlabel, dataname, 
    extract_type)`: argument "x_reactive" is missing, with no default
Backtrace:
 1. DateFilterState$new(test_date, varname = "test_date")
      at test-DateFilterState.R:84:2
 2. teal.slice (local) initialize(...)
 3. super$initialize(...)</error>
    </testcase>
    <testcase time="0.0269999999999997" classname="DateFilterState" name="set_state_accepts_a_named_list_with_selected_and_keep_na_elements">
      <error type="error" message="Error in `super$initialize(x, x_reactive, varname, varlabel, dataname,  ('test-DateFilterState.R:91')">Error in `super$initialize(x, x_reactive, varname, varlabel, dataname, 
    extract_type)`: argument "x_reactive" is missing, with no default
Backtrace:
 1. DateFilterState$new(test_date, varname = "test")
      at test-DateFilterState.R:91:2
 2. teal.slice (local) initialize(...)
 3. super$initialize(...)</error>
    </testcase>
    <testcase time="0.0250000000000004" classname="DateFilterState" name="set_state_sets_values_of_selected_and_keep_na_as_provided_in_the_list">
      <error type="error" message="Error in `super$initialize(x, x_reactive, varname, varlabel, dataname,  ('test-DateFilterState.R:101')">Error in `super$initialize(x, x_reactive, varname, varlabel, dataname, 
    extract_type)`: argument "x_reactive" is missing, with no default
Backtrace:
 1. DateFilterState$new(test_date, varname = "test")
      at test-DateFilterState.R:101:2
 2. teal.slice (local) initialize(...)
 3. super$initialize(...)</error>
    </testcase>
    <testcase time="0.024" classname="DateFilterState" name="set_state_overwrites_fields_included_in_the_input_only">
      <error type="error" message="Error in `super$initialize(x, x_reactive, varname, varlabel, dataname,  ('test-DateFilterState.R:110')">Error in `super$initialize(x, x_reactive, varname, varlabel, dataname, 
    extract_type)`: argument "x_reactive" is missing, with no default
Backtrace:
 1. DateFilterState$new(test_date, varname = "test")
      at test-DateFilterState.R:110:2
 2. teal.slice (local) initialize(...)
 3. super$initialize(...)</error>
    </testcase>
    <testcase time="0.024" classname="DateFilterState" name="DateFilterState_is_any_filtered_works_properly_when_NA_is_present_in_data">
      <error type="error" message="Error in `super$initialize(x, x_reactive, varname, varlabel, dataname,  ('test-DateFilterState.R:121')">Error in `super$initialize(x, x_reactive, varname, varlabel, dataname, 
    extract_type)`: argument "x_reactive" is missing, with no default
Backtrace:
 1. teal.slice:::DateFilterState$new(...)
      at test-DateFilterState.R:121:4
 2. teal.slice (local) initialize(...)
 3. super$initialize(...)</error>
    </testcase>
    <testcase time="0.0309999999999997" classname="DateFilterState" name="_format_is_a_FilterStates_s_method_that_accepts_indent">
      <error type="error" message="Error in `super$initialize(x, x_reactive, varname, varlabel, dataname,  ('test-DateFilterState.R:157')">Error in `super$initialize(x, x_reactive, varname, varlabel, dataname, 
    extract_type)`: argument "x_reactive" is missing, with no default
Backtrace:
 1. DateFilterState$new(test_date, varname = "test_date")
      at test-DateFilterState.R:157:2
 2. teal.slice (local) initialize(...)
 3. super$initialize(...)</error>
    </testcase>
    <testcase time="0.0249999999999999" classname="DateFilterState" name="_format_asserts_that_indent_is_numeric">
      <error type="error" message="Error in `super$initialize(x, x_reactive, varname, varlabel, dataname,  ('test-DateFilterState.R:163')">Error in `super$initialize(x, x_reactive, varname, varlabel, dataname, 
    extract_type)`: argument "x_reactive" is missing, with no default
Backtrace:
 1. DateFilterState$new(test_date, varname = "test_date")
      at test-DateFilterState.R:163:2
 2. teal.slice (local) initialize(...)
 3. super$initialize(...)</error>
    </testcase>
    <testcase time="0.0230000000000001" classname="DateFilterState" name="_format_returns_a_string_representation_the_FilterState_object">
      <error type="error" message="Error in `super$initialize(x, x_reactive, varname, varlabel, dataname,  ('test-DateFilterState.R:172')">Error in `super$initialize(x, x_reactive, varname, varlabel, dataname, 
    extract_type)`: argument "x_reactive" is missing, with no default
Backtrace:
 1. DateFilterState$new(test_date, varname = "test")
      at test-DateFilterState.R:172:2
 2. teal.slice (local) initialize(...)
 3. super$initialize(...)</error>
    </testcase>
    <testcase time="0.024" classname="DateFilterState" name="_format_prepends_spaces_to_every_line_of_the_returned_string">
      <error type="error" message="Error in `super$initialize(x, x_reactive, varname, varlabel, dataname,  ('test-DateFilterState.R:187')">Error in `super$initialize(x, x_reactive, varname, varlabel, dataname, 
    extract_type)`: argument "x_reactive" is missing, with no default
Backtrace:
 1. DateFilterState$new(test_date, varname = "test")
      at test-DateFilterState.R:187:2
 2. teal.slice (local) initialize(...)
 3. super$initialize(...)</error>
    </testcase>
  </testsuite>
  <testsuite name="DatetimeFilterState" timestamp="2023-02-09T12:11:31Z" hostname="b8c71dc165c1" tests="22" skipped="0" failures="2" errors="18" time="0.486">
    <testcase time="0.0380000000000003" classname="DatetimeFilterState" name="The_constructor_accepts_a_POSIXct_or_POSIXlt_object">
      <failure type="failure" message="Expected `DatetimeFilterState$new(...)` to run without any errors. ('test-DatetimeFilterState.R:2')">Expected `DatetimeFilterState$new(...)` to run without any errors.
ℹ Actually got a &lt;simpleError&gt;:
  Error in `super$initialize()`:
  ! argument "x_reactive" is missing, with no default</failure>
    </testcase>
    <testcase time="0.0089999999999999" classname="DatetimeFilterState" name="The_constructor_accepts_a_POSIXct_or_POSIXlt_object"/>
    <testcase time="0.0139999999999998" classname="DatetimeFilterState" name="The_constructor_accepts_a_POSIXct_or_POSIXlt_object">
      <failure type="failure" message="Expected `DatetimeFilterState$new(...)` to run without any errors. ('test-DatetimeFilterState.R:3')">Expected `DatetimeFilterState$new(...)` to run without any errors.
ℹ Actually got a &lt;simpleError&gt;:
  Error in `super$initialize()`:
  ! argument "x_reactive" is missing, with no default</failure>
    </testcase>
    <testcase time="0.0089999999999999" classname="DatetimeFilterState" name="The_constructor_accepts_a_POSIXct_or_POSIXlt_object"/>
    <testcase time="0.00800000000000001" classname="DatetimeFilterState" name="get_call_returns_a_condition_true_for_the_object_supplied_in_the_constructor">
      <error type="error" message="Error in `super$initialize(x, x_reactive, varname, varlabel, dataname,  ('test-DatetimeFilterState.R:8')">Error in `super$initialize(x, x_reactive, varname, varlabel, dataname, 
    extract_type)`: argument "x_reactive" is missing, with no default
Backtrace:
 1. DatetimeFilterState$new(object, varname = "object")
      at test-DatetimeFilterState.R:8:2
 2. teal.slice (local) initialize(...)
 3. super$initialize(...)</error>
    </testcase>
    <testcase time="0.0230000000000001" classname="DatetimeFilterState" name="get_call_set_selected_accepts_an_array_of_two_POSIXct_objects">
      <error type="error" message="Error in `super$initialize(x, x_reactive, varname, varlabel, dataname,  ('test-DatetimeFilterState.R:14')">Error in `super$initialize(x, x_reactive, varname, varlabel, dataname, 
    extract_type)`: argument "x_reactive" is missing, with no default
Backtrace:
 1. DatetimeFilterState$new(object, varname = "object")
      at test-DatetimeFilterState.R:14:2
 2. teal.slice (local) initialize(...)
 3. super$initialize(...)</error>
    </testcase>
    <testcase time="0.0300000000000002" classname="DatetimeFilterState" name="get_call_returns_a_condition_true_for_the_object_in_the_selected_range">
      <error type="error" message="Error in `super$initialize(x, x_reactive, varname, varlabel, dataname,  ('test-DatetimeFilterState.R:20')">Error in `super$initialize(x, x_reactive, varname, varlabel, dataname, 
    extract_type)`: argument "x_reactive" is missing, with no default
Backtrace:
 1. DatetimeFilterState$new(objects, varname = "test")
      at test-DatetimeFilterState.R:20:2
 2. teal.slice (local) initialize(...)
 3. super$initialize(...)</error>
    </testcase>
    <testcase time="0.024" classname="DatetimeFilterState" name="get_call_returns_a_condition_evaluating_to_TRUE_for_NA_values_after_set_keep_na_TRUE_">
      <error type="error" message="Error in `super$initialize(x, x_reactive, varname, varlabel, dataname,  ('test-DatetimeFilterState.R:35')">Error in `super$initialize(x, x_reactive, varname, varlabel, dataname, 
    extract_type)`: argument "x_reactive" is missing, with no default
Backtrace:
 1. DatetimeFilterState$new(objects, varname = "objects")
      at test-DatetimeFilterState.R:35:2
 2. teal.slice (local) initialize(...)
 3. super$initialize(...)</error>
    </testcase>
    <testcase time="0.0239999999999996" classname="DatetimeFilterState" name="get_call_returns_a_condition_evaluating_to_NA_for_NA_values">
      <error type="error" message="Error in `super$initialize(x, x_reactive, varname, varlabel, dataname,  ('test-DatetimeFilterState.R:42')">Error in `super$initialize(x, x_reactive, varname, varlabel, dataname, 
    extract_type)`: argument "x_reactive" is missing, with no default
Backtrace:
 1. DatetimeFilterState$new(objects, varname = "objects")
      at test-DatetimeFilterState.R:42:2
 2. teal.slice (local) initialize(...)
 3. super$initialize(...)</error>
    </testcase>
    <testcase time="0.0250000000000004" classname="DatetimeFilterState" name="DatetimeFilterState_echoes_the_timezone_of_the_ISO_object_passed_to_the_constructor">
      <error type="error" message="Error in `super$initialize(x, x_reactive, varname, varlabel, dataname,  ('test-DatetimeFilterState.R:48')">Error in `super$initialize(x, x_reactive, varname, varlabel, dataname, 
    extract_type)`: argument "x_reactive" is missing, with no default
Backtrace:
 1. DatetimeFilterState$new(objects, varname = "objects")
      at test-DatetimeFilterState.R:48:2
 2. teal.slice (local) initialize(...)
 3. super$initialize(...)</error>
    </testcase>
    <testcase time="0.024" classname="DatetimeFilterState" name="set_selected_warns_when_the_selected_range_intersects_the_possible_range_but_is_not_fully_included_in_it">
      <error type="error" message="Error in `super$initialize(x, x_reactive, varname, varlabel, dataname,  ('test-DatetimeFilterState.R:61')">Error in `super$initialize(x, x_reactive, varname, varlabel, dataname, 
    extract_type)`: argument "x_reactive" is missing, with no default
Backtrace:
 1. DatetimeFilterState$new(objects, varname = "objects")
      at test-DatetimeFilterState.R:61:2
 2. teal.slice (local) initialize(...)
 3. super$initialize(...)</error>
    </testcase>
    <testcase time="0.0229999999999997" classname="DatetimeFilterState" name="set_selected_throws_when_the_selected_range_is_completely_outside_of_the_possible_range">
      <error type="error" message="Error in `super$initialize(x, x_reactive, varname, varlabel, dataname,  ('test-DatetimeFilterState.R:72')">Error in `super$initialize(x, x_reactive, varname, varlabel, dataname, 
    extract_type)`: argument "x_reactive" is missing, with no default
Backtrace:
 1. DatetimeFilterState$new(objects, varname = "objects")
      at test-DatetimeFilterState.R:72:2
 2. teal.slice (local) initialize(...)
 3. super$initialize(...)</error>
    </testcase>
    <testcase time="0.0230000000000001" classname="DatetimeFilterState" name="set_selected_limits_the_selected_range_to_the_lower_and_the_upper_bound_of_the_possible_range">
      <error type="error" message="Error in `super$initialize(x, x_reactive, varname, varlabel, dataname,  ('test-DatetimeFilterState.R:81')">Error in `super$initialize(x, x_reactive, varname, varlabel, dataname, 
    extract_type)`: argument "x_reactive" is missing, with no default
Backtrace:
 1. DatetimeFilterState$new(objects, varname = "objects")
      at test-DatetimeFilterState.R:81:2
 2. teal.slice (local) initialize(...)
 3. super$initialize(...)</error>
    </testcase>
    <testcase time="0.0230000000000001" classname="DatetimeFilterState" name="set_selected_throws_when_the_value_type_cannot_be_interpreted_as_POSIX">
      <error type="error" message="Error in `super$initialize(x, x_reactive, varname, varlabel, dataname,  ('test-DatetimeFilterState.R:94')">Error in `super$initialize(x, x_reactive, varname, varlabel, dataname, 
    extract_type)`: argument "x_reactive" is missing, with no default
Backtrace:
 1. DatetimeFilterState$new(objects, varname = "objects")
      at test-DatetimeFilterState.R:94:2
 2. teal.slice (local) initialize(...)
 3. super$initialize(...)</error>
    </testcase>
    <testcase time="0.0289999999999999" classname="DatetimeFilterState" name="set_state_needs_a_named_list_with_selected_and_keep_na_elements">
      <error type="error" message="Error in `super$initialize(x, x_reactive, varname, varlabel, dataname,  ('test-DatetimeFilterState.R:103')">Error in `super$initialize(x, x_reactive, varname, varlabel, dataname, 
    extract_type)`: argument "x_reactive" is missing, with no default
Backtrace:
 1. DatetimeFilterState$new(objects, varname = "test")
      at test-DatetimeFilterState.R:103:2
 2. teal.slice (local) initialize(...)
 3. super$initialize(...)</error>
    </testcase>
    <testcase time="0.0219999999999998" classname="DatetimeFilterState" name="set_state_sets_values_of_selected_and_keep_na_as_provided_in_the_list">
      <error type="error" message="Error in `super$initialize(x, x_reactive, varname, varlabel, dataname,  ('test-DatetimeFilterState.R:113')">Error in `super$initialize(x, x_reactive, varname, varlabel, dataname, 
    extract_type)`: argument "x_reactive" is missing, with no default
Backtrace:
 1. DatetimeFilterState$new(objects, varname = "test")
      at test-DatetimeFilterState.R:113:2
 2. teal.slice (local) initialize(...)
 3. super$initialize(...)</error>
    </testcase>
    <testcase time="0.0230000000000001" classname="DatetimeFilterState" name="set_state_overwrites_fields_included_in_the_input_only">
      <error type="error" message="Error in `super$initialize(x, x_reactive, varname, varlabel, dataname,  ('test-DatetimeFilterState.R:121')">Error in `super$initialize(x, x_reactive, varname, varlabel, dataname, 
    extract_type)`: argument "x_reactive" is missing, with no default
Backtrace:
 1. DatetimeFilterState$new(objects, varname = "test")
      at test-DatetimeFilterState.R:121:2
 2. teal.slice (local) initialize(...)
 3. super$initialize(...)</error>
    </testcase>
    <testcase time="0.024" classname="DatetimeFilterState" name="DatetimeFilterState_is_any_filtered_works_properly_when_NA_is_present_in_data">
      <error type="error" message="Error in `super$initialize(x, x_reactive, varname, varlabel, dataname,  ('test-DatetimeFilterState.R:132')">Error in `super$initialize(x, x_reactive, varname, varlabel, dataname, 
    extract_type)`: argument "x_reactive" is missing, with no default
Backtrace:
 1. teal.slice:::DatetimeFilterState$new(...)
      at test-DatetimeFilterState.R:132:4
 2. teal.slice (local) initialize(...)
 3. super$initialize(...)</error>
    </testcase>
    <testcase time="0.0220000000000002" classname="DatetimeFilterState" name="_format_is_a_FilterStates_s_method_that_accepts_indent">
      <error type="error" message="Error in `super$initialize(x, x_reactive, varname, varlabel, dataname,  ('test-DatetimeFilterState.R:168')">Error in `super$initialize(x, x_reactive, varname, varlabel, dataname, 
    extract_type)`: argument "x_reactive" is missing, with no default
Backtrace:
 1. DatetimeFilterState$new(object, varname = "test")
      at test-DatetimeFilterState.R:168:2
 2. teal.slice (local) initialize(...)
 3. super$initialize(...)</error>
    </testcase>
    <testcase time="0.0229999999999997" classname="DatetimeFilterState" name="_format_asserts_that_indent_is_numeric">
      <error type="error" message="Error in `super$initialize(x, x_reactive, varname, varlabel, dataname,  ('test-DatetimeFilterState.R:174')">Error in `super$initialize(x, x_reactive, varname, varlabel, dataname, 
    extract_type)`: argument "x_reactive" is missing, with no default
Backtrace:
 1. DatetimeFilterState$new(object, varname = "test")
      at test-DatetimeFilterState.R:174:2
 2. teal.slice (local) initialize(...)
 3. super$initialize(...)</error>
    </testcase>
    <testcase time="0.0230000000000001" classname="DatetimeFilterState" name="_format_returns_a_string_representation_the_FilterState_object">
      <error type="error" message="Error in `super$initialize(x, x_reactive, varname, varlabel, dataname,  ('test-DatetimeFilterState.R:190')">Error in `super$initialize(x, x_reactive, varname, varlabel, dataname, 
    extract_type)`: argument "x_reactive" is missing, with no default
Backtrace:
 1. DatetimeFilterState$new(object, varname = "test")
      at test-DatetimeFilterState.R:190:2
 2. teal.slice (local) initialize(...)
 3. super$initialize(...)</error>
    </testcase>
    <testcase time="0.0230000000000001" classname="DatetimeFilterState" name="_format_prepends_spaces_to_every_line_of_the_returned_string">
      <error type="error" message="Error in `super$initialize(x, x_reactive, varname, varlabel, dataname,  ('test-DatetimeFilterState.R:212')">Error in `super$initialize(x, x_reactive, varname, varlabel, dataname, 
    extract_type)`: argument "x_reactive" is missing, with no default
Backtrace:
 1. DatetimeFilterState$new(object, varname = "test")
      at test-DatetimeFilterState.R:212:2
 2. teal.slice (local) initialize(...)
 3. super$initialize(...)</error>
    </testcase>
  </testsuite>
  <testsuite name="DefaultFilteredDataset" timestamp="2023-02-09T12:11:32Z" hostname="b8c71dc165c1" tests="10" skipped="0" failures="0" errors="1" time="0.246">
    <testcase time="0.032" classname="DefaultFilteredDataset" name="The_constructor_accepts_a_data.frame_object_with_a_dataname"/>
    <testcase time="0.016" classname="DefaultFilteredDataset" name="get_call_returns_a_list_of_calls_or_NULL"/>
    <testcase time="0.0649999999999999" classname="DefaultFilteredDataset" name="get_call_returns_a_list_of_calls_or_NULL"/>
    <testcase time="0.0259999999999998" classname="DefaultFilteredDataset" name="DefaultFilteredDataset_set_filter_state_sets_filters_specified_by_list_names"/>
    <testcase time="0.012" classname="DefaultFilteredDataset" name="DefaultFilteredDataset_set_filter_state_throws_error_when_list_is_not_named"/>
    <testcase time="0.0249999999999999" classname="DefaultFilteredDataset" name="DefaultFilteredDataset_remove_filter_state_removes_desired_filter"/>
    <testcase time="0.024" classname="DefaultFilteredDataset" name="DefaultFilteredDataset_get_filter_state_returns_list_identical_to_input"/>
    <testcase time="0.0270000000000001" classname="DefaultFilteredDataset" name="DefaultFilteredDataset_remove_filter_state_removes_more_than_one_filter"/>
    <testcase time="0.00800000000000001" classname="DefaultFilteredDataset" name="get_filter_overview_info_returns_overview_matrix_for_DefaultFilteredDataset_without_filtering"/>
    <testcase time="0.0110000000000001" classname="DefaultFilteredDataset" name="get_filter_overview_info_returns_overview_matrix_for_DefaultFilteredDataset_if_a_filtered_dataset_is_passed_in">
      <error type="error" message="Error in `dataset_iris$get_filter_overview_info(dplyr::filter(utils::head(iris),  ('test-DefaultFilteredDataset.R:124')">Error in `dataset_iris$get_filter_overview_info(dplyr::filter(utils::head(iris), 
    Species == "virginica"))`: unused argument (dplyr::filter(utils::head(iris), Species == "virginica"))
Backtrace:
  1. testthat::expect_equal(...)
       at test-DefaultFilteredDataset.R:124:4
  4. shiny::isolate(...)
  6. ctx$run(...)
 13. env$runWith(self, func)
 14. shiny (local) contextFunc()
 15. shiny::..stacktraceon..(expr)</error>
    </testcase>
  </testsuite>
  <testsuite name="EmptyFilterState" timestamp="2023-02-09T12:11:32Z" hostname="b8c71dc165c1" tests="5" skipped="0" failures="0" errors="5" time="0.143">
    <testcase time="0.0449999999999999" classname="EmptyFilterState" name="get_call_returns_NULL_after_set_keep_na_FALSE_">
      <error type="error" message="Error in `super$initialize(x, x_reactive, varname, varlabel, dataname,  ('test-EmptyFilterState.R:2')">Error in `super$initialize(x, x_reactive, varname, varlabel, dataname, 
    extract_type)`: argument "x_reactive" is missing, with no default
Backtrace:
 1. EmptyFilterState$new(7, varname = "7")
      at test-EmptyFilterState.R:2:2
 2. teal.slice (local) initialize(...)
 3. super$initialize(...)</error>
    </testcase>
    <testcase time="0.0250000000000004" classname="EmptyFilterState" name="get_call_returns_a_call_after_set_keep_na_TRUE_">
      <error type="error" message="Error in `super$initialize(x, x_reactive, varname, varlabel, dataname,  ('test-EmptyFilterState.R:8')">Error in `super$initialize(x, x_reactive, varname, varlabel, dataname, 
    extract_type)`: argument "x_reactive" is missing, with no default
Backtrace:
 1. EmptyFilterState$new(7, varname = "test")
      at test-EmptyFilterState.R:8:2
 2. teal.slice (local) initialize(...)
 3. super$initialize(...)</error>
    </testcase>
    <testcase time="0.0249999999999995" classname="EmptyFilterState" name="set_state_needs_a_named_list_with_selected_and_keep_na_elements">
      <error type="error" message="Error in `super$initialize(x, x_reactive, varname, varlabel, dataname,  ('test-EmptyFilterState.R:14')">Error in `super$initialize(x, x_reactive, varname, varlabel, dataname, 
    extract_type)`: argument "x_reactive" is missing, with no default
Backtrace:
 1. EmptyFilterState$new(7, varname = "test")
      at test-EmptyFilterState.R:14:2
 2. teal.slice (local) initialize(...)
 3. super$initialize(...)</error>
    </testcase>
    <testcase time="0.024" classname="EmptyFilterState" name="get_state_returns_a_list_identical_to_set_state_input">
      <error type="error" message="Error in `super$initialize(x, x_reactive, varname, varlabel, dataname,  ('test-EmptyFilterState.R:28')">Error in `super$initialize(x, x_reactive, varname, varlabel, dataname, 
    extract_type)`: argument "x_reactive" is missing, with no default
Backtrace:
 1. EmptyFilterState$new(NA_character_, varname = "test")
      at test-EmptyFilterState.R:28:2
 2. teal.slice (local) initialize(...)
 3. super$initialize(...)</error>
    </testcase>
    <testcase time="0.024" classname="EmptyFilterState" name="EmptyFilterState_is_any_filtered_returns_FALSE_when_keep_na_is_TRUE_and_returns_TRUE_when_keep_na_is_FALSE">
      <error type="error" message="Error in `super$initialize(x, x_reactive, varname, varlabel, dataname,  ('test-EmptyFilterState.R:37')">Error in `super$initialize(x, x_reactive, varname, varlabel, dataname, 
    extract_type)`: argument "x_reactive" is missing, with no default
Backtrace:
 1. teal.slice:::EmptyFilterState$new(...)
      at test-EmptyFilterState.R:37:4
 2. teal.slice (local) initialize(...)
 3. super$initialize(...)</error>
    </testcase>
  </testsuite>
  <testsuite name="FilterState" timestamp="2023-02-09T12:11:32Z" hostname="b8c71dc165c1" tests="31" skipped="0" failures="4" errors="20" time="0.622">
    <testcase time="0.0350000000000001" classname="FilterState" name="The_constructor_accepts_character_as_varname">
      <failure type="failure" message="Expected `FilterState$new(c(7), varname = &quot;test&quot;)` to run without any errors. ('test-FilterState.R:2')">Expected `FilterState$new(c(7), varname = "test")` to run without any errors.
ℹ Actually got a &lt;simpleError&gt;:
  Error in `initialize()`:
  ! argument "x_reactive" is missing, with no default</failure>
    </testcase>
    <testcase time="0.00900000000000034" classname="FilterState" name="The_constructor_accepts_character_as_varname"/>
    <testcase time="0.00599999999999934" classname="FilterState" name="The_constructor_accepts_character_as_varname"/>
    <testcase time="0.00600000000000023" classname="FilterState" name="The_constructor_accepts_character_as_varname"/>
    <testcase time="0.00800000000000001" classname="FilterState" name="The_constructor_requires_a_varname"/>
    <testcase time="0.0209999999999999" classname="FilterState" name="The_constructor_accepts_a_string_as_varlabel">
      <failure type="failure" message="Expected `FilterState$new(c(7), varname = &quot;test&quot;, varlabel = &quot;test&quot;)` to run without any errors. ('test-FilterState.R:12')">Expected `FilterState$new(c(7), varname = "test", varlabel = "test")` to run without any errors.
ℹ Actually got a &lt;simpleError&gt;:
  Error in `initialize()`:
  ! argument "x_reactive" is missing, with no default</failure>
    </testcase>
    <testcase time="0.00800000000000001" classname="FilterState" name="The_constructor_accepts_a_string_as_varlabel"/>
    <testcase time="0.00800000000000001" classname="FilterState" name="get_call_returns_NULL">
      <error type="error" message="Error in `initialize(...)`: argument &quot;x_reactive&quot; is missing, with no default ('test-FilterState.R:16')">Error in `initialize(...)`: argument "x_reactive" is missing, with no default
Backtrace:
 1. FilterState$new(7, varname = "7")
      at test-FilterState.R:16:2
 2. teal.slice (local) initialize(...)</error>
    </testcase>
    <testcase time="0.0220000000000002" classname="FilterState" name="dataname_must_be_specified_if_extract_type_is_specified"/>
    <testcase time="0.00800000000000001" classname="FilterState" name="get_dataname_returns_a_string_when_dataname_is_NULL">
      <error type="error" message="Error in `initialize(...)`: argument &quot;x_reactive&quot; is missing, with no default ('test-FilterState.R:33')">Error in `initialize(...)`: argument "x_reactive" is missing, with no default
Backtrace:
 1. FilterState$new(7, varname = "7", dataname = NULL)
      at test-FilterState.R:33:2
 2. teal.slice (local) initialize(...)</error>
    </testcase>
    <testcase time="0.0220000000000002" classname="FilterState" name="get_varlabel_returns_a_string_passed_to_the_constructor">
      <error type="error" message="Error in `initialize(...)`: argument &quot;x_reactive&quot; is missing, with no default ('test-FilterState.R:38')">Error in `initialize(...)`: argument "x_reactive" is missing, with no default
Backtrace:
 1. FilterState$new(7, varname = "7", varlabel = "test")
      at test-FilterState.R:38:2
 2. teal.slice (local) initialize(...)</error>
    </testcase>
    <testcase time="0.0219999999999994" classname="FilterState" name="get_varname_returns_a_name_if_varname_passed_to_the_constructor_is_a_string">
      <error type="error" message="Error in `initialize(...)`: argument &quot;x_reactive&quot; is missing, with no default ('test-FilterState.R:43')">Error in `initialize(...)`: argument "x_reactive" is missing, with no default
Backtrace:
 1. FilterState$new(7, varname = "7")
      at test-FilterState.R:43:2
 2. teal.slice (local) initialize(...)</error>
    </testcase>
    <testcase time="0.0220000000000002" classname="FilterState" name="get_varname_returns_a_string_if_varname_passed_to_the_constructor_is_a_string">
      <error type="error" message="Error in `initialize(...)`: argument &quot;x_reactive&quot; is missing, with no default ('test-FilterState.R:48')">Error in `initialize(...)`: argument "x_reactive" is missing, with no default
Backtrace:
 1. FilterState$new(7, varname = "7")
      at test-FilterState.R:48:2
 2. teal.slice (local) initialize(...)</error>
    </testcase>
    <testcase time="0.0209999999999999" classname="FilterState" name="get_selected_returns_NULL_after_initialization">
      <error type="error" message="Error in `initialize(...)`: argument &quot;x_reactive&quot; is missing, with no default ('test-FilterState.R:53')">Error in `initialize(...)`: argument "x_reactive" is missing, with no default
Backtrace:
 1. FilterState$new(7, varname = "7")
      at test-FilterState.R:53:2
 2. teal.slice (local) initialize(...)</error>
    </testcase>
    <testcase time="0.0220000000000002" classname="FilterState" name="set_selected_sets_value_get_selected_returns_the_same">
      <error type="error" message="Error in `initialize(...)`: argument &quot;x_reactive&quot; is missing, with no default ('test-FilterState.R:58')">Error in `initialize(...)`: argument "x_reactive" is missing, with no default
Backtrace:
 1. FilterState$new(7L, varname = "7")
      at test-FilterState.R:58:2
 2. teal.slice (local) initialize(...)</error>
    </testcase>
    <testcase time="0.0289999999999999" classname="FilterState" name="get_keep_na_returns_FALSE_after_initialization">
      <error type="error" message="Error in `initialize(...)`: argument &quot;x_reactive&quot; is missing, with no default ('test-FilterState.R:64')">Error in `initialize(...)`: argument "x_reactive" is missing, with no default
Backtrace:
 1. FilterState$new(7, varname = "7")
      at test-FilterState.R:64:2
 2. teal.slice (local) initialize(...)</error>
    </testcase>
    <testcase time="0.0229999999999997" classname="FilterState" name="set_state_sets_selected_and_keep_na">
      <error type="error" message="Error in `initialize(...)`: argument &quot;x_reactive&quot; is missing, with no default ('test-FilterState.R:69')">Error in `initialize(...)`: argument "x_reactive" is missing, with no default
Backtrace:
 1. FilterState$new(c("a", NA_character_), varname = "var")
      at test-FilterState.R:69:2
 2. teal.slice (local) initialize(...)</error>
    </testcase>
    <testcase time="0.0220000000000002" classname="FilterState" name="get_state_returns_a_list_identical_to_set_state_input">
      <error type="error" message="Error in `initialize(...)`: argument &quot;x_reactive&quot; is missing, with no default ('test-FilterState.R:82')">Error in `initialize(...)`: argument "x_reactive" is missing, with no default
Backtrace:
 1. FilterState$new(c("a", NA_character_), varname = "var")
      at test-FilterState.R:82:2
 2. teal.slice (local) initialize(...)</error>
    </testcase>
    <testcase time="0.0250000000000004" classname="FilterState" name="add_keep_na_call_does_not_add_anything_by_default">
      <error type="error" message="Error in `initialize(...)`: argument &quot;x_reactive&quot; is missing, with no default ('test-FilterState.R:100')">Error in `initialize(...)`: argument "x_reactive" is missing, with no default
Backtrace:
 1. test_class$new(c(1, NA), varname = "test")
      at test-FilterState.R:100:4
 2. teal.slice (local) initialize(...)</error>
    </testcase>
    <testcase time="0.04" classname="FilterState" name="add_keep_na_call_adds_is.na_when_keep_na_is_set">
      <error type="error" message="Error in `initialize(...)`: argument &quot;x_reactive&quot; is missing, with no default ('test-FilterState.R:120')">Error in `initialize(...)`: argument "x_reactive" is missing, with no default
Backtrace:
 1. test_class$new(c(1, NA), varname = "test")
      at test-FilterState.R:120:4
 2. teal.slice (local) initialize(...)</error>
    </testcase>
    <testcase time="0.0229999999999997" classname="FilterState" name="Setting_private_na_rm_to_TRUE_adds_is.na_before_condition_via_add_keep_na_call">
      <error type="error" message="Error in `initialize(...)`: argument &quot;x_reactive&quot; is missing, with no default ('test-FilterState.R:142')">Error in `initialize(...)`: argument "x_reactive" is missing, with no default
Backtrace:
 1. test_class$new(c(1, NA), varname = "test")
      at test-FilterState.R:142:4
 2. teal.slice (local) initialize(...)</error>
    </testcase>
    <testcase time="0.0300000000000002" classname="FilterState" name="Setting_private_na_rm_to_TRUE_doesn_t_add_is.na_before_condition_via_add_keep_na_call_when_variable_has_no_NAs">
      <error type="error" message="Error in `initialize(...)`: argument &quot;x_reactive&quot; is missing, with no default ('test-FilterState.R:165')">Error in `initialize(...)`: argument "x_reactive" is missing, with no default
Backtrace:
 1. test_class$new(c(1), varname = "test")
      at test-FilterState.R:165:4
 2. teal.slice (local) initialize(...)</error>
    </testcase>
    <testcase time="0.0299999999999994" classname="FilterState" name="_format_is_a_FilterStates_s_method_that_accepts_indent">
      <failure type="failure" message="Expected `shiny::isolate(FilterState$new(c(7), varname = &quot;test&quot;)$format(indent = 0))` to run without any errors. ('test-FilterState.R:177')">Expected `shiny::isolate(FilterState$new(c(7), varname = "test")$format(indent = 0))` to run without any errors.
ℹ Actually got a &lt;simpleError&gt;:
  Error in `initialize()`:
  ! argument "x_reactive" is missing, with no default</failure>
    </testcase>
    <testcase time="0.0100000000000007" classname="FilterState" name="_format_is_a_FilterStates_s_method_that_accepts_indent"/>
    <testcase time="0.00899999999999945" classname="FilterState" name="_format_asserts_that_indent_is_numeric">
      <failure type="failure" message="`FilterState$new(c(7), varname = &quot;test&quot;)$format(indent = &quot;wrong type&quot;)` threw an error with unexpected message. ('test-FilterState.R:181')">`FilterState$new(c(7), varname = "test")$format(indent = "wrong type")` threw an error with unexpected message.
Expected match: "Assertion on 'indent' failed: Must be of type 'number'"
Actual message: "argument \"x_reactive\" is missing, with no default"
Backtrace:
 1. testthat::expect_error(...)
      at test-FilterState.R:181:2
 6. FilterState$new(c(7), varname = "test")
 7. teal.slice (local) initialize(...)</failure>
    </testcase>
    <testcase time="0.0220000000000002" classname="FilterState" name="_format_returns_a_string_representation_the_FilterState_object">
      <error type="error" message="Error in `initialize(...)`: argument &quot;x_reactive&quot; is missing, with no default ('test-FilterState.R:189')">Error in `initialize(...)`: argument "x_reactive" is missing, with no default
Backtrace:
 1. FilterState$new(values, varname = "test")
      at test-FilterState.R:189:2
 2. teal.slice (local) initialize(...)</error>
    </testcase>
    <testcase time="0.0220000000000002" classname="FilterState" name="_format_prepends_spaces_to_every_line_of_the_returned_string">
      <error type="error" message="Error in `initialize(...)`: argument &quot;x_reactive&quot; is missing, with no default ('test-FilterState.R:204')">Error in `initialize(...)`: argument "x_reactive" is missing, with no default
Backtrace:
 1. FilterState$new(values, varname = "test")
      at test-FilterState.R:204:2
 2. teal.slice (local) initialize(...)</error>
    </testcase>
    <testcase time="0.0219999999999994" classname="FilterState" name="_format_returns_a_properly_wrapped_string">
      <error type="error" message="Error in `initialize(...)`: argument &quot;x_reactive&quot; is missing, with no default ('test-FilterState.R:224')">Error in `initialize(...)`: argument "x_reactive" is missing, with no default
Backtrace:
 1. FilterState$new(values, varname = "test")
      at test-FilterState.R:224:2
 2. teal.slice (local) initialize(...)</error>
    </testcase>
    <testcase time="0.0230000000000006" classname="FilterState" name="_format_line_wrapping_breaks_if_strings_are_too_long">
      <error type="error" message="Error in `initialize(...)`: argument &quot;x_reactive&quot; is missing, with no default ('test-FilterState.R:238')">Error in `initialize(...)`: argument "x_reactive" is missing, with no default
Backtrace:
 1. FilterState$new(values, varname = "test")
      at test-FilterState.R:238:2
 2. teal.slice (local) initialize(...)</error>
    </testcase>
    <testcase time="0.0229999999999997" classname="FilterState" name="private_get_pretty_range_step_returns_pretty_step_size">
      <error type="error" message="Error in `super$initialize(x, x_reactive, varname, varlabel, dataname,  ('test-FilterState.R:268')">Error in `super$initialize(x, x_reactive, varname, varlabel, dataname, 
    extract_type)`: argument "x_reactive" is missing, with no default
Backtrace:
 1. test_class$new(pretty_sepal_length, varname = "test")
      at test-FilterState.R:268:2
 2. teal.slice (local) initialize(...)
 3. super$initialize(...)</error>
    </testcase>
    <testcase time="0.0289999999999999" classname="FilterState" name="private_get_pretty_range_inputs_returns_nicely_rounded_values">
      <error type="error" message="Error in `super$initialize(x, x_reactive, varname, varlabel, dataname,  ('test-FilterState.R:298')">Error in `super$initialize(x, x_reactive, varname, varlabel, dataname, 
    extract_type)`: argument "x_reactive" is missing, with no default
Backtrace:
 1. test_class$new(iris$Sepal.Length, varname = "test")
      at test-FilterState.R:298:2
 2. teal.slice (local) initialize(...)
 3. super$initialize(...)</error>
    </testcase>
  </testsuite>
  <testsuite name="FilterStates" timestamp="2023-02-09T12:11:33Z" hostname="b8c71dc165c1" tests="52" skipped="0" failures="1" errors="44" time="8.095">
    <testcase time="0.0360000000000005" classname="FilterStates" name="The_constructor_accepts_only_a_string_as_dataname">
      <failure type="failure" message="Expected `FilterStates$new(dataname = &quot;string&quot;, datalabel = &quot;test&quot;)` to run without any errors. ('test-FilterStates.R:6')">Expected `FilterStates$new(dataname = "string", datalabel = "test")` to run without any errors.
ℹ Actually got a &lt;simpleError&gt;:
  Error in `initialize()`:
  ! argument "data" is missing, with no default</failure>
    </testcase>
    <testcase time="0.00899999999999945" classname="FilterStates" name="The_constructor_accepts_only_a_string_as_dataname"/>
    <testcase time="0.00600000000000023" classname="FilterStates" name="The_constructor_accepts_only_a_string_as_dataname"/>
    <testcase time="0.00599999999999934" classname="FilterStates" name="The_constructor_accepts_only_a_string_as_dataname"/>
    <testcase time="0.00700000000000056" classname="FilterStates" name="validate_state_list_exists_raises_errors_if_no_filters_were_added">
      <error type="error" message="Error in `checkmate::assert_character(datalabel, max.len = 1, any.missing = FALSE)`: argument &quot;datalabel&quot; is missing, with no default ('test-FilterStates.R:19')">Error in `checkmate::assert_character(datalabel, max.len = 1, any.missing = FALSE)`: argument "datalabel" is missing, with no default
Backtrace:
 1. FilterStates$new(dataname = "test", "test")
      at test-FilterStates.R:19:2
 2. teal.slice (local) initialize(...)
 3. checkmate::assert_character(datalabel, max.len = 1, any.missing = FALSE)</error>
    </testcase>
    <testcase time="0.0219999999999994" classname="FilterStates" name="Emptying_empty_FilterStates_does_not_raise_errors">
      <error type="error" message="Error in `checkmate::assert_character(datalabel, max.len = 1, any.missing = FALSE)`: argument &quot;datalabel&quot; is missing, with no default ('test-FilterStates.R:36')">Error in `checkmate::assert_character(datalabel, max.len = 1, any.missing = FALSE)`: argument "datalabel" is missing, with no default
Backtrace:
 1. FilterStates$new(dataname = "test", "test")
      at test-FilterStates.R:36:2
 2. teal.slice (local) initialize(...)
 3. checkmate::assert_character(datalabel, max.len = 1, any.missing = FALSE)</error>
    </testcase>
    <testcase time="0.0220000000000002" classname="FilterStates" name="Error_message_from_validate_state_list_exists_displays_index_if_datalabel_is_character_0_">
      <error type="error" message="Error in `initialize(...)`: argument &quot;data&quot; is missing, with no default ('test-FilterStates.R:41')">Error in `initialize(...)`: argument "data" is missing, with no default
Backtrace:
 1. FilterStates$new(dataname = "test", datalabel = character(0))
      at test-FilterStates.R:41:2
 2. teal.slice (local) initialize(...)</error>
    </testcase>
    <testcase time="0.0209999999999999" classname="FilterStates" name="state_list_push_does_not_raise_errors_DFFilterStates">
      <error type="error" message="Error in `super$initialize(data, data_reactive, dataname, datalabel)`: argument &quot;data&quot; is missing, with no default ('test-FilterStates.R:51')">Error in `super$initialize(data, data_reactive, dataname, datalabel)`: argument "data" is missing, with no default
Backtrace:
 1. DFFilterStates$new(...)
      at test-FilterStates.R:51:2
 2. teal.slice (local) initialize(...)
 3. super$initialize(data, data_reactive, dataname, datalabel)</error>
    </testcase>
    <testcase time="0.0250000000000004" classname="FilterStates" name="state_list_push_does_not_raise_errors_MatrixFilterStates">
      <error type="error" message="Error in `super$initialize(data, data_reactive, dataname, datalabel)`: argument &quot;data&quot; is missing, with no default ('test-FilterStates.R:64')">Error in `super$initialize(data, data_reactive, dataname, datalabel)`: argument "data" is missing, with no default
Backtrace:
 1. MatrixFilterStates$new(dataname = "test", datalabel = "test")
      at test-FilterStates.R:64:2
 2. teal.slice (local) initialize(...)
 3. super$initialize(data, data_reactive, dataname, datalabel)</error>
    </testcase>
    <testcase time="5.875" classname="FilterStates" name="state_list_push_does_not_raise_errors_SEFilterStates">
      <error type="error" message="Error in `super$initialize(data, data_reactive, dataname, datalabel)`: argument &quot;data&quot; is missing, with no default ('test-FilterStates.R:75')">Error in `super$initialize(data, data_reactive, dataname, datalabel)`: argument "data" is missing, with no default
Backtrace:
 1. SEFilterStates$new(dataname = "test", datalabel = "test")
      at test-FilterStates.R:75:2
 2. teal.slice (local) initialize(...)
 3. super$initialize(data, data_reactive, dataname, datalabel)</error>
    </testcase>
    <testcase time="1.032" classname="FilterStates" name="state_list_push_does_not_raise_errors_MAEFilterStates">
      <error type="error" message="Error in `super$initialize(data, data_reactive, dataname, datalabel)`: argument &quot;data&quot; is missing, with no default ('test-FilterStates.R:86')">Error in `super$initialize(data, data_reactive, dataname, datalabel)`: argument "data" is missing, with no default
Backtrace:
 1. MAEFilterStates$new(...)
      at test-FilterStates.R:86:2
 2. teal.slice (local) initialize(...)
 3. super$initialize(data, data_reactive, dataname, datalabel)</error>
    </testcase>
    <testcase time="0.0249999999999986" classname="FilterStates" name="Passing_a_FilterState_to_state_list_push_is_the_same_as_passing_it_in_a_list_DFFilterStates">
      <error type="error" message="Error in `super$initialize(data, data_reactive, dataname, datalabel)`: argument &quot;data&quot; is missing, with no default ('test-FilterStates.R:103')">Error in `super$initialize(data, data_reactive, dataname, datalabel)`: argument "data" is missing, with no default
Backtrace:
 1. DFFilterStates$new(...)
      at test-FilterStates.R:103:4
 2. teal.slice (local) initialize(...)
 3. super$initialize(data, data_reactive, dataname, datalabel)</error>
    </testcase>
    <testcase time="0.0230000000000015" classname="FilterStates" name="Passing_a_FilterState_to_state_list_push_is_the_same_as_passing_it_in_a_list_MatrixFilterStates">
      <error type="error" message="Error in `super$initialize(data, data_reactive, dataname, datalabel)`: argument &quot;data&quot; is missing, with no default ('test-FilterStates.R:129')">Error in `super$initialize(data, data_reactive, dataname, datalabel)`: argument "data" is missing, with no default
Backtrace:
 1. MatrixFilterStates$new(dataname = "test", datalabel = "test")
      at test-FilterStates.R:129:4
 2. teal.slice (local) initialize(...)
 3. super$initialize(data, data_reactive, dataname, datalabel)</error>
    </testcase>
    <testcase time="0.0259999999999998" classname="FilterStates" name="Passing_a_FilterState_to_state_list_push_is_the_same_as_passing_it_in_a_list_SEFilterStates">
      <error type="error" message="Error in `super$initialize(data, data_reactive, dataname, datalabel)`: argument &quot;data&quot; is missing, with no default ('test-FilterStates.R:151')">Error in `super$initialize(data, data_reactive, dataname, datalabel)`: argument "data" is missing, with no default
Backtrace:
 1. SEFilterStates$new(dataname = "test", datalabel = "test")
      at test-FilterStates.R:151:4
 2. teal.slice (local) initialize(...)
 3. super$initialize(data, data_reactive, dataname, datalabel)</error>
    </testcase>
    <testcase time="0.0249999999999986" classname="FilterStates" name="Passing_a_FilterState_to_state_list_push_is_the_same_as_passing_it_in_a_list_MAEFilterStates">
      <error type="error" message="Error in `super$initialize(data, data_reactive, dataname, datalabel)`: argument &quot;data&quot; is missing, with no default ('test-FilterStates.R:173')">Error in `super$initialize(data, data_reactive, dataname, datalabel)`: argument "data" is missing, with no default
Backtrace:
 1. MAEFilterStates$new(...)
      at test-FilterStates.R:173:4
 2. teal.slice (local) initialize(...)
 3. super$initialize(data, data_reactive, dataname, datalabel)</error>
    </testcase>
    <testcase time="0.0269999999999992" classname="FilterStates" name="state_list_get_returns_the_list_of_FilterState_objects_pushed_DFFilterStates">
      <error type="error" message="Error in `super$initialize(data, data_reactive, dataname, datalabel)`: argument &quot;data&quot; is missing, with no default ('test-FilterStates.R:199')">Error in `super$initialize(data, data_reactive, dataname, datalabel)`: argument "data" is missing, with no default
Backtrace:
 1. DFFilterStates$new(...)
      at test-FilterStates.R:199:2
 2. teal.slice (local) initialize(...)
 3. super$initialize(data, data_reactive, dataname, datalabel)</error>
    </testcase>
    <testcase time="0.0259999999999998" classname="FilterStates" name="state_list_get_returns_the_list_of_FilterState_objects_pushed_MatrixFilterStates">
      <error type="error" message="Error in `super$initialize(data, data_reactive, dataname, datalabel)`: argument &quot;data&quot; is missing, with no default ('test-FilterStates.R:211')">Error in `super$initialize(data, data_reactive, dataname, datalabel)`: argument "data" is missing, with no default
Backtrace:
 1. MatrixFilterStates$new(dataname = "test", datalabel = "test")
      at test-FilterStates.R:211:2
 2. teal.slice (local) initialize(...)
 3. super$initialize(data, data_reactive, dataname, datalabel)</error>
    </testcase>
    <testcase time="0.027000000000001" classname="FilterStates" name="state_list_get_returns_the_list_of_FilterState_objects_pushed_SEFilterStates">
      <error type="error" message="Error in `super$initialize(data, data_reactive, dataname, datalabel)`: argument &quot;data&quot; is missing, with no default ('test-FilterStates.R:221')">Error in `super$initialize(data, data_reactive, dataname, datalabel)`: argument "data" is missing, with no default
Backtrace:
 1. SEFilterStates$new(dataname = "test", datalabel = "test")
      at test-FilterStates.R:221:2
 2. teal.slice (local) initialize(...)
 3. super$initialize(data, data_reactive, dataname, datalabel)</error>
    </testcase>
    <testcase time="0.0279999999999987" classname="FilterStates" name="state_list_get_returns_the_list_of_FilterState_objects_pushed_MAEFilterStates">
      <error type="error" message="Error in `super$initialize(data, data_reactive, dataname, datalabel)`: argument &quot;data&quot; is missing, with no default ('test-FilterStates.R:231')">Error in `super$initialize(data, data_reactive, dataname, datalabel)`: argument "data" is missing, with no default
Backtrace:
 1. MAEFilterStates$new(...)
      at test-FilterStates.R:231:2
 2. teal.slice (local) initialize(...)
 3. super$initialize(data, data_reactive, dataname, datalabel)</error>
    </testcase>
    <testcase time="0.0300000000000011" classname="FilterStates" name="Elements_of_the_list_returned_by_state_list_get_have_names_corresponding_to_varname_DFFilterStates">
      <error type="error" message="Error in `super$initialize(data, data_reactive, dataname, datalabel)`: argument &quot;data&quot; is missing, with no default ('test-FilterStates.R:247')">Error in `super$initialize(data, data_reactive, dataname, datalabel)`: argument "data" is missing, with no default
Backtrace:
 1. DFFilterStates$new(...)
      at test-FilterStates.R:247:4
 2. teal.slice (local) initialize(...)
 3. super$initialize(data, data_reactive, dataname, datalabel)</error>
    </testcase>
    <testcase time="0.0280000000000005" classname="FilterStates" name="Elements_of_the_list_returned_by_state_list_get_have_names_corresponding_to_varname_MatrixFilterStates">
      <error type="error" message="Error in `super$initialize(data, data_reactive, dataname, datalabel)`: argument &quot;data&quot; is missing, with no default ('test-FilterStates.R:265')">Error in `super$initialize(data, data_reactive, dataname, datalabel)`: argument "data" is missing, with no default
Backtrace:
 1. MatrixFilterStates$new(dataname = "test", datalabel = "test")
      at test-FilterStates.R:265:4
 2. teal.slice (local) initialize(...)
 3. super$initialize(data, data_reactive, dataname, datalabel)</error>
    </testcase>
    <testcase time="0.0269999999999992" classname="FilterStates" name="Elements_of_the_list_returned_by_state_list_get_have_names_corresponding_to_varname_SEFilterStates">
      <error type="error" message="Error in `super$initialize(data, data_reactive, dataname, datalabel)`: argument &quot;data&quot; is missing, with no default ('test-FilterStates.R:281')">Error in `super$initialize(data, data_reactive, dataname, datalabel)`: argument "data" is missing, with no default
Backtrace:
 1. SEFilterStates$new(dataname = "test", datalabel = "test")
      at test-FilterStates.R:281:4
 2. teal.slice (local) initialize(...)
 3. super$initialize(data, data_reactive, dataname, datalabel)</error>
    </testcase>
    <testcase time="0.0280000000000005" classname="FilterStates" name="Elements_of_the_list_returned_by_state_list_get_have_names_corresponding_to_varname_MAEFilterStates">
      <error type="error" message="Error in `super$initialize(data, data_reactive, dataname, datalabel)`: argument &quot;data&quot; is missing, with no default ('test-FilterStates.R:297')">Error in `super$initialize(data, data_reactive, dataname, datalabel)`: argument "data" is missing, with no default
Backtrace:
 1. MAEFilterStates$new(...)
      at test-FilterStates.R:297:4
 2. teal.slice (local) initialize(...)
 3. super$initialize(data, data_reactive, dataname, datalabel)</error>
    </testcase>
    <testcase time="0.0279999999999987" classname="FilterStates" name="state_list_remove_removes_filter_state_without_error_DFFilterStates">
      <error type="error" message="Error in `super$initialize(data, data_reactive, dataname, datalabel)`: argument &quot;data&quot; is missing, with no default ('test-FilterStates.R:315')">Error in `super$initialize(data, data_reactive, dataname, datalabel)`: argument "data" is missing, with no default
Backtrace:
 1. DFFilterStates$new(...)
      at test-FilterStates.R:315:2
 2. teal.slice (local) initialize(...)
 3. super$initialize(data, data_reactive, dataname, datalabel)</error>
    </testcase>
[...]
    <testcase time="0.00300000000000011" classname="call_utils" name="call_extract_matrix_col_type"/>
    <testcase time="0.00199999999999889" classname="call_utils" name="call_extract_matrix_col_type"/>
    <testcase time="0.00300000000000011" classname="call_utils" name="call_extract_matrix_col_type"/>
    <testcase time="0.00300000000000011" classname="call_utils" name="call_extract_matrix_col_type"/>
    <testcase time="0.00300000000000011" classname="call_utils" name="call_extract_matrix_col_type"/>
    <testcase time="0.00300000000000011" classname="call_utils" name="call_extract_matrix_col_type"/>
    <testcase time="0.0069999999999979" classname="call_utils" name="call_extract_matrix_col_type"/>
    <testcase time="0.00400000000000134" classname="call_utils" name="call_extract_list_dataname_argument"/>
    <testcase time="0.00300000000000011" classname="call_utils" name="call_extract_list_dataname_argument"/>
    <testcase time="0.00300000000000011" classname="call_utils" name="call_extract_list_dataname_argument"/>
    <testcase time="0.00799999999999912" classname="call_utils" name="call_extract_list_dataname_argument"/>
    <testcase time="0.00400000000000134" classname="call_utils" name="call_extract_list_varname_argument"/>
    <testcase time="0.00300000000000011" classname="call_utils" name="call_extract_list_varname_argument"/>
    <testcase time="0.00799999999999912" classname="call_utils" name="call_extract_list_varname_argument"/>
    <testcase time="0.00400000000000134" classname="call_utils" name="calls_combine_by_operator"/>
    <testcase time="0.00300000000000011" classname="call_utils" name="calls_combine_by_operator"/>
    <testcase time="0.00300000000000011" classname="call_utils" name="calls_combine_by_operator"/>
    <testcase time="0.0069999999999979" classname="call_utils" name="calls_combine_by_operator"/>
    <testcase time="0.00600000000000023" classname="call_utils" name="calls_combine_by_operator"/>
    <testcase time="0.00300000000000011" classname="call_utils" name="calls_combine_by_operator"/>
    <testcase time="0.00400000000000134" classname="call_utils" name="calls_combine_by_calls"/>
    <testcase time="0.00300000000000011" classname="call_utils" name="calls_combine_by_calls"/>
    <testcase time="0.0069999999999979" classname="call_utils" name="calls_combine_by_calls"/>
    <testcase time="0.00700000000000145" classname="call_utils" name="call_with_colon_works"/>
    <testcase time="0.00300000000000011" classname="call_utils" name="call_with_colon_works"/>
    <testcase time="0.00399999999999778" classname="call_utils" name="call_extract_matrix_does_not_throw_when_passed_a_long_500_chars_call"/>
  </testsuite>
  <testsuite name="check_ellipsis" timestamp="2023-02-09T12:11:50Z" hostname="b8c71dc165c1" tests="18" skipped="0" failures="0" errors="0" time="0.076">
    <testcase time="0.00799999999999912" classname="check_ellipsis" name="check_ellipsis_with_no_unused"/>
    <testcase time="0.00700000000000145" classname="check_ellipsis" name="check_ellipsis_with_extra_unamed_arguments"/>
    <testcase time="0.00199999999999889" classname="check_ellipsis" name="check_ellipsis_with_extra_unamed_arguments"/>
    <testcase time="0.00600000000000023" classname="check_ellipsis" name="check_ellipsis_with_extra_named_arguments"/>
    <testcase time="0.00200000000000244" classname="check_ellipsis" name="check_ellipsis_with_extra_named_arguments"/>
    <testcase time="0.0069999999999979" classname="check_ellipsis" name="check_ellipsis_with_extra_named_and_unamed_arguments"/>
    <testcase time="0.00100000000000122" classname="check_ellipsis" name="check_ellipsis_with_extra_named_and_unamed_arguments"/>
    <testcase time="0.0069999999999979" classname="check_ellipsis" name="check_ellipsis_with_extra_named_and_unamed_arguments_in_wrong_order"/>
    <testcase time="0.00200000000000244" classname="check_ellipsis" name="check_ellipsis_with_extra_named_and_unamed_arguments_in_wrong_order"/>
    <testcase time="0.00300000000000011" classname="check_ellipsis" name="check_ellipsis_with_allowed_args"/>
    <testcase time="0.00600000000000023" classname="check_ellipsis" name="check_ellipsis_with_allowed_args"/>
    <testcase time="0.00499999999999901" classname="check_ellipsis" name="check_ellipsis_with_allowed_args"/>
    <testcase time="0.00600000000000023" classname="check_ellipsis" name="check_ellipsis_with_allowed_args"/>
    <testcase time="0.00199999999999889" classname="check_ellipsis" name="check_ellipsis_with_allowed_args"/>
    <testcase time="0.00600000000000023" classname="check_ellipsis" name="check_ellipsis_with_allowed_args"/>
    <testcase time="0.00199999999999889" classname="check_ellipsis" name="check_ellipsis_with_allowed_args"/>
    <testcase time="0.00200000000000244" classname="check_ellipsis" name="check_ellipsis_with_allowed_args"/>
    <testcase time="0.00199999999999889" classname="check_ellipsis" name="check_ellipsis_with_allowed_args"/>
  </testsuite>
  <testsuite name="check_simple_name" timestamp="2023-02-09T12:11:50Z" hostname="b8c71dc165c1" tests="15" skipped="0" failures="0" errors="0" time="0.05">
    <testcase time="0.00700000000000145" classname="check_simple_name" name="check_simple_name_behaves_as_expected"/>
    <testcase time="0.00199999999999889" classname="check_simple_name" name="check_simple_name_behaves_as_expected"/>
    <testcase time="0.00199999999999889" classname="check_simple_name" name="check_simple_name_behaves_as_expected"/>
    <testcase time="0.00199999999999889" classname="check_simple_name" name="check_simple_name_behaves_as_expected"/>
    <testcase time="0.00100000000000122" classname="check_simple_name" name="check_simple_name_behaves_as_expected"/>
    <testcase time="0.00199999999999889" classname="check_simple_name" name="check_simple_name_behaves_as_expected"/>
    <testcase time="0.00200000000000244" classname="check_simple_name" name="check_simple_name_behaves_as_expected"/>
    <testcase time="0.00199999999999889" classname="check_simple_name" name="check_simple_name_behaves_as_expected"/>
    <testcase time="0.00199999999999889" classname="check_simple_name" name="check_simple_name_behaves_as_expected"/>
    <testcase time="0.00200000000000244" classname="check_simple_name" name="check_simple_name_behaves_as_expected"/>
    <testcase time="0.00499999999999901" classname="check_simple_name" name="check_simple_name_behaves_as_expected"/>
    <testcase time="0.00600000000000023" classname="check_simple_name" name="check_simple_name_behaves_as_expected"/>
    <testcase time="0.00499999999999901" classname="check_simple_name" name="check_simple_name_behaves_as_expected"/>
    <testcase time="0.00499999999999901" classname="check_simple_name" name="check_simple_name_behaves_as_expected"/>
    <testcase time="0.00500000000000256" classname="check_simple_name" name="check_simple_name_behaves_as_expected"/>
  </testsuite>
  <testsuite name="filter_panel_api" timestamp="2023-02-09T12:11:50Z" hostname="b8c71dc165c1" tests="14" skipped="0" failures="0" errors="0" time="0.451">
    <testcase time="0.0189999999999984" classname="filter_panel_api" name="FilterPanelAPI_constructor_accepts_a_FilteredData_object"/>
    <testcase time="0.00700000000000145" classname="filter_panel_api" name="FilterPanelAPI_constructor_throws_error_with_a_non_FilteredData_object"/>
    <testcase time="0.00600000000000023" classname="filter_panel_api" name="FilterPanelAPI_constructor_throws_error_with_a_non_FilteredData_object"/>
    <testcase time="0.041999999999998" classname="filter_panel_api" name="FilterPanelAPI_set_filter_state_sets_filters_specified_by_the_named_list"/>
    <testcase time="0.0300000000000011" classname="filter_panel_api" name="FilterPanelAPI_get_filter_state_returns_list_identical_to_input_without_attribute"/>
    <testcase time="0.0109999999999992" classname="filter_panel_api" name="FilterPanelAPI_remove_filter_state_removes_filter_states_defined_in_the_list"/>
    <testcase time="0.0180000000000007" classname="filter_panel_api" name="FilterPanelAPI_remove_all_filter_states_removes_all_filters_of_datasets_in_FilterPanelAPI"/>
    <testcase time="0.0390000000000015" classname="filter_panel_api" name="FilterPanelAPI_remove_all_filter_states_remove_the_filters_of_the_desired_dataset_only"/>
    <testcase time="0.0769999999999982" classname="filter_panel_api" name="filter_panel_api_neutral_when_filter_panel_is_disabled"/>
    <testcase time="0.00199999999999889" classname="filter_panel_api" name="filter_panel_api_neutral_when_filter_panel_is_disabled"/>
    <testcase time="0.00300000000000011" classname="filter_panel_api" name="filter_panel_api_neutral_when_filter_panel_is_disabled"/>
    <testcase time="0.161000000000001" classname="filter_panel_api" name="filter_panel_api_under_disable_enable_filter_panel"/>
    <testcase time="0.00199999999999889" classname="filter_panel_api" name="filter_panel_api_under_disable_enable_filter_panel"/>
    <testcase time="0.0339999999999989" classname="filter_panel_api" name="filter_panel_api_under_disable_enable_filter_panel"/>
  </testsuite>
  <testsuite name="get_supported_filter_varnames" timestamp="2023-02-09T12:11:51Z" hostname="b8c71dc165c1" tests="5" skipped="0" failures="0" errors="0" time="0.018">
    <testcase time="0.00900000000000034" classname="get_supported_filter_varnames" name="get_supported_filter_varnames_returns_character_0_for_an_empty_matrix"/>
    <testcase time="0.00199999999999889" classname="get_supported_filter_varnames" name="get_supported_filter_varnames_returns_character_0_for_an_empty_data.frame"/>
    <testcase time="0.00199999999999889" classname="get_supported_filter_varnames" name="get_supported_filter_varnames_returns_character_0_for_a_single_column_numeric_matrix"/>
    <testcase time="0.00200000000000244" classname="get_supported_filter_varnames" name="get_supported_filter_varnames_returns_character_0_for_a_single_column_of_NA_values"/>
    <testcase time="0.00300000000000011" classname="get_supported_filter_varnames" name="get_supported_filter_varnames_returns_column_names_for_a_non_empty_data.frame"/>
  </testsuite>
  <testsuite name="init_filter_state" timestamp="2023-02-09T12:11:51Z" hostname="b8c71dc165c1" tests="25" skipped="0" failures="0" errors="0" time="4.713">
    <testcase time="0.0109999999999992" classname="init_filter_state" name="init_filter_state_accepts_a_string_not_name_as_varname"/>
    <testcase time="0.00600000000000023" classname="init_filter_state" name="init_filter_state_accepts_a_string_not_name_as_varname"/>
    <testcase time="0.00600000000000023" classname="init_filter_state" name="init_filter_state_accepts_a_character_vector_of_length_0_or_1_as_varlabel"/>
    <testcase time="0.00499999999999901" classname="init_filter_state" name="init_filter_state_accepts_a_character_vector_of_length_0_or_1_as_varlabel"/>
    <testcase time="4.538" classname="init_filter_state" name="dataname_must_be_specified_if_extract_type_is_specified"/>
    <testcase time="0.00900000000000034" classname="init_filter_state" name="init_filter_state_accepts_character_as_extract_type"/>
    <testcase time="0.00600000000000023" classname="init_filter_state" name="init_filter_state_accepts_character_as_extract_type"/>
    <testcase time="0.00499999999999901" classname="init_filter_state" name="init_filter_state_accepts_character_as_extract_type"/>
    <testcase time="0.00700000000000145" classname="init_filter_state" name="init_filter_state_provides_default_values_for_varlabel_and_dataname"/>
    <testcase time="0.00199999999999889" classname="init_filter_state" name="init_filter_state_provides_default_values_for_varlabel_and_dataname"/>
    <testcase time="0.00799999999999912" classname="init_filter_state" name="init_filter_state_returns_an_EmptyFilterState_if_all_values_provided_are_NA"/>
    <testcase time="0.0100000000000016" classname="init_filter_state" name="init_filter_state_returns_a_ChoicesFilterState_if_passed_a_numeric_array_of_length_5"/>
    <testcase time="0.0139999999999993" classname="init_filter_state" name="init_filter_state_returns_a_ChoicesFilterState_if_passed_a_numeric_array_of_length_5"/>
    <testcase time="0.00900000000000034" classname="init_filter_state" name="init_filter_state_returns_a_DateFilterState_object_if_passed_a_Date_object"/>
    <testcase time="0.0109999999999992" classname="init_filter_state" name="init_filter_state_returns_a_DatetimeFilterState_object_if_passed_a_POSIXct_or_POSIXlt_object"/>
    <testcase time="0.00799999999999912" classname="init_filter_state" name="init_filter_state_returns_a_DatetimeFilterState_object_if_passed_a_POSIXct_or_POSIXlt_object"/>
    <testcase time="0.0130000000000017" classname="init_filter_state" name="init_filter_state_returns_a_RangeFilterState_if_passed_a_numeric_array_containing_Inf"/>
    <testcase time="0.00400000000000134" classname="init_filter_state" name="init_filter_state_returns_a_RangeFilterState_if_passed_a_numeric_array_containing_Inf"/>
    <testcase time="0.0069999999999979" classname="init_filter_state" name="init_filter_state_returns_a_ChoicesFilterState_if_passed_fewer_than_five_non_NA_elements"/>
    <testcase time="0.00400000000000134" classname="init_filter_state" name="init_filter_state_returns_a_ChoicesFilterState_if_passed_fewer_than_five_non_NA_elements"/>
    <testcase time="0.0069999999999979" classname="init_filter_state" name="init_filter_state_returns_a_ChoicesFilterState_if_passed_a_character_array"/>
    <testcase time="0.00400000000000134" classname="init_filter_state" name="init_filter_state_returns_a_ChoicesFilterState_if_passed_a_character_array"/>
    <testcase time="0.00700000000000145" classname="init_filter_state" name="init_filter_state_return_a_LogicalFilterState_if_passed_a_logical_array"/>
    <testcase time="0.00399999999999778" classname="init_filter_state" name="init_filter_state_return_a_LogicalFilterState_if_passed_a_logical_array"/>
    <testcase time="0.00799999999999912" classname="init_filter_state" name="init_filter_state_default_accepts_a_list"/>
  </testsuite>
  <testsuite name="init_filter_states" timestamp="2023-02-09T12:11:55Z" hostname="b8c71dc165c1" tests="8" skipped="0" failures="0" errors="0" time="0.037">
    <testcase time="0.00800000000000267" classname="init_filter_states" name="init_filter_states_returns_a_DFFilterStates_object_if_passed_an_empty_data.frame"/>
    <testcase time="0.00399999999999778" classname="init_filter_states" name="init_filter_states_returns_a_DFFilterStates_object_if_passed_an_empty_data.frame"/>
    <testcase time="0.00400000000000134" classname="init_filter_states" name="init_filter_states_returns_a_MatrixFilterStates_object_if_passed_an_empty_matrix"/>
    <testcase time="0.00400000000000134" classname="init_filter_states" name="init_filter_states_returns_a_MatrixFilterStates_object_if_passed_an_empty_matrix"/>
    <testcase time="0.00399999999999778" classname="init_filter_states" name="init_filter_states_returns_an_MAEFilterStates_object_if_passed_an_object_of_class_MAE"/>
    <testcase time="0.00400000000000134" classname="init_filter_states" name="init_filter_states_returns_an_MAEFilterStates_object_if_passed_an_object_of_class_MAE"/>
    <testcase time="0.00499999999999901" classname="init_filter_states" name="init_filter_states_returns_an_SEFilterStates_object_if_passed_an_object_of_class_SE"/>
    <testcase time="0.00400000000000134" classname="init_filter_states" name="init_filter_states_returns_an_SEFilterStates_object_if_passed_an_object_of_class_SE"/>
  </testsuite>
  <testsuite name="init_filtered_data" timestamp="2023-02-09T12:11:55Z" hostname="b8c71dc165c1" tests="10" skipped="0" failures="0" errors="0" time="0.09">
    <testcase time="0.0150000000000006" classname="init_filtered_data" name="init_filtered_data_accepts_a_TealData_object"/>
    <testcase time="0.0179999999999971" classname="init_filtered_data" name="init_filtered_data_accepts_a_CDISCTealData_with_mixed_CDISC_and_Dataset"/>
    <testcase time="0.00700000000000145" classname="init_filtered_data" name="init_filtered_data_accepts_a_list_of_data.frame_objects"/>
    <testcase time="0.00700000000000145" classname="init_filtered_data" name="init_filtered_data.default_asserts_x_has_unique_names"/>
    <testcase time="0.00799999999999912" classname="init_filtered_data" name="init_filtered_data.default_asserts_code_is_CodeClass_"/>
    <testcase time="0.00600000000000023" classname="init_filtered_data" name="init_filtered_data.default_accepts_NULL_passed_to_code"/>
    <testcase time="0.0069999999999979" classname="init_filtered_data" name="init_filtered_data.default_asserts_join_keys_is_JoinKeys_"/>
    <testcase time="0.00600000000000023" classname="init_filtered_data" name="init_filtered_data.default_accepts_NULL_passed_to_join_keys"/>
    <testcase time="0.00900000000000034" classname="init_filtered_data" name="init_filtered_data.default_asserts_cdisc_is_logical_1_"/>
    <testcase time="0.00700000000000145" classname="init_filtered_data" name="init_filtered_data.default_asserts_check_is_logical_1_"/>
  </testsuite>
  <testsuite name="init_filtered_dataset" timestamp="2023-02-09T12:11:55Z" hostname="b8c71dc165c1" tests="4" skipped="0" failures="0" errors="0" time="0.094">
    <testcase time="0.00900000000000034" classname="init_filtered_dataset" name="init_filtered_dataset_returns_a_DefaultFilteredDataset_when_passed_a_data.frame"/>
    <testcase time="0.00499999999999901" classname="init_filtered_dataset" name="init_filtered_dataset_returns_a_DefaultFilteredDataset_when_passed_a_data.frame"/>
    <testcase time="0.0749999999999993" classname="init_filtered_dataset" name="init_filtered_dataset_returns_an_MAEFilteredDataset_when_passed_an_MAE"/>
    <testcase time="0.00499999999999901" classname="init_filtered_dataset" name="init_filtered_dataset_returns_an_MAEFilteredDataset_when_passed_an_MAE"/>
  </testsuite>
  <testsuite name="resolve_state" timestamp="2023-02-09T12:11:56Z" hostname="b8c71dc165c1" tests="11" skipped="0" failures="0" errors="0" time="0.04">
    <testcase time="0.00700000000000145" classname="resolve_state" name="resolve_state_returns_an_identical_list_if_all_fields_are_named"/>
    <testcase time="0.00199999999999889" classname="resolve_state" name="resolve_state_returns_a_list_regardless_of_names"/>
    <testcase time="0.00200000000000244" classname="resolve_state" name="resolve_state_do_not_change_the_class_of_any_named_field"/>
    <testcase time="0.00300000000000011" classname="resolve_state" name="resolve_state_changes_a_single_unnamed_field_into_selected"/>
    <testcase time="0.0069999999999979" classname="resolve_state" name="resolve_state_throws_when_passed_a_list_with_one_unnamed_element_and_a_selected_element"/>
    <testcase time="0.00200000000000244" classname="resolve_state" name="resolve_state_returns_list_with_selected_when_vectors_is_provided"/>
    <testcase time="0.00300000000000011" classname="resolve_state" name="resolve_state_returns_keep_na_TRUE_if_any_element_of_the_vector_has_NA"/>
    <testcase time="0.00199999999999889" classname="resolve_state" name="resolve_state_returns_keep_inf_TRUE_if_any_element_of_the_vector_has_Inf"/>
    <testcase time="0.00300000000000011" classname="resolve_state" name="resolve_state_for_default_filter_results_in_empty_list"/>
    <testcase time="0.00199999999999889" classname="resolve_state" name="resolve_state_for_empty_list_results_in_empty_list"/>
    <testcase time="0.00700000000000145" classname="resolve_state" name="resolve_state_throws_when_passed_a_list_with_more_than_one_unnamed_element"/>
  </testsuite>
  <testsuite name="utils" timestamp="2023-02-09T12:11:56Z" hostname="b8c71dc165c1" tests="2" skipped="0" failures="0" errors="0" time="0.034">
    <testcase time="0.00900000000000034" classname="utils" name="get_teal_bs_theme"/>
    <testcase time="0.0250000000000021" classname="utils" name="get_teal_bs_theme"/>
  </testsuite>
</testsuites>
