<?xml version="1.0" encoding="UTF-8"?>
<testsuites>
  <testsuite name="ChoicesFilterState" timestamp="2025-11-20T12:31:49Z" hostname="0da9e8b248b6" tests="88" skipped="0" failures="0" errors="0" time="1.431">
    <testcase time="0.073" classname="ChoicesFilterState" name="constructor_accepts_all_data_classes"/>
    <testcase time="0.032" classname="ChoicesFilterState" name="constructor_accepts_all_data_classes"/>
    <testcase time="0.017" classname="ChoicesFilterState" name="constructor_accepts_all_data_classes"/>
    <testcase time="0.01" classname="ChoicesFilterState" name="constructor_accepts_all_data_classes"/>
    <testcase time="0.00900000000000001" classname="ChoicesFilterState" name="constructor_accepts_all_data_classes"/>
    <testcase time="0.013" classname="ChoicesFilterState" name="constructor_accepts_all_data_classes"/>
    <testcase time="0.0179999999999999" classname="ChoicesFilterState" name="constructor_raises_warning_if_choices_out_of_range"/>
    <testcase time="0.011" classname="ChoicesFilterState" name="constructor_raises_warning_if_choices_out_of_range"/>
    <testcase time="0.023" classname="ChoicesFilterState" name="constructor_raises_warning_if_selected_out_of_range"/>
    <testcase time="0.018" classname="ChoicesFilterState" name="constructor_sets_default_state"/>
    <testcase time="0.012" classname="ChoicesFilterState" name="constructor_forces_single_selected_when_multiple_is_FALSE"/>
    <testcase time="0.002" classname="ChoicesFilterState" name="constructor_forces_single_selected_when_multiple_is_FALSE"/>
    <testcase time="0.029" classname="ChoicesFilterState" name="constructor_drops_zero_count_choices"/>
    <testcase time="0.002" classname="ChoicesFilterState" name="constructor_drops_zero_count_choices"/>
    <testcase time="0.014" classname="ChoicesFilterState" name="constructor_doesn_t_drop_choice_and_includes_it_in_a_counts"/>
    <testcase time="0.002" classname="ChoicesFilterState" name="constructor_doesn_t_drop_choice_and_includes_it_in_a_counts"/>
    <testcase time="0.0549999999999999" classname="ChoicesFilterState" name="ui_input_with_filtered_x_reactive_outputs_filtered_counts"/>
    <testcase time="0.016" classname="ChoicesFilterState" name="method_get_call_of_default_ChoicesFilterState_object_returns_NULL"/>
    <testcase time="0.016" classname="ChoicesFilterState" name="get_call_returns_NULL_if_all_choices_are_selected"/>
    <testcase time="0.014" classname="ChoicesFilterState" name="get_call_returns_call_selected_different_than_choices"/>
    <testcase time="0.016" classname="ChoicesFilterState" name="get_call_returns_call_always_if_choices_are_limited_regardless_of_selected"/>
    <testcase time="0.013" classname="ChoicesFilterState" name="get_call_prefixes_varname_by_dataname_varname_if_extract_type_list_"/>
    <testcase time="0.0169999999999999" classname="ChoicesFilterState" name="get_call_prefixes_varname_by_dataname_varname_if_extract_type_matrix_"/>
    <testcase time="0.014" classname="ChoicesFilterState" name="get_call_uses_comparison_when_single_value_selected"/>
    <testcase time="0.07" classname="ChoicesFilterState" name="get_call_adds_is.na_var_to_returned_call_if_keep_na_is_true"/>
    <testcase time="0.0150000000000001" classname="ChoicesFilterState" name="get_call_returns_call_if_all_selected_but_NA_exists"/>
    <testcase time="0.014" classname="ChoicesFilterState" name="get_call_returns_calls_appropriate_for_factor_var"/>
    <testcase time="0.0149999999999999" classname="ChoicesFilterState" name="get_call_returns_calls_appropriate_for_factor_var"/>
    <testcase time="0.016" classname="ChoicesFilterState" name="get_call_returns_calls_appropriate_for_numeric_var"/>
    <testcase time="0.0170000000000001" classname="ChoicesFilterState" name="get_call_returns_calls_appropriate_for_date_var"/>
    <testcase time="0.018" classname="ChoicesFilterState" name="get_call_returns_calls_appropriate_for_posixct_var"/>
    <testcase time="0.0179999999999998" classname="ChoicesFilterState" name="get_call_returns_calls_appropriate_for_posixlt_var"/>
    <testcase time="0.028" classname="ChoicesFilterState" name="set_state_raises_warning_when_selection_not_within_allowed_choices"/>
    <testcase time="0.00800000000000001" classname="ChoicesFilterState" name="set_state_raises_warning_when_selection_not_within_allowed_choices"/>
    <testcase time="0.0170000000000001" classname="ChoicesFilterState" name="set_state_raises_warning_when_selection_not_within_allowed_choices"/>
    <testcase time="0.00800000000000001" classname="ChoicesFilterState" name="set_state_raises_warning_when_selection_not_within_allowed_choices"/>
    <testcase time="0.0169999999999999" classname="ChoicesFilterState" name="set_state_raises_warning_when_selection_not_within_allowed_choices"/>
    <testcase time="0.00800000000000001" classname="ChoicesFilterState" name="set_state_raises_warning_when_selection_not_within_allowed_choices"/>
    <testcase time="0.0170000000000001" classname="ChoicesFilterState" name="set_state_raises_warning_when_selection_not_within_allowed_choices"/>
    <testcase time="0.00800000000000001" classname="ChoicesFilterState" name="set_state_raises_warning_when_selection_not_within_allowed_choices"/>
    <testcase time="0.0169999999999999" classname="ChoicesFilterState" name="set_state_raises_warning_when_selection_not_within_allowed_choices"/>
    <testcase time="0.0129999999999999" classname="ChoicesFilterState" name="set_state_raises_warning_when_selection_not_within_allowed_choices"/>
    <testcase time="0.0190000000000001" classname="ChoicesFilterState" name="set_state_sets_intersection_of_choices_and_passed_values"/>
    <testcase time="0.0169999999999999" classname="ChoicesFilterState" name="set_state_sets_intersection_of_choices_and_passed_values"/>
    <testcase time="0.018" classname="ChoicesFilterState" name="set_state_sets_intersection_of_choices_and_passed_values"/>
    <testcase time="0.0170000000000001" classname="ChoicesFilterState" name="set_state_sets_intersection_of_choices_and_passed_values"/>
    <testcase time="0.002" classname="ChoicesFilterState" name="set_state_sets_intersection_of_choices_and_passed_values"/>
    <testcase time="0.0169999999999999" classname="ChoicesFilterState" name="set_state_sets_intersection_of_choices_and_passed_values"/>
    <testcase time="0.002" classname="ChoicesFilterState" name="set_state_sets_intersection_of_choices_and_passed_values"/>
    <testcase time="0.022" classname="ChoicesFilterState" name="set_state_sets_intersection_of_choices_and_passed_values"/>
    <testcase time="0.002" classname="ChoicesFilterState" name="set_state_sets_intersection_of_choices_and_passed_values"/>
    <testcase time="0.0169999999999999" classname="ChoicesFilterState" name="set_state_aborts_multiple_selection_is_aborted_when_multiple_FALSE"/>
    <testcase time="0.016" classname="ChoicesFilterState" name="set_state_aborts_multiple_selection_is_aborted_when_multiple_FALSE"/>
    <testcase time="0.00700000000000012" classname="ChoicesFilterState" name="set_state_aborts_multiple_selection_is_aborted_when_multiple_FALSE"/>
    <testcase time="0.002" classname="ChoicesFilterState" name="set_state_aborts_multiple_selection_is_aborted_when_multiple_FALSE"/>
    <testcase time="0.0229999999999999" classname="ChoicesFilterState" name="format_accepts_logical_show_all"/>
    <testcase time="0.0130000000000001" classname="ChoicesFilterState" name="format_accepts_logical_show_all"/>
    <testcase time="0.0509999999999999" classname="ChoicesFilterState" name="format_accepts_logical_show_all"/>
    <testcase time="0.0069999999999999" classname="ChoicesFilterState" name="format_accepts_logical_show_all"/>
    <testcase time="0.00800000000000001" classname="ChoicesFilterState" name="format_accepts_logical_show_all"/>
    <testcase time="0.016" classname="ChoicesFilterState" name="format_returns_properly_formatted_string_representation"/>
    <testcase time="0.00600000000000001" classname="ChoicesFilterState" name="format_returns_properly_formatted_string_representation"/>
    <testcase time="0.022" classname="ChoicesFilterState" name="print_returns_properly_formatted_string_representation"/>
    <testcase time="0.00600000000000001" classname="ChoicesFilterState" name="print_returns_properly_formatted_string_representation"/>
    <testcase time="0.0130000000000001" classname="ChoicesFilterState" name="get_call_works_for_various_combinations"/>
    <testcase time="0.026" classname="ChoicesFilterState" name="get_call_works_for_various_combinations"/>
    <testcase time="0.0109999999999999" classname="ChoicesFilterState" name="get_call_works_for_various_combinations"/>
    <testcase time="0.01" classname="ChoicesFilterState" name="get_call_works_for_various_combinations"/>
    <testcase time="0.012" classname="ChoicesFilterState" name="get_call_works_for_various_combinations"/>
    <testcase time="0.01" classname="ChoicesFilterState" name="get_call_works_for_various_combinations"/>
    <testcase time="0.0129999999999999" classname="ChoicesFilterState" name="get_call_works_for_various_combinations"/>
    <testcase time="0.012" classname="ChoicesFilterState" name="get_call_works_for_various_combinations"/>
    <testcase time="0.012" classname="ChoicesFilterState" name="get_call_works_for_various_combinations"/>
    <testcase time="0.012" classname="ChoicesFilterState" name="get_call_works_for_various_combinations"/>
    <testcase time="0.018" classname="ChoicesFilterState" name="get_call_works_for_various_combinations"/>
    <testcase time="0.012" classname="ChoicesFilterState" name="get_call_works_for_various_combinations"/>
    <testcase time="0.012" classname="ChoicesFilterState" name="get_call_works_for_various_combinations"/>
    <testcase time="0.012" classname="ChoicesFilterState" name="get_call_works_for_various_combinations"/>
    <testcase time="0.012" classname="ChoicesFilterState" name="get_call_works_for_various_combinations"/>
    <testcase time="0.0109999999999999" classname="ChoicesFilterState" name="get_call_works_for_various_combinations"/>
    <testcase time="0.012" classname="ChoicesFilterState" name="get_call_works_for_various_combinations"/>
    <testcase time="0.012" classname="ChoicesFilterState" name="get_call_works_for_various_combinations"/>
    <testcase time="0.024" classname="ChoicesFilterState" name="get_call_works_for_various_combinations"/>
    <testcase time="0.018" classname="ChoicesFilterState" name="get_call_works_for_various_combinations"/>
    <testcase time="0.018" classname="ChoicesFilterState" name="get_call_works_for_various_combinations"/>
    <testcase time="0.018" classname="ChoicesFilterState" name="get_call_works_for_various_combinations"/>
    <testcase time="0.0189999999999999" classname="ChoicesFilterState" name="get_call_works_for_various_combinations"/>
    <testcase time="0.022" classname="ChoicesFilterState" name="get_call_works_for_various_combinations"/>
  </testsuite>
  <testsuite name="DFFilterStates" timestamp="2025-11-20T12:31:50Z" hostname="0da9e8b248b6" tests="3" skipped="0" failures="0" errors="0" time="0.155">
    <testcase time="0.0230000000000001" classname="DFFilterStates" name="contructor_accepts_keys_as_string"/>
    <testcase time="0.00600000000000001" classname="DFFilterStates" name="get_filter_state_return_teal_slices_with_include_varnames_and_count_type_by_default"/>
    <testcase time="0.126" classname="DFFilterStates" name="get_call_returns_filter_call_on_dataname_with_unprefixed_variables_in_logical_expression"/>
  </testsuite>
  <testsuite name="DataframeFilteredDataset" timestamp="2025-11-20T12:31:51Z" hostname="0da9e8b248b6" tests="22" skipped="0" failures="0" errors="0" time="1.046">
    <testcase time="0.0219999999999998" classname="DataframeFilteredDataset" name="constructor_accepts_data.frame_object_with_a_dataname"/>
    <testcase time="0.00499999999999989" classname="DataframeFilteredDataset" name="constructor_accepts_data.frame_object_with_a_dataname"/>
    <testcase time="0.00500000000000034" classname="DataframeFilteredDataset" name="constructor_accepts_data.frame_object_with_a_dataname"/>
    <testcase time="0.004" classname="DataframeFilteredDataset" name="constructor_accepts_data.frame_object_with_a_dataname"/>
    <testcase time="0.00499999999999989" classname="DataframeFilteredDataset" name="constructor_accepts_data.frame_object_with_a_dataname"/>
    <testcase time="0.0110000000000001" classname="DataframeFilteredDataset" name="filter_states_list_is_initialized_with_single_FilterStates_element_named_filter"/>
    <testcase time="0.0839999999999996" classname="DataframeFilteredDataset" name="set_filter_state_accepts_teal_slices_"/>
    <testcase time="0.0110000000000001" classname="DataframeFilteredDataset" name="set_filter_state_accepts_teal_slices_"/>
    <testcase time="0.089" classname="DataframeFilteredDataset" name="set_filter_state_sets_teal_slice_"/>
    <testcase time="0.004" classname="DataframeFilteredDataset" name="set_filter_state_sets_teal_slice_"/>
    <testcase time="0.00099999999999989" classname="DataframeFilteredDataset" name="set_filter_state_sets_teal_slice_"/>
    <testcase time="0.103" classname="DataframeFilteredDataset" name="format_returns_a_properly_formatted_string_representation"/>
    <testcase time="0.0139999999999998" classname="DataframeFilteredDataset" name="format_returns_a_properly_formatted_string_representation"/>
    <testcase time="0.0990000000000002" classname="DataframeFilteredDataset" name="print_returns_a_properly_formatted_string_representation"/>
    <testcase time="0.0139999999999998" classname="DataframeFilteredDataset" name="print_returns_a_properly_formatted_string_representation"/>
    <testcase time="0.0970000000000004" classname="DataframeFilteredDataset" name="remove_filter_state_removes_desired_filter"/>
    <testcase time="0.0949999999999998" classname="DataframeFilteredDataset" name="remove_filter_state_can_remove_multiple_filters"/>
    <testcase time="0.0089999999999999" classname="DataframeFilteredDataset" name="get_filter_overview_returns_overview_data.frame_with_obs_filter_counts"/>
    <testcase time="0.171" classname="DataframeFilteredDataset" name="get_filter_overview_returns_overview_data.frame_with_obs_filter_counts"/>
    <testcase time="0.0829999999999997" classname="DataframeFilteredDataset" name="get_filter_overview_returns_overview_data.frame_with_obs_and_subject_filter_counts_"/>
    <testcase time="0.00800000000000001" classname="DataframeFilteredDataset" name="get_call_returns_a_list_of_calls_or_NULL"/>
    <testcase time="0.112" classname="DataframeFilteredDataset" name="get_call_returns_a_list_of_calls_or_NULL"/>
  </testsuite>
  <testsuite name="DateFilterState" timestamp="2025-11-20T12:31:52Z" hostname="0da9e8b248b6" tests="36" skipped="0" failures="0" errors="0" time="0.509">
    <testcase time="0.0169999999999999" classname="DateFilterState" name="constructor_accepts_a_Date_object"/>
    <testcase time="0.00800000000000001" classname="DateFilterState" name="constructor_accepts_a_Date_object"/>
    <testcase time="0.0129999999999999" classname="DateFilterState" name="constructor_raises_warning_when_selected_out_of_range"/>
    <testcase time="0.012" classname="DateFilterState" name="constructor_raises_warning_when_selected_is_not_sorted"/>
    <testcase time="0.0210000000000004" classname="DateFilterState" name="constructor_raises_error_when_selection_is_not_Date"/>
    <testcase time="0.0129999999999999" classname="DateFilterState" name="constructor_raises_warning_when_chioces_is_not_sorted"/>
    <testcase time="0.012" classname="DateFilterState" name="constructor_raises_warning_when_chioces_out_of_range"/>
    <testcase time="0.0139999999999998" classname="DateFilterState" name="constructor_raises_error_when_selection_is_not_Date"/>
    <testcase time="0.0170000000000003" classname="DateFilterState" name="constructor_sets_default_state"/>
    <testcase time="0.016" classname="DateFilterState" name="set_state_selected_accepts_vector_of_two_coercible_to_Date_elements"/>
    <testcase time="0.00699999999999967" classname="DateFilterState" name="set_state_selected_accepts_vector_of_two_coercible_to_Date_elements"/>
    <testcase time="0.012" classname="DateFilterState" name="set_state_selected_accepts_vector_of_two_coercible_to_Date_elements"/>
    <testcase time="0.012" classname="DateFilterState" name="set_state_selected_accepts_vector_of_two_coercible_to_Date_elements"/>
    <testcase time="0.0209999999999999" classname="DateFilterState" name="set_state_selected_raises_warning_when_selection_is_not_within_the_possible_range"/>
    <testcase time="0.00800000000000001" classname="DateFilterState" name="set_state_selected_raises_warning_when_selection_is_not_within_the_possible_range"/>
    <testcase time="0.00900000000000034" classname="DateFilterState" name="set_state_selected_raises_warning_when_selection_is_not_within_the_possible_range"/>
    <testcase time="0.0179999999999998" classname="DateFilterState" name="set_state_selected_range_is_limited_to_lower_and_upper_bound_of_possible_range"/>
    <testcase time="0.0089999999999999" classname="DateFilterState" name="set_state_selected_range_is_limited_to_lower_and_upper_bound_of_possible_range"/>
    <testcase time="0.0110000000000001" classname="DateFilterState" name="set_state_selected_range_is_limited_to_lower_and_upper_bound_of_possible_range"/>
    <testcase time="0.0720000000000001" classname="DateFilterState" name="set_state_selected_raises_error_when_selection_is_not_a_Date_or_coercible"/>
    <testcase time="0.0139999999999998" classname="DateFilterState" name="method_get_call_of_default_DateFilterState_object_returns_NULL"/>
    <testcase time="0.012" classname="DateFilterState" name="get_call_returns_call_selected_different_than_choices"/>
    <testcase time="0.012" classname="DateFilterState" name="get_call_returns_call_always_if_choices_are_limited_regardless_of_selected"/>
    <testcase time="0.0180000000000002" classname="DateFilterState" name="get_call_prefixes_varname_by_dataname_varname_if_extract_type_list_"/>
    <testcase time="0.0139999999999998" classname="DateFilterState" name="get_call_prefixes_varname_by_dataname_varname_if_extract_type_matrix_"/>
    <testcase time="0.0150000000000001" classname="DateFilterState" name="get_call_adds_is.na_variable_to_returned_call_if_keep_na_is_true"/>
    <testcase time="0.0129999999999999" classname="DateFilterState" name="get_call_returns_call_if_all_selected_but_NA_exists"/>
    <testcase time="0.0129999999999999" classname="DateFilterState" name="format_accepts_logical_show_all"/>
    <testcase time="0.00300000000000011" classname="DateFilterState" name="format_accepts_logical_show_all"/>
    <testcase time="0.00800000000000001" classname="DateFilterState" name="format_accepts_logical_show_all"/>
    <testcase time="0.012" classname="DateFilterState" name="format_accepts_logical_show_all"/>
    <testcase time="0.00900000000000034" classname="DateFilterState" name="format_accepts_logical_show_all"/>
    <testcase time="0.016" classname="DateFilterState" name="format_returns_a_properly_formatted_string_representation"/>
    <testcase time="0.00599999999999978" classname="DateFilterState" name="format_returns_a_properly_formatted_string_representation"/>
    <testcase time="0.0150000000000001" classname="DateFilterState" name="print_returns_a_properly_formatted_string_representation"/>
    <testcase time="0.00700000000000012" classname="DateFilterState" name="print_returns_a_properly_formatted_string_representation"/>
  </testsuite>
  <testsuite name="DatetimeFilterState" timestamp="2025-11-20T12:31:52Z" hostname="0da9e8b248b6" tests="40" skipped="0" failures="0" errors="0" time="0.598">
    <testcase time="0.0169999999999999" classname="DatetimeFilterState" name="constructor_accepts_a_POSIXct_or_POSIXlt_object"/>
    <testcase time="0.0150000000000001" classname="DatetimeFilterState" name="constructor_accepts_a_POSIXct_or_POSIXlt_object"/>
    <testcase time="0.00999999999999979" classname="DatetimeFilterState" name="constructor_accepts_a_POSIXct_or_POSIXlt_object"/>
    <testcase time="0.0139999999999998" classname="DatetimeFilterState" name="constructor_raises_warning_when_selected_is_out_of_range"/>
    <testcase time="0.0130000000000003" classname="DatetimeFilterState" name="constructor_raises_warning_when_selected_is_not_sorted"/>
    <testcase time="0.0179999999999998" classname="DatetimeFilterState" name="constructor_raises_error_when_selection_is_not_Datetime_or_coercible"/>
    <testcase time="0.0129999999999999" classname="DatetimeFilterState" name="constructor_raises_warning_when_choices_is_out_of_range"/>
    <testcase time="0.0210000000000004" classname="DatetimeFilterState" name="constructor_raises_warning_when_choices_is_not_sorted"/>
    <testcase time="0.0149999999999997" classname="DatetimeFilterState" name="constructor_raises_error_when_choices_is_not_Date"/>
    <testcase time="0.0170000000000003" classname="DatetimeFilterState" name="set_state_selected_accepts_vector_of_two_POSIXct_objects_or_coercible"/>
    <testcase time="0.00699999999999967" classname="DatetimeFilterState" name="set_state_selected_accepts_vector_of_two_POSIXct_objects_or_coercible"/>
    <testcase time="0.012" classname="DatetimeFilterState" name="set_state_selected_accepts_vector_of_two_POSIXct_objects_or_coercible"/>
    <testcase time="0.0169999999999999" classname="DatetimeFilterState" name="set_state_selected_accepts_vector_of_two_POSIXct_objects_or_coercible"/>
    <testcase time="0.02" classname="DatetimeFilterState" name="set_state_selected_raises_warning_when_selection_not_fully_included_in_range"/>
    <testcase time="0.00900000000000034" classname="DatetimeFilterState" name="set_state_selected_raises_warning_when_selection_not_fully_included_in_range"/>
    <testcase time="0.0089999999999999" classname="DatetimeFilterState" name="set_state_selected_raises_warning_when_selection_not_fully_included_in_range"/>
    <testcase time="0.02" classname="DatetimeFilterState" name="set_state_selected_range_is_limited_to_lower_and_upper_bound_of_possible_range"/>
    <testcase time="0.0129999999999999" classname="DatetimeFilterState" name="set_state_selected_range_is_limited_to_lower_and_upper_bound_of_possible_range"/>
    <testcase time="0.012" classname="DatetimeFilterState" name="set_state_selected_range_is_limited_to_lower_and_upper_bound_of_possible_range"/>
    <testcase time="0.0230000000000001" classname="DatetimeFilterState" name="set_state_selected_raises_error_when_selection_is_not_a_Date_or_coercible"/>
    <testcase time="0.0139999999999998" classname="DatetimeFilterState" name="get_call_method_of_default_DatetimeFilterState_object_returns_NULL"/>
    <testcase time="0.0140000000000002" classname="DatetimeFilterState" name="get_call_returns_call_selected_different_than_choices"/>
    <testcase time="0.0179999999999998" classname="DatetimeFilterState" name="get_call_returns_call_always_if_choices_are_limited_regardless_of_selected"/>
    <testcase time="0.0149999999999997" classname="DatetimeFilterState" name="get_call_prefixes_varname_by_dataname_varname_if_extract_type_list_"/>
    <testcase time="0.0130000000000008" classname="DatetimeFilterState" name="get_call_prefixes_varname_by_dataname_varname_if_extract_type_matrix_"/>
    <testcase time="0.016" classname="DatetimeFilterState" name="get_call_adds_is.na_variable_to_returned_call_if_keep_na_is_true">
      <system-out>'tzone' attributes are inconsistent
Backtrace:
     ▆
  1. └─DatetimeFilterState$new(...) at test-DatetimeFilterState.R:218:3
  2.   └─teal.slice (local) initialize(...)
  3.     ├─shiny::isolate(...)
  4.     │ ├─shiny::..stacktraceoff..(...)
  5.     │ └─ctx$run(...)
  6.     │   ├─promises::with_promise_domain(...)
  7.     │   │ └─domain$wrapSync(expr)
  8.     │   ├─shiny::withReactiveDomain(...)
  9.     │   │ └─promises::with_promise_domain(...)
 10.     │   │   └─domain$wrapSync(expr)
 11.     │   │     └─base::force(expr)
 12.     │   ├─shiny::captureStackTraces(...)
 13.     │   │ └─promises::with_promise_domain(...)
 14.     │   │   └─domain$wrapSync(expr)
 15.     │   │     └─base::withCallingHandlers(expr, error = doCaptureStack)
 16.     │   └─env$runWith(self, func)
 17.     │     └─shiny (local) contextFunc()
 18.     │       └─shiny::..stacktraceon..(expr)
 19.     └─private$set_selected(slice$selected)
 20.       ├─shiny::isolate(...)
 21.       │ ├─shiny::..stacktraceoff..(...)
 22.       │ └─ctx$run(...)
 23.       │   ├─promises::with_promise_domain(...)
 24.       │   │ └─domain$wrapSync(expr)
 25.       │   ├─shiny::withReactiveDomain(...)
 26.       │   │ └─promises::with_promise_domain(...)
 27.       │   │   └─domain$wrapSync(expr)
 28.       │   │     └─base::force(expr)
 29.       │   ├─shiny::captureStackTraces(...)
 30.       │   │ └─promises::with_promise_domain(...)
 31.       │   │   └─domain$wrapSync(expr)
 32.       │   │     └─base::withCallingHandlers(expr, error = doCaptureStack)
 33.       │   └─env$runWith(self, func)
 34.       │     └─shiny (local) contextFunc()
 35.       │       └─shiny::..stacktraceon..(expr)
 36.       └─private$remove_out_of_bounds_values(value)
 37.         └─base::Ops.POSIXt(values[1], choices[1L])
 38.           └─base::.check_tzones(e1, e2)</system-out>
    </testcase>
    <testcase time="0.0329999999999995" classname="DatetimeFilterState" name="get_call_adds_is.na_variable_to_returned_call_if_keep_na_is_true">
      <system-out>'tzone' attributes are inconsistent
Backtrace:
     ▆
  1. └─DatetimeFilterState$new(...) at test-DatetimeFilterState.R:218:3
  2.   └─teal.slice (local) initialize(...)
  3.     ├─shiny::isolate(...)
  4.     │ ├─shiny::..stacktraceoff..(...)
  5.     │ └─ctx$run(...)
  6.     │   ├─promises::with_promise_domain(...)
  7.     │   │ └─domain$wrapSync(expr)
  8.     │   ├─shiny::withReactiveDomain(...)
  9.     │   │ └─promises::with_promise_domain(...)
 10.     │   │   └─domain$wrapSync(expr)
 11.     │   │     └─base::force(expr)
 12.     │   ├─shiny::captureStackTraces(...)
 13.     │   │ └─promises::with_promise_domain(...)
 14.     │   │   └─domain$wrapSync(expr)
 15.     │   │     └─base::withCallingHandlers(expr, error = doCaptureStack)
 16.     │   └─env$runWith(self, func)
 17.     │     └─shiny (local) contextFunc()
 18.     │       └─shiny::..stacktraceon..(expr)
 19.     └─private$set_selected(slice$selected)
 20.       ├─shiny::isolate(...)
 21.       │ ├─shiny::..stacktraceoff..(...)
 22.       │ └─ctx$run(...)
 23.       │   ├─promises::with_promise_domain(...)
 24.       │   │ └─domain$wrapSync(expr)
 25.       │   ├─shiny::withReactiveDomain(...)
 26.       │   │ └─promises::with_promise_domain(...)
 27.       │   │   └─domain$wrapSync(expr)
 28.       │   │     └─base::force(expr)
 29.       │   ├─shiny::captureStackTraces(...)
 30.       │   │ └─promises::with_promise_domain(...)
 31.       │   │   └─domain$wrapSync(expr)
 32.       │   │     └─base::withCallingHandlers(expr, error = doCaptureStack)
 33.       │   └─env$runWith(self, func)
 34.       │     └─shiny (local) contextFunc()
 35.       │       └─shiny::..stacktraceon..(expr)
 36.       └─private$remove_out_of_bounds_values(value)
 37.         └─base::Ops.POSIXt(values[1], choices[2L])
 38.           └─base::.check_tzones(e1, e2)</system-out>
    </testcase>
    <testcase time="0.0229999999999997" classname="DatetimeFilterState" name="get_call_adds_is.na_variable_to_returned_call_if_keep_na_is_true">
      <system-out>'tzone' attributes are inconsistent
Backtrace:
     ▆
  1. └─DatetimeFilterState$new(...) at test-DatetimeFilterState.R:218:3
  2.   └─teal.slice (local) initialize(...)
  3.     ├─shiny::isolate(...)
  4.     │ ├─shiny::..stacktraceoff..(...)
  5.     │ └─ctx$run(...)
  6.     │   ├─promises::with_promise_domain(...)
  7.     │   │ └─domain$wrapSync(expr)
  8.     │   ├─shiny::withReactiveDomain(...)
  9.     │   │ └─promises::with_promise_domain(...)
 10.     │   │   └─domain$wrapSync(expr)
 11.     │   │     └─base::force(expr)
 12.     │   ├─shiny::captureStackTraces(...)
 13.     │   │ └─promises::with_promise_domain(...)
 14.     │   │   └─domain$wrapSync(expr)
 15.     │   │     └─base::withCallingHandlers(expr, error = doCaptureStack)
 16.     │   └─env$runWith(self, func)
 17.     │     └─shiny (local) contextFunc()
 18.     │       └─shiny::..stacktraceon..(expr)
 19.     └─private$set_selected(slice$selected)
 20.       ├─shiny::isolate(...)
 21.       │ ├─shiny::..stacktraceoff..(...)
 22.       │ └─ctx$run(...)
 23.       │   ├─promises::with_promise_domain(...)
 24.       │   │ └─domain$wrapSync(expr)
 25.       │   ├─shiny::withReactiveDomain(...)
 26.       │   │ └─promises::with_promise_domain(...)
 27.       │   │   └─domain$wrapSync(expr)
 28.       │   │     └─base::force(expr)
 29.       │   ├─shiny::captureStackTraces(...)
 30.       │   │ └─promises::with_promise_domain(...)
 31.       │   │   └─domain$wrapSync(expr)
 32.       │   │     └─base::withCallingHandlers(expr, error = doCaptureStack)
 33.       │   └─env$runWith(self, func)
 34.       │     └─shiny (local) contextFunc()
 35.       │       └─shiny::..stacktraceon..(expr)
 36.       └─private$remove_out_of_bounds_values(value)
 37.         └─base::Ops.POSIXt(values[2], choices[2L])
 38.           └─base::.check_tzones(e1, e2)</system-out>
    </testcase>
    <testcase time="0.0250000000000004" classname="DatetimeFilterState" name="get_call_adds_is.na_variable_to_returned_call_if_keep_na_is_true">
      <system-out>'tzone' attributes are inconsistent
Backtrace:
     ▆
  1. └─DatetimeFilterState$new(...) at test-DatetimeFilterState.R:218:3
  2.   └─teal.slice (local) initialize(...)
  3.     ├─shiny::isolate(...)
  4.     │ ├─shiny::..stacktraceoff..(...)
  5.     │ └─ctx$run(...)
  6.     │   ├─promises::with_promise_domain(...)
  7.     │   │ └─domain$wrapSync(expr)
  8.     │   ├─shiny::withReactiveDomain(...)
  9.     │   │ └─promises::with_promise_domain(...)
 10.     │   │   └─domain$wrapSync(expr)
 11.     │   │     └─base::force(expr)
 12.     │   ├─shiny::captureStackTraces(...)
 13.     │   │ └─promises::with_promise_domain(...)
 14.     │   │   └─domain$wrapSync(expr)
 15.     │   │     └─base::withCallingHandlers(expr, error = doCaptureStack)
 16.     │   └─env$runWith(self, func)
 17.     │     └─shiny (local) contextFunc()
 18.     │       └─shiny::..stacktraceon..(expr)
 19.     └─private$set_selected(slice$selected)
 20.       ├─shiny::isolate(...)
 21.       │ ├─shiny::..stacktraceoff..(...)
 22.       │ └─ctx$run(...)
 23.       │   ├─promises::with_promise_domain(...)
 24.       │   │ └─domain$wrapSync(expr)
 25.       │   ├─shiny::withReactiveDomain(...)
 26.       │   │ └─promises::with_promise_domain(...)
 27.       │   │   └─domain$wrapSync(expr)
 28.       │   │     └─base::force(expr)
 29.       │   ├─shiny::captureStackTraces(...)
 30.       │   │ └─promises::with_promise_domain(...)
 31.       │   │   └─domain$wrapSync(expr)
 32.       │   │     └─base::withCallingHandlers(expr, error = doCaptureStack)
 33.       │   └─env$runWith(self, func)
 34.       │     └─shiny (local) contextFunc()
 35.       │       └─shiny::..stacktraceon..(expr)
 36.       └─private$remove_out_of_bounds_values(value)
 37.         └─base::Ops.POSIXt(values[2], choices[1L])
 38.           └─base::.check_tzones(e1, e2)</system-out>
    </testcase>
    <testcase time="0.0229999999999997" classname="DatetimeFilterState" name="get_call_adds_is.na_variable_to_returned_call_if_keep_na_is_true"/>
    <testcase time="0.0149999999999997" classname="DatetimeFilterState" name="get_call_returns_call_if_all_selected_but_NA_exists"/>
    <testcase time="0.0140000000000002" classname="DatetimeFilterState" name="format_accepts_logical_show_all"/>
    <testcase time="0.00300000000000011" classname="DatetimeFilterState" name="format_accepts_logical_show_all"/>
    <testcase time="0.0129999999999999" classname="DatetimeFilterState" name="format_accepts_logical_show_all"/>
    <testcase time="0.00900000000000034" classname="DatetimeFilterState" name="format_accepts_logical_show_all"/>
    <testcase time="0.00800000000000001" classname="DatetimeFilterState" name="format_accepts_logical_show_all"/>
    <testcase time="0.016" classname="DatetimeFilterState" name="format_returns_a_properly_formatted_string_representation"/>
    <testcase time="0.00499999999999989" classname="DatetimeFilterState" name="format_returns_a_properly_formatted_string_representation"/>
    <testcase time="0.016" classname="DatetimeFilterState" name="print_returns_a_properly_formatted_string_representation"/>
    <testcase time="0.00999999999999979" classname="DatetimeFilterState" name="print_returns_a_properly_formatted_string_representation"/>
  </testsuite>
  <testsuite name="DefaultFilteredDataset" timestamp="2025-11-20T12:31:53Z" hostname="0da9e8b248b6" tests="18" skipped="0" failures="0" errors="0" time="0.149">
    <testcase time="0.0499999999999998" classname="DefaultFilteredDataset" name="constructor_accepts_all_types_of_datasets"/>
    <testcase time="0.00400000000000045" classname="DefaultFilteredDataset" name="constructor_accepts_all_types_of_datasets"/>
    <testcase time="0.00399999999999956" classname="DefaultFilteredDataset" name="constructor_accepts_all_types_of_datasets"/>
    <testcase time="0.00400000000000045" classname="DefaultFilteredDataset" name="constructor_accepts_all_types_of_datasets"/>
    <testcase time="0.00399999999999956" classname="DefaultFilteredDataset" name="constructor_accepts_all_types_of_datasets"/>
    <testcase time="0.00400000000000045" classname="DefaultFilteredDataset" name="constructor_accepts_all_types_of_datasets"/>
    <testcase time="0.00399999999999956" classname="DefaultFilteredDataset" name="constructor_accepts_all_types_of_datasets"/>
    <testcase time="0.0200000000000005" classname="DefaultFilteredDataset" name="constructor_accepts_all_types_of_datasets"/>
    <testcase time="0.00499999999999989" classname="DefaultFilteredDataset" name="format_dispalys_object_name_and_class"/>
    <testcase time="0.00499999999999989" classname="DefaultFilteredDataset" name="format_trims_very_long_class_names_to_40_characters_if_trim_lines_TRUE"/>
    <testcase time="0.00199999999999978" classname="DefaultFilteredDataset" name="format_trims_very_long_class_names_to_40_characters_if_trim_lines_TRUE"/>
    <testcase time="0.00600000000000023" classname="DefaultFilteredDataset" name="get_call_returns_NULL"/>
    <testcase time="0.00600000000000023" classname="DefaultFilteredDataset" name="get_filter_state_returns_NULL"/>
    <testcase time="0.00800000000000001" classname="DefaultFilteredDataset" name="set_filter_state_returns_NULL_raises_warning_if_state_is_not_empty"/>
    <testcase time="0.00199999999999978" classname="DefaultFilteredDataset" name="set_filter_state_returns_NULL_raises_warning_if_state_is_not_empty"/>
    <testcase time="0.00300000000000011" classname="DefaultFilteredDataset" name="set_filter_state_returns_NULL_raises_warning_if_state_is_not_empty"/>
    <testcase time="0.0110000000000001" classname="DefaultFilteredDataset" name="clear_filter_state_returns_NULL"/>
    <testcase time="0.00699999999999967" classname="DefaultFilteredDataset" name="get_filter_overview_returns_NULL"/>
  </testsuite>
  <testsuite name="EmptyFilterState" timestamp="2025-11-20T12:31:53Z" hostname="0da9e8b248b6" tests="11" skipped="0" failures="0" errors="0" time="0.22">
    <testcase time="0.0149999999999997" classname="EmptyFilterState" name="get_call_of_default_EmptyFilterState_returns_NULL_by_default"/>
    <testcase time="0.0110000000000001" classname="EmptyFilterState" name="get_call_of_default_EmptyFilterState_returns_is.na_call_if_keep_na_is_FALSE"/>
    <testcase time="0.0110000000000001" classname="EmptyFilterState" name="format_accepts_logical_show_all"/>
    <testcase time="0.00800000000000001" classname="EmptyFilterState" name="format_accepts_logical_show_all"/>
    <testcase time="0.00900000000000034" classname="EmptyFilterState" name="format_accepts_logical_show_all"/>
    <testcase time="0.00800000000000001" classname="EmptyFilterState" name="format_accepts_logical_show_all"/>
    <testcase time="0.00800000000000001" classname="EmptyFilterState" name="format_accepts_logical_show_all"/>
    <testcase time="0.0119999999999996" classname="EmptyFilterState" name="format_returns_a_properly_formatted_string_representation"/>
    <testcase time="0.119" classname="EmptyFilterState" name="format_returns_a_properly_formatted_string_representation"/>
    <testcase time="0.0130000000000008" classname="EmptyFilterState" name="print_returns_a_properly_formatted_string_representation"/>
    <testcase time="0.00599999999999934" classname="EmptyFilterState" name="print_returns_a_properly_formatted_string_representation"/>
  </testsuite>
  <testsuite name="FilterState" timestamp="2025-11-20T12:31:53Z" hostname="0da9e8b248b6" tests="39" skipped="0" failures="0" errors="0" time="0.407">
    <testcase time="0.0129999999999999" classname="FilterState" name="constructor_checks_arguments"/>
    <testcase time="0.00800000000000001" classname="FilterState" name="constructor_checks_arguments"/>
    <testcase time="0.00900000000000034" classname="FilterState" name="constructor_checks_arguments"/>
    <testcase time="0.00900000000000034" classname="FilterState" name="constructor_checks_arguments"/>
    <testcase time="0.0129999999999999" classname="FilterState" name="set_state_can_set_mutable_fields"/>
    <testcase time="0.00699999999999967" classname="FilterState" name="set_state_can_set_mutable_fields"/>
    <testcase time="0.00700000000000056" classname="FilterState" name="set_state_can_set_mutable_fields"/>
    <testcase time="0.00899999999999945" classname="FilterState" name="get_state_returns_a_teal_slice_object_passed_via_constructor"/>
    <testcase time="0.0200000000000005" classname="FilterState" name="get_state_returns_a_teal_slice_identical_to_set_state_input"/>
    <testcase time="0.016" classname="FilterState" name="set_state_only_sets_properties_defined_in_teal_slice"/>
    <testcase time="0.00999999999999979" classname="FilterState" name="set_state_only_sets_properties_defined_in_teal_slice"/>
    <testcase time="0.0129999999999999" classname="FilterState" name="set_state_only_sets_properties_defined_in_teal_slice"/>
    <testcase time="0.0110000000000001" classname="FilterState" name="set_state_cannot_set_mutable_fields_in_a_fixed_FilterState"/>
    <testcase time="0.00399999999999956" classname="FilterState" name="set_state_cannot_set_mutable_fields_in_a_fixed_FilterState"/>
    <testcase time="0.0170000000000003" classname="FilterState" name="set_state_can_set_mutable_fields_in_a_anchored_FilterState"/>
    <testcase time="0.00900000000000034" classname="FilterState" name="constructor_initializes_selected_NULL_by_default"/>
    <testcase time="0.00999999999999979" classname="FilterState" name="constructor_initializes_keep_na_TRUE_by_default_if_data_contains_NAs"/>
    <testcase time="0.00699999999999967" classname="FilterState" name="constructor_initializes_keep_na_TRUE_by_default_if_data_contains_NAs"/>
    <testcase time="0.0110000000000001" classname="FilterState" name="get_call_raises_error"/>
    <testcase time="0.00900000000000034" classname="FilterState" name="set_selected_sets_value_get_selected_returns_the_same_value"/>
    <testcase time="0.00899999999999945" classname="FilterState" name="add_keep_na_call_modifies_call_if_keep_na_set_to_TRUE"/>
    <testcase time="0.00800000000000001" classname="FilterState" name="add_keep_na_call_modifies_call_if_keep_na_set_to_TRUE"/>
    <testcase time="0.00800000000000001" classname="FilterState" name="get_varlabel_returns_a_string_if_x_has_the_label_attribute_different_to_varname"/>
    <testcase time="0.0540000000000003" classname="FilterState" name="get_varlabel_returns_a_string_if_x_has_the_label_attribute_different_to_varname"/>
    <testcase time="0.00699999999999967" classname="FilterState" name="get_varlabel_returns_a_string_if_x_has_the_label_attribute_different_to_varname"/>
    <testcase time="0.00900000000000034" classname="FilterState" name="format_accepts_logical_show_all"/>
    <testcase time="0.00399999999999956" classname="FilterState" name="format_accepts_logical_show_all"/>
    <testcase time="0.00800000000000001" classname="FilterState" name="format_accepts_logical_show_all"/>
    <testcase time="0.00800000000000001" classname="FilterState" name="format_accepts_logical_show_all"/>
    <testcase time="0.00700000000000056" classname="FilterState" name="format_accepts_logical_show_all"/>
    <testcase time="0.00999999999999979" classname="FilterState" name="format_accepts_logical_trim_lines"/>
    <testcase time="0.00300000000000011" classname="FilterState" name="format_accepts_logical_trim_lines"/>
    <testcase time="0.00699999999999967" classname="FilterState" name="format_accepts_logical_trim_lines"/>
    <testcase time="0.00800000000000001" classname="FilterState" name="format_accepts_logical_trim_lines"/>
    <testcase time="0.00700000000000056" classname="FilterState" name="format_accepts_logical_trim_lines"/>
    <testcase time="0.0109999999999992" classname="FilterState" name="format_returns_a_properly_formatted_string_representation"/>
    <testcase time="0.00600000000000023" classname="FilterState" name="format_returns_a_properly_formatted_string_representation"/>
    <testcase time="0.0110000000000001" classname="FilterState" name="print_returns_a_properly_formatted_string_representation"/>
    <testcase time="0.00999999999999979" classname="FilterState" name="print_returns_a_properly_formatted_string_representation"/>
  </testsuite>
  <testsuite name="FilterStateExpr" timestamp="2025-11-20T12:31:54Z" hostname="0da9e8b248b6" tests="17" skipped="0" failures="0" errors="0" time="0.118">
    <testcase time="0.00900000000000034" classname="FilterStateExpr" name="initialize_require_teal_slice_expr"/>
    <testcase time="0.00600000000000023" classname="FilterStateExpr" name="initialize_require_teal_slice_expr"/>
    <testcase time="0.00599999999999934" classname="FilterStateExpr" name="get_call_returns_call_identical_to_one_passed_in_the_constructor"/>
    <testcase time="0.00800000000000001" classname="FilterStateExpr" name="get_state_returns_list_of_state_values"/>
    <testcase time="0.00800000000000001" classname="FilterStateExpr" name="set_state_ignores_every_attribute"/>
    <testcase time="0.00900000000000034" classname="FilterStateExpr" name="format_returns_a_properly_formatted_string_representation"/>
    <testcase time="0.00600000000000023" classname="FilterStateExpr" name="format_accepts_logical_show_all"/>
    <testcase time="0.00300000000000011" classname="FilterStateExpr" name="format_accepts_logical_show_all"/>
    <testcase time="0.00800000000000001" classname="FilterStateExpr" name="format_accepts_logical_show_all"/>
    <testcase time="0.00800000000000001" classname="FilterStateExpr" name="format_accepts_logical_show_all"/>
    <testcase time="0.00699999999999967" classname="FilterStateExpr" name="format_accepts_logical_show_all"/>
    <testcase time="0.00600000000000023" classname="FilterStateExpr" name="format_accepts_logical_trim_lines"/>
    <testcase time="0.00300000000000011" classname="FilterStateExpr" name="format_accepts_logical_trim_lines"/>
    <testcase time="0.00800000000000001" classname="FilterStateExpr" name="format_accepts_logical_trim_lines"/>
    <testcase time="0.00699999999999967" classname="FilterStateExpr" name="format_accepts_logical_trim_lines"/>
    <testcase time="0.00699999999999967" classname="FilterStateExpr" name="format_accepts_logical_trim_lines"/>
    <testcase time="0.00900000000000034" classname="FilterStateExpr" name="print_returns_a_properly_formatted_string_representation"/>
  </testsuite>
  <testsuite name="FilterStates" timestamp="2025-11-20T12:31:54Z" hostname="0da9e8b248b6" tests="50" skipped="0" failures="0" errors="0" time="2.319">
    <testcase time="0.00800000000000001" classname="FilterStates" name="constructor_accepts_only_a_string_as_dataname"/>
    <testcase time="0.0110000000000001" classname="FilterStates" name="constructor_accepts_only_a_string_as_dataname"/>
    <testcase time="0.00499999999999989" classname="FilterStates" name="constructor_accepts_only_a_string_as_dataname"/>
    <testcase time="0.00600000000000023" classname="FilterStates" name="get_filter_state_returns_default_count_type_none_"/>
    <testcase time="0.00599999999999934" classname="FilterStates" name="set_filter_state_sets_include_variables_by_excluding_unsupported_cols_from_inputed_list"/>
    <testcase time="0.00700000000000056" classname="FilterStates" name="set_filter_state_sets_count_type"/>
    <testcase time="0.00999999999999979" classname="FilterStates" name="set_filter_state_ignores_teal_slice_for_non_existent_variables_with_log_warning"/>
    <testcase time="0.0700000000000003" classname="FilterStates" name="set_filter_state_and_get_filter_state_sets_and_returns_the_same_fully_specified_teal_slices"/>
    <testcase time="0.00199999999999978" classname="FilterStates" name="set_filter_state_and_get_filter_state_sets_and_returns_the_same_fully_specified_teal_slices"/>
    <testcase time="0.105" classname="FilterStates" name="set_filter_state_updates_FilterState_when_dataname_and_varname_are_matched_between_teal_slice_and_existing_filter"/>
    <testcase time="0.00200000000000067" classname="FilterStates" name="set_filter_state_updates_FilterState_when_dataname_and_varname_are_matched_between_teal_slice_and_existing_filter"/>
    <testcase time="0.266" classname="FilterStates" name="set_filter_state_allows_to_create_two_filters_on_the_same_variable_if_combination_of_their_fields_dataname_varname_varlabel_arg_id_differ"/>
    <testcase time="0.0119999999999996" classname="FilterStates" name="set_filter_state_creates_a_new_FilterStateExpr"/>
    <testcase time="0.00199999999999978" classname="FilterStates" name="set_filter_state_creates_a_new_FilterStateExpr"/>
    <testcase time="0.0140000000000002" classname="FilterStates" name="set_filter_state_doesn_t_set_slices_listed_in_exclude_varnames"/>
    <testcase time="0.00600000000000023" classname="FilterStates" name="set_filter_state_doesn_t_set_slices_listed_in_exclude_varnames"/>
    <testcase time="0.00399999999999956" classname="FilterStates" name="set_filter_state_doesn_t_set_slices_listed_in_exclude_varnames"/>
    <testcase time="0.00100000000000033" classname="FilterStates" name="set_filter_state_doesn_t_set_slices_listed_in_exclude_varnames"/>
    <testcase time="0.0309999999999997" classname="FilterStates" name="set_filter_state_set_only_slices_listed_in_include_varnames_and_teal_slice_expr"/>
    <testcase time="0.00600000000000023" classname="FilterStates" name="set_filter_state_set_only_slices_listed_in_include_varnames_and_teal_slice_expr"/>
    <testcase time="0.00400000000000045" classname="FilterStates" name="set_filter_state_set_only_slices_listed_in_include_varnames_and_teal_slice_expr"/>
    <testcase time="0.00399999999999956" classname="FilterStates" name="set_filter_state_set_only_slices_listed_in_include_varnames_and_teal_slice_expr"/>
    <testcase time="0.00100000000000033" classname="FilterStates" name="set_filter_state_set_only_slices_listed_in_include_varnames_and_teal_slice_expr"/>
    <testcase time="0.00800000000000001" classname="FilterStates" name="remove_filter_state_of_inexistent_FilterState_raiser_warning"/>
    <testcase time="0.265" classname="FilterStates" name="remove_filter_state_removes_FilterState_objects_identified_by_dataname_experiment_varname_arg_and_or_id_"/>
    <testcase time="0.00699999999999967" classname="FilterStates" name="remove_filter_state_removes_FilterState_objects_identified_by_dataname_experiment_varname_arg_and_or_id_"/>
    <testcase time="0.00700000000000056" classname="FilterStates" name="remove_filter_state_removes_FilterState_objects_identified_by_dataname_experiment_varname_arg_and_or_id_"/>
    <testcase time="0.00600000000000023" classname="FilterStates" name="remove_filter_state_removes_FilterState_objects_identified_by_dataname_experiment_varname_arg_and_or_id_"/>
    <testcase time="0.00499999999999989" classname="FilterStates" name="clearing_empty_FilterStates_does_not_raise_errors"/>
    <testcase time="0.265" classname="FilterStates" name="clear_filter_state_empties_the_state_list"/>
    <testcase time="0.00699999999999967" classname="FilterStates" name="get_call_returns_NULL_after_initialization_if_no_filter_applied"/>
    <testcase time="0.0690000000000008" classname="FilterStates" name="get_call_returns_subset_call_with_dataname_and_logical_expressions_by_default"/>
    <testcase time="0.0749999999999993" classname="FilterStates" name="get_call_returns_custom_fun_call"/>
    <testcase time="0.0680000000000005" classname="FilterStates" name="get_call_returns_subset_call_on_custom_dataname_prefixed"/>
    <testcase time="0.0739999999999998" classname="FilterStates" name="get_call_returns_subset_with_varnames_prefixed_depending_on_a_extract_type"/>
    <testcase time="0.0789999999999997" classname="FilterStates" name="get_call_returns_subset_with_multiple_filter_expressions_combined_by_operator"/>
    <testcase time="0.149" classname="FilterStates" name="get_call_skips_conditions_form_FilterState_which_are_identified_by_sid"/>
    <testcase time="0.00700000000000056" classname="FilterStates" name="get_call_skips_conditions_form_FilterState_which_are_identified_by_sid"/>
    <testcase time="0.00599999999999934" classname="FilterStates" name="get_call_skips_conditions_form_FilterState_which_are_identified_by_sid"/>
    <testcase time="0.00400000000000045" classname="FilterStates" name="get_call_skips_conditions_form_FilterState_which_are_identified_by_sid"/>
    <testcase time="0.00499999999999989" classname="FilterStates" name="ui_add_returns_a_message_inside_a_div_when_data_has_no_columns_or_no_rows"/>
    <testcase time="0.253" classname="FilterStates" name="Selecting_a_new_variable_initializes_a_new_filter_state_with_default_states"/>
    <testcase time="0.00199999999999978" classname="FilterStates" name="Selecting_a_new_variable_initializes_a_new_filter_state_with_default_states"/>
    <testcase time="0.324" classname="FilterStates" name="Adding_var_to_add_adds_another_filter_state"/>
    <testcase time="0.00400000000000045" classname="FilterStates" name="Adding_var_to_add_adds_another_filter_state"/>
    <testcase time="0.00399999999999956" classname="FilterStates" name="Adding_var_to_add_adds_another_filter_state"/>
    <testcase time="0.00199999999999978" classname="FilterStates" name="Adding_var_to_add_adds_another_filter_state"/>
    <testcase time="0.0130000000000008" classname="FilterStates" name="srv_add_determines_labels_for_the_choices_based_on_the_column_attribute"/>
    <testcase time="0.0139999999999993" classname="FilterStates" name="srv_add_limits_choices_to_the_include_varnames"/>
    <testcase time="0.0140000000000002" classname="FilterStates" name="srv_add_flags_keys_as_primary_key"/>
  </testsuite>
  <testsuite name="FilteredData" timestamp="2025-11-20T12:31:56Z" hostname="0da9e8b248b6" tests="119" skipped="0" failures="0" errors="0" time="22.737">
    <testcase time="5.069" classname="FilteredData" name="constructor_accepts_all_types_of_datasets"/>
    <testcase time="0.00399999999999956" classname="FilteredData" name="constructor_accepts_all_types_of_datasets"/>
    <testcase time="0.00399999999999956" classname="FilteredData" name="constructor_accepts_all_types_of_datasets"/>
    <testcase time="0.00399999999999956" classname="FilteredData" name="constructor_accepts_all_types_of_datasets"/>
    <testcase time="0.00400000000000134" classname="FilteredData" name="constructor_accepts_all_types_of_datasets"/>
    <testcase time="0.00399999999999956" classname="FilteredData" name="constructor_accepts_all_types_of_datasets"/>
    <testcase time="0.00399999999999956" classname="FilteredData" name="constructor_accepts_all_types_of_datasets"/>
    <testcase time="0.00399999999999956" classname="FilteredData" name="constructor_accepts_all_types_of_datasets"/>
    <testcase time="0.00500000000000078" classname="FilteredData" name="constructor_accepts_all_types_of_datasets"/>
    <testcase time="0.0239999999999991" classname="FilteredData" name="constructor_accepts_all_types_of_datasets"/>
    <testcase time="0.00900000000000034" classname="FilteredData" name="constructor_accepts_join_keys_to_be_join_keys_or_NULL"/>
    <testcase time="0.00600000000000023" classname="FilteredData" name="constructor_accepts_join_keys_to_be_join_keys_or_NULL"/>
    <testcase time="0.00600000000000023" classname="FilteredData" name="constructor_accepts_join_keys_to_be_join_keys_or_NULL"/>
    <testcase time="0.0120000000000005" classname="FilteredData" name="filtered_data_datanames_returns_character_vector_of_datasets_names"/>
    <testcase time="0.0220000000000002" classname="FilteredData" name="datanames_are_ordered_topologically_from_parent_to_child"/>
    <testcase time="0.016" classname="FilteredData" name="datanames_are_ordered_topologically_from_parent_to_child"/>
    <testcase time="0.00899999999999856" classname="FilteredData" name="set_dataset_accepts_data_being_data.frame_"/>
    <testcase time="0.0080000000000009" classname="FilteredData" name="set_dataset_returns_self"/>
    <testcase time="0.00900000000000034" classname="FilteredData" name="set_dataset_creates_FilteredDataset_object"/>
    <testcase time="0.0220000000000002" classname="FilteredData" name="set_datasets_creates_FilteredDataset_object_linked_with_parent"/>
    <testcase time="0.00899999999999856" classname="FilteredData" name="get_join_keys_returns_empty_join_keys_object"/>
    <testcase time="0.011000000000001" classname="FilteredData" name="get_keys_returns_keys_of_the_dataset_specified_via_join_keys"/>
    <testcase time="0.0220000000000002" classname="FilteredData" name="get_join_keys_returns_join_keys_object_if_it_exists"/>
    <testcase time="0.00899999999999856" classname="FilteredData" name="get_datalabel_returns_character_0_for_dataset_with_no_label"/>
    <testcase time="0.0140000000000011" classname="FilteredData" name="get_call_returns_a_NULL_if_no_filters_applied"/>
    <testcase time="0.00399999999999956" classname="FilteredData" name="get_call_returns_a_NULL_if_no_filters_applied"/>
    <testcase time="0.117000000000001" classname="FilteredData" name="get_call_return_a_list_of_calls_when_filter_applied"/>
    <testcase time="0.00499999999999901" classname="FilteredData" name="get_call_return_a_list_of_calls_when_filter_applied"/>
    <testcase time="0.0210000000000008" classname="FilteredData" name="get_call_raises_error_if_dataname_doesn_t_match_available_datasets"/>
    <testcase time="0.0129999999999999" classname="FilteredData" name="get_filter_expr_returns_empty_string_when_no_filters_applied"/>
    <testcase time="0.119" classname="FilteredData" name="get_filter_expr_returns_all_filter_calls_as_character"/>
    <testcase time="0.00999999999999979" classname="FilteredData" name="get_data_argument_filtered_must_be_a_flag"/>
    <testcase time="0.00600000000000023" classname="FilteredData" name="get_data_argument_filtered_must_be_a_flag"/>
    <testcase time="0.00900000000000034" classname="FilteredData" name="get_data_requires_that_dataname_be_subset_of_datanames"/>
    <testcase time="0.00600000000000023" classname="FilteredData" name="get_data_requires_that_dataname_be_subset_of_datanames"/>
    <testcase time="0.00999999999999979" classname="FilteredData" name="get_data_filtered_FALSE_returns_the_same_object_as_passed_to_the_constructor"/>
    <testcase time="0.00999999999999979" classname="FilteredData" name="get_data_returns_the_same_object_as_passed_to_the_constructor_if_no_filter_applied"/>
    <testcase time="0.103" classname="FilteredData" name="get_data_returns_an_object_filtered_by_set_filters"/>
    <testcase time="0.144" classname="FilteredData" name="get_data_of_the_child_is_dependent_on_the_ancestor_filter"/>
    <testcase time="0.219999999999999" classname="FilteredData" name="get_data_of_the_child_is_dependent_on_the_ancestor_filter_mismatched_columns_"/>
    <testcase time="0.109" classname="FilteredData" name="get_filter_state_returns_teal_slices_with_features_identical_to_those_in_input"/>
    <testcase time="0.00399999999999956" classname="FilteredData" name="get_filter_state_returns_teal_slices_with_features_identical_to_those_in_input"/>
    <testcase time="0.00399999999999956" classname="FilteredData" name="get_filter_state_returns_teal_slices_with_features_identical_to_those_in_input"/>
    <testcase time="0.00100000000000122" classname="FilteredData" name="get_filter_state_returns_teal_slices_with_features_identical_to_those_in_input"/>
    <testcase time="0.119999999999999" classname="FilteredData" name="format_returns_properly_formatted_string_representing_teal_slices_with_class_header"/>
    <testcase time="0.0250000000000004" classname="FilteredData" name="format_returns_properly_formatted_string_representing_teal_slices_with_class_header"/>
    <testcase time="0.0179999999999989" classname="FilteredData" name="format_returns_properly_formatted_string_representing_teal_slices_with_class_header"/>
    <testcase time="0.0170000000000012" classname="FilteredData" name="format_returns_properly_formatted_string_representing_teal_slices_with_class_header"/>
    <testcase time="0.0559999999999992" classname="FilteredData" name="format_lists_unfiltered_datasets_at_the_end_of_the_output"/>
    <testcase time="0.211" classname="FilteredData" name="remove_filter_state_removes_states_specified_by_teal_slices"/>
    <testcase time="0.168000000000001" classname="FilteredData" name="remove_filter_state_does_not_remove_anchored_filters"/>
    <testcase time="0.00799999999999912" classname="FilteredData" name="remove_filter_state_does_not_remove_anchored_filters"/>
    <testcase time="0.179" classname="FilteredData" name="clear_filter_states_removes_all_filters_of_all_datasets_in_FilteredData"/>
    <testcase time="0.00500000000000078" classname="FilteredData" name="clear_filter_states_removes_all_filters_of_all_datasets_in_FilteredData"/>
    <testcase time="0.177" classname="FilteredData" name="clear_filter_states_removes_filters_of_desired_dataset_only"/>
    <testcase time="0.188000000000001" classname="FilteredData" name="clear_filter_states_does_not_remove_anchored_filters"/>
    <testcase time="0.00899999999999856" classname="FilteredData" name="clear_filter_states_does_not_remove_anchored_filters"/>
    <testcase time="0.0120000000000005" classname="FilteredData" name="get_filter_overview_checks_arguments"/>
    <testcase time="0.00399999999999956" classname="FilteredData" name="get_filter_overview_checks_arguments"/>
    <testcase time="0.00700000000000145" classname="FilteredData" name="get_filter_overview_checks_arguments"/>
    <testcase time="0.00699999999999967" classname="FilteredData" name="get_filter_overview_checks_arguments"/>
    <testcase time="0.00699999999999967" classname="FilteredData" name="get_filter_overview_checks_arguments"/>
    <testcase time="0.00699999999999967" classname="FilteredData" name="get_filter_overview_checks_arguments"/>
    <testcase time="0.0129999999999999" classname="FilteredData" name="get_filter_overview_returns_overview_data.frame_with_obs_counts_if_the_keys_are_not_specified"/>
    <testcase time="0.103" classname="FilteredData" name="get_filter_overview_returns_overview_data.frame_with_filtered_counts"/>
    <testcase time="0.112" classname="FilteredData" name="get_filter_overview_return_counts_based_on_reactive_filtering_by_ancestors"/>
    <testcase time="0.101000000000001" classname="FilteredData" name="srv_overview_srv_overview_produces_table_with_filtered_counts_of_non_relational_datasets"/>
    <testcase time="0.0659999999999989" classname="FilteredData" name="srv_overview_srv_overview_produces_table_with_filtered_counts_of_relational_datasets"/>
    <testcase time="0.0330000000000013" classname="FilteredData" name="srv_overview_srv_overview_produces_table_with_popover_information_for_unsupported_dataset_class"/>
    <testcase time="0.052999999999999" classname="FilteredData" name="srv_overview_srv_overview_returns_NULL_when_active_dataset_returns_nothing"/>
    <testcase time="0.0820000000000007" classname="FilteredData" name="active_datanames_fails_if_returns_dataname_which_isn_t_a_subset_of_available_datanames"/>
    <testcase time="2.033" classname="FilteredData" name="srv_active_output_teal_filters_count_returns_reactive_number_of_current_filters_applied"/>
    <testcase time="2.042" classname="FilteredData" name="srv_active_clicking_remove_all_button_clears_filters"/>
    <testcase time="0.00499999999999901" classname="FilteredData" name="srv_active_clicking_remove_all_button_clears_filters"/>
    <testcase time="0.193999999999999" classname="FilteredData" name="slices_interactive_reactive_returns_interactive_filters"/>
    <testcase time="0.00400000000000134" classname="FilteredData" name="slices_interactive_reactive_returns_interactive_filters"/>
    <testcase time="0.00399999999999778" classname="FilteredData" name="slices_interactive_reactive_returns_interactive_filters"/>
    <testcase time="0.00500000000000256" classname="FilteredData" name="slices_interactive_reactive_returns_interactive_filters"/>
    <testcase time="0.00199999999999889" classname="FilteredData" name="slices_interactive_reactive_returns_interactive_filters"/>
    <testcase time="0.00799999999999912" classname="FilteredData" name="slices_fixed_reactive_returns_fixed_filters_and_teal_slice_expr"/>
    <testcase time="0.00400000000000134" classname="FilteredData" name="slices_fixed_reactive_returns_fixed_filters_and_teal_slice_expr"/>
    <testcase time="0.00199999999999889" classname="FilteredData" name="slices_fixed_reactive_returns_fixed_filters_and_teal_slice_expr"/>
    <testcase time="0.0199999999999996" classname="FilteredData" name="FilteredData_srv_available_slices_new_state_in_external_list_reflected_in_available_slices"/>
    <testcase time="0.00800000000000267" classname="FilteredData" name="active_slices_id_returns_list_of_currently_active_filters"/>
    <testcase time="0.109999999999999" classname="FilteredData" name="FilteredData_srv_available_slices_changing_input_values_de_activate_states"/>
    <testcase time="0.149999999999999" classname="FilteredData" name="FilteredData_srv_available_slices_changing_input_values_de_activate_states"/>
    <testcase time="0.0670000000000002" classname="FilteredData" name="FilteredData_srv_available_slices_deactivating_all_keeps_anchored_states"/>
    <testcase time="0.0169999999999995" classname="FilteredData" name="duplicated_slice_references_returns_character_0_if_none_of_duplicated_filters_is_active"/>
    <testcase time="0.155000000000001" classname="FilteredData" name="duplicated_slice_references_returns_variable_reference_when_any_of_duplicated_filters_is_on"/>
    <testcase time="0.462" classname="FilteredData" name="test_FilterState_server_input_back_restores_previous_filter_selection"/>
    <testcase time="0.0479999999999983" classname="FilteredData" name="test_FilterState_server_input_back_restores_previous_filter_selection"/>
    <testcase time="0.531000000000002" classname="FilteredData" name="test_FilterState_server_input_reset_restores_initial_filter_selection"/>
    <testcase time="0.552" classname="FilteredData" name="test_FilterState_server_input_remove_removes_filter_from_states"/>
    <testcase time="0.516999999999999" classname="FilteredData" name="test_FilterState_server_setting_input_keep_na_value_reflects_in_filter_state"/>
    <testcase time="0.454000000000001" classname="FilteredData" name="test_ChoicesFilterState_server_summary_displays_selected_choices_as_text"/>
    <testcase time="0.459" classname="FilteredData" name="test_ChoicesFilterState_server_summary_displays_n_levels_selected_when_selected_exceeds_40_characters"/>
    <testcase time="0.451000000000001" classname="FilteredData" name="test_ChoicesFilterState_server_summary_displays_no_selection_when_nothing_is_selected"/>
    <testcase time="0.465999999999998" classname="FilteredData" name="test_ChoicesFilterState_server_setting_input_selection_changes_filter_state_radioButton_"/>
    <testcase time="0.478000000000002" classname="FilteredData" name="test_ChoicesFilterState_server_setting_input_selection_changes_filter_state_pickerInput_"/>
    <testcase time="0.431999999999999" classname="FilteredData" name="test_ChoicesFilterState_server_setting_input_selection_has_no_effect_on_filter_state_when_fixed_TRUE"/>
    <testcase time="0.452000000000002" classname="FilteredData" name="test_ChoicesFilterState_server_setting_many_input_selection_when_multiple_FALSE_is_ignored_with_warning_radioInput_"/>
    <testcase time="0.00499999999999901" classname="FilteredData" name="test_ChoicesFilterState_server_setting_many_input_selection_when_multiple_FALSE_is_ignored_with_warning_radioInput_"/>
    <testcase time="0.460000000000001" classname="FilteredData" name="test_ChoicesFilterState_server_setting_many_input_selection_when_multiple_FALSE_is_ignored_with_warning_pickerInput_"/>
    <testcase time="0.00499999999999901" classname="FilteredData" name="test_ChoicesFilterState_server_setting_many_input_selection_when_multiple_FALSE_is_ignored_with_warning_pickerInput_"/>
    <testcase time="0.443999999999999" classname="FilteredData" name="test_DateFilterState_server_summary_displays_selected_date_range_as_text"/>
    <testcase time="0.459" classname="FilteredData" name="test_DateFilterState_server_setting_input_changes_filter_state_selected"/>
    <testcase time="0.634" classname="FilteredData" name="test_RangeFilterState_summary_displays_selected_numeric_range_as_text"/>
    <testcase time="0.394000000000002" classname="FilteredData" name="test_FilterStateExpr_server_summary_displays_expression_as_text"/>
    <testcase time="0.381" classname="FilteredData" name="test_FilterStateExpr_server_input_remove_removes_filter_from_states"/>
    <testcase time="0.116" classname="FilteredData" name="test_FilterStateExpr_server_input_remove_removes_filter_from_states"/>
    <testcase time="0.378999999999998" classname="FilteredData" name="test_FilterStateExpr_server_input_remove_has_no_effect_when_filter_is_anchored"/>
    <testcase time="0.00500000000000256" classname="FilteredData" name="test_FilterStateExpr_server_input_remove_has_no_effect_when_filter_is_anchored"/>
    <testcase time="0.413" classname="FilteredData" name="test_FilterStateExpr_server_multiple_FilterStateExpr_filters_can_coexist_for_the_same_varname"/>
    <testcase time="0.00600000000000023" classname="FilteredData" name="test_FilterStateExpr_server_multiple_FilterStateExpr_filters_can_coexist_for_the_same_varname"/>
    <testcase time="0.00499999999999901" classname="FilteredData" name="test_FilterStateExpr_server_multiple_FilterStateExpr_filters_can_coexist_for_the_same_varname"/>
    <testcase time="0.480999999999998" classname="FilteredData" name="test_FilterStateExpr_server_FilterStateExpr_can_be_mixed_with_other_FilterState_types"/>
    <testcase time="0.00600000000000023" classname="FilteredData" name="test_FilterStateExpr_server_FilterStateExpr_can_be_mixed_with_other_FilterState_types"/>
    <testcase time="0.00500000000000256" classname="FilteredData" name="test_FilterStateExpr_server_FilterStateExpr_can_be_mixed_with_other_FilterState_types"/>
    <testcase time="0.393999999999998" classname="FilteredData" name="test_FilterStateExpr_server_FilterStateExpr_is_executed_and_produces_filtered_data"/>
  </testsuite>
  <testsuite name="FilteredDataset" timestamp="2025-11-20T12:32:19Z" hostname="0da9e8b248b6" tests="16" skipped="0" failures="0" errors="0" time="0.514">
    <testcase time="0.0180000000000007" classname="FilteredDataset" name="constructor_creates_FilteredDataset_with_empty_filter_states"/>
    <testcase time="0.00400000000000134" classname="FilteredDataset" name="clear_filter_states_does_not_raise_errors_after_initializing_FilteredDataset"/>
    <testcase time="0.00499999999999901" classname="FilteredDataset" name="get_dataset_returns_the_dataset_passed_to_the_constructor"/>
    <testcase time="0.00499999999999901" classname="FilteredDataset" name="get_dataname_returns_the_dataname_passed_to_the_constructor"/>
    <testcase time="0.00400000000000134" classname="FilteredDataset" name="get_dataset_label_retruns_the_dataset_label_passed_to_the_constructor"/>
    <testcase time="0.00499999999999901" classname="FilteredDataset" name="get_keys_returns_the_keys_passed_to_the_constructor"/>
    <testcase time="0.109999999999999" classname="FilteredDataset" name="format_returns_a_string_representation_of_filters"/>
    <testcase time="0.0150000000000006" classname="FilteredDataset" name="format_returns_a_string_representation_of_filters"/>
    <testcase time="0.0139999999999993" classname="FilteredDataset" name="format_returns_a_string_representation_of_filters"/>
    <testcase time="0.0139999999999993" classname="FilteredDataset" name="format_returns_a_string_representation_of_filters"/>
    <testcase time="0.0990000000000002" classname="FilteredDataset" name="print_returns_a_string_representation_of_filters"/>
    <testcase time="0.0160000000000018" classname="FilteredDataset" name="print_returns_a_string_representation_of_filters"/>
    <testcase time="0.0919999999999987" classname="FilteredDataset" name="get_call_returns_the_filter_call_of_the_dataset"/>
    <testcase time="0.103000000000002" classname="FilteredDataset" name="get_filter_overview_returns_a_data_frame"/>
    <testcase time="0.00199999999999889" classname="FilteredDataset" name="get_filter_overview_returns_a_data_frame"/>
    <testcase time="0.00799999999999912" classname="FilteredDataset" name="ui_add_is_pure_virtual"/>
  </testsuite>
  <testsuite name="LogicalFilterState" timestamp="2025-11-20T12:32:19Z" hostname="0da9e8b248b6" tests="28" skipped="0" failures="0" errors="0" time="0.306">
    <testcase time="0.0160000000000018" classname="LogicalFilterState" name="constructor_accepts_logical_values"/>
    <testcase time="0.00799999999999912" classname="LogicalFilterState" name="constructor_accepts_logical_values"/>
    <testcase time="0.0120000000000005" classname="LogicalFilterState" name="constructor_raises_error_when_selection_is_not_logical"/>
    <testcase time="0.00999999999999801" classname="LogicalFilterState" name="constructor_forces_single_selected_when_multiple_is_FALSE"/>
    <testcase time="0.00200000000000244" classname="LogicalFilterState" name="constructor_forces_single_selected_when_multiple_is_FALSE"/>
    <testcase time="0.0169999999999995" classname="LogicalFilterState" name="set_state_selected_accepts_a_logical_vector_or_coercible_"/>
    <testcase time="0.00600000000000023" classname="LogicalFilterState" name="set_state_selected_accepts_a_logical_vector_or_coercible_"/>
    <testcase time="0.0069999999999979" classname="LogicalFilterState" name="set_state_selected_accepts_a_logical_vector_or_coercible_"/>
    <testcase time="0.00600000000000023" classname="LogicalFilterState" name="set_state_selected_accepts_a_logical_vector_or_coercible_"/>
    <testcase time="0.0120000000000005" classname="LogicalFilterState" name="set_state_selected_accepts_a_logical_vector_or_coercible_"/>
    <testcase time="0.0160000000000018" classname="LogicalFilterState" name="set_state_multiple_selection_is_aborted_when_multiple_FALSE"/>
    <testcase time="0.0069999999999979" classname="LogicalFilterState" name="set_state_multiple_selection_is_aborted_when_multiple_FALSE"/>
    <testcase time="0.00200000000000244" classname="LogicalFilterState" name="set_state_multiple_selection_is_aborted_when_multiple_FALSE"/>
    <testcase time="0.0129999999999981" classname="LogicalFilterState" name="LogicalFilterState_get_call_returns_variable_name_when_multiple"/>
    <testcase time="0.0120000000000005" classname="LogicalFilterState" name="get_call_returns_call_selected_different_than_choices"/>
    <testcase time="0.0130000000000017" classname="LogicalFilterState" name="get_call_returns_call_always_if_choices_are_limited_regardless_of_selected"/>
    <testcase time="0.0119999999999969" classname="LogicalFilterState" name="get_call_prefixes_varname_by_dataname_varname_if_extract_type_list_"/>
    <testcase time="0.0110000000000028" classname="LogicalFilterState" name="get_call_prefixes_varname_by_dataname_varname_if_extract_type_matrix_"/>
    <testcase time="0.0120000000000005" classname="LogicalFilterState" name="get_call_adds_is.na_variable_to_returned_call_if_keep_na_is_true"/>
    <testcase time="0.0139999999999993" classname="LogicalFilterState" name="format_accepts_logical_show_all"/>
    <testcase time="0.00399999999999778" classname="LogicalFilterState" name="format_accepts_logical_show_all"/>
    <testcase time="0.00800000000000267" classname="LogicalFilterState" name="format_accepts_logical_show_all"/>
    <testcase time="0.0069999999999979" classname="LogicalFilterState" name="format_accepts_logical_show_all"/>
    <testcase time="0.00799999999999912" classname="LogicalFilterState" name="format_accepts_logical_show_all"/>
    <testcase time="0.0210000000000008" classname="LogicalFilterState" name="format_returns_a_properly_formatted_string_representation"/>
    <testcase time="0.00600000000000023" classname="LogicalFilterState" name="format_returns_a_properly_formatted_string_representation"/>
    <testcase time="0.0380000000000003" classname="LogicalFilterState" name="print_returns_a_properly_formatted_string_representation"/>
    <testcase time="0.00600000000000023" classname="LogicalFilterState" name="print_returns_a_properly_formatted_string_representation"/>
  </testsuite>
  <testsuite name="MAEFilterStates" timestamp="2025-11-20T12:32:20Z" hostname="0da9e8b248b6" tests="4" skipped="0" failures="0" errors="0" time="0.235">
    <testcase time="0.0519999999999996" classname="MAEFilterStates" name="constructor_accepts_a_MultiAssayExperiment"/>
    <testcase time="0.00700000000000145" classname="MAEFilterStates" name="constructor_accepts_a_MultiAssayExperiment"/>
    <testcase time="0.0500000000000007" classname="MAEFilterStates" name="get_filter_state_returns_teal_slices_with_include_varname_by_default_and_count_type_none"/>
    <testcase time="0.125999999999998" classname="MAEFilterStates" name="get_call_returns_subsetByColData_call_with_varnames_prefixed_by_dataname_"/>
  </testsuite>
  <testsuite name="MAEFilteredDataset" timestamp="2025-11-20T12:32:20Z" hostname="0da9e8b248b6" tests="23" skipped="0" failures="0" errors="0" time="3.698">
    <testcase time="0.0609999999999999" classname="MAEFilteredDataset" name="constructor_accepts_a_MultiAssayExperiment_object"/>
    <testcase time="0.00600000000000023" classname="MAEFilteredDataset" name="constructor_accepts_a_MultiAssayExperiment_object"/>
    <testcase time="0.00499999999999901" classname="MAEFilteredDataset" name="constructor_accepts_a_MultiAssayExperiment_object"/>
    <testcase time="0.0560000000000009" classname="MAEFilteredDataset" name="filter_states_list_is_initialized_with_names_of_experiments"/>
    <testcase time="0.205000000000002" classname="MAEFilteredDataset" name="format_returns_properly_formatted_string"/>
    <testcase time="0.0509999999999984" classname="MAEFilteredDataset" name="format_returns_properly_formatted_string"/>
    <testcase time="0.196999999999999" classname="MAEFilteredDataset" name="print_returns_properly_formatted_string"/>
    <testcase time="0.0280000000000022" classname="MAEFilteredDataset" name="print_returns_properly_formatted_string"/>
    <testcase time="0.0599999999999987" classname="MAEFilteredDataset" name="get_call_returns_NULL_when_no_filter_applied"/>
    <testcase time="0.362000000000002" classname="MAEFilteredDataset" name="get_call_returns_a_call_with_applying_filter"/>
    <testcase time="0.109999999999999" classname="MAEFilteredDataset" name="get_filter_overview_returns_overview_matrix_for_MAEFilteredDataset_without_filtering"/>
    <testcase time="0.463000000000001" classname="MAEFilteredDataset" name="get_filter_overview_returns_overview_matrix_for_MAEFilteredDataset_with_filtering"/>
    <testcase time="0.183" classname="MAEFilteredDataset" name="MAEFilteredDataset_set_filter_state_sets_filters_in_FilterStates_specified_by_teal_slices"/>
    <testcase time="0.0629999999999953" classname="MAEFilteredDataset" name="MAEFilteredDataset_set_filter_state_only_acceps_teal_slices"/>
    <testcase time="0.179000000000002" classname="MAEFilteredDataset" name="MAEFilteredDataset_get_filter_state_returns_list_identical_to_input"/>
    <testcase time="0.00399999999999778" classname="MAEFilteredDataset" name="MAEFilteredDataset_get_filter_state_returns_list_identical_to_input"/>
    <testcase time="0.00300000000000011" classname="MAEFilteredDataset" name="MAEFilteredDataset_get_filter_state_returns_list_identical_to_input"/>
    <testcase time="0.00400000000000489" classname="MAEFilteredDataset" name="MAEFilteredDataset_get_filter_state_returns_list_identical_to_input"/>
    <testcase time="0.00199999999999534" classname="MAEFilteredDataset" name="MAEFilteredDataset_get_filter_state_returns_list_identical_to_input"/>
    <testcase time="0.228999999999999" classname="MAEFilteredDataset" name="MAEFilteredDataset_remove_filter_state_removes_desired_filter"/>
    <testcase time="0.176000000000002" classname="MAEFilteredDataset" name="MAEFilteredDataset_remove_filter_state_only_accepts_teal_slices"/>
    <testcase time="0.201000000000001" classname="MAEFilteredDataset" name="remove_filters_button_removes_all_filters"/>
    <testcase time="1.05" classname="MAEFilteredDataset" name="remove_filters_button_removes_all_filters"/>
  </testsuite>
  <testsuite name="MatrixFilterStates" timestamp="2025-11-20T12:32:23Z" hostname="0da9e8b248b6" tests="5" skipped="0" failures="0" errors="0" time="0.176">
    <testcase time="0.00799999999999557" classname="MatrixFilterStates" name="constructor_accepts_a_matrix"/>
    <testcase time="0.00600000000000023" classname="MatrixFilterStates" name="constructor_accepts_a_matrix"/>
    <testcase time="0.00600000000000023" classname="MatrixFilterStates" name="get_filter_state_returns_teal_slices_with_default_include_varnames"/>
    <testcase time="0.149999999999999" classname="MatrixFilterStates" name="get_call_returns_executable_call_filtering_a_matrix_with_numeric_values"/>
    <testcase time="0.00600000000000023" classname="MatrixFilterStates" name="get_call_returns_executable_call_filtering_a_matrix_with_numeric_values"/>
  </testsuite>
  <testsuite name="RangeFilterState" timestamp="2025-11-20T12:32:24Z" hostname="0da9e8b248b6" tests="43" skipped="0" failures="0" errors="0" time="1.59">
    <testcase time="0.0660000000000025" classname="RangeFilterState" name="constructor_accepts_numerical_values"/>
    <testcase time="0.00999999999999801" classname="RangeFilterState" name="constructor_accepts_numerical_values"/>
    <testcase time="0.0570000000000022" classname="RangeFilterState" name="constructor_accepts_infinite_values_but_not_infinite_only"/>
    <testcase time="0.0069999999999979" classname="RangeFilterState" name="constructor_accepts_infinite_values_but_not_infinite_only"/>
    <testcase time="0.00800000000000267" classname="RangeFilterState" name="constructor_accepts_infinite_values_but_not_infinite_only"/>
    <testcase time="0.0559999999999974" classname="RangeFilterState" name="constructor_initializes_keep_inf_TRUE_by_default_if_x_contains_Infs"/>
[...]
    </testcase>
  </testsuite>
  <testsuite name="teal_slice" timestamp="2025-11-20T12:32:29Z" hostname="0da9e8b248b6" tests="57" skipped="0" failures="0" errors="0" time="0.283">
    <testcase time="0.017000000000003" classname="teal_slice" name="teal_slice_checks_arguments"/>
    <testcase time="0.00300000000000011" classname="teal_slice" name="teal_slice_checks_arguments"/>
    <testcase time="0.00200000000000244" classname="teal_slice" name="teal_slice_checks_arguments"/>
    <testcase time="0.00499999999999545" classname="teal_slice" name="teal_slice_checks_arguments"/>
    <testcase time="0.00400000000000489" classname="teal_slice" name="teal_slice_checks_arguments"/>
    <testcase time="0.00499999999999545" classname="teal_slice" name="teal_slice_checks_arguments"/>
    <testcase time="0.00500000000000256" classname="teal_slice" name="teal_slice_checks_arguments"/>
    <testcase time="0.00399999999999778" classname="teal_slice" name="teal_slice_checks_arguments"/>
    <testcase time="0.00500000000000256" classname="teal_slice" name="teal_slice_checks_arguments"/>
    <testcase time="0.00399999999999778" classname="teal_slice" name="teal_slice_checks_arguments"/>
    <testcase time="0.00500000000000256" classname="teal_slice" name="teal_slice_checks_arguments"/>
    <testcase time="0.00399999999999778" classname="teal_slice" name="teal_slice_checks_arguments"/>
    <testcase time="0.00500000000000256" classname="teal_slice" name="teal_slice_checks_arguments"/>
    <testcase time="0.00399999999999778" classname="teal_slice" name="teal_slice_checks_arguments"/>
    <testcase time="0.00600000000000023" classname="teal_slice" name="teal_slice_checks_arguments"/>
    <testcase time="0.0069999999999979" classname="teal_slice" name="teal_slice_checks_arguments"/>
    <testcase time="0.00600000000000023" classname="teal_slice" name="teal_slice_checks_arguments"/>
    <testcase time="0.00500000000000256" classname="teal_slice" name="teal_slice_checks_arguments"/>
    <testcase time="0.00399999999999778" classname="teal_slice" name="teal_slice_checks_arguments"/>
    <testcase time="0.00500000000000256" classname="teal_slice" name="teal_slice_checks_arguments"/>
    <testcase time="0.00399999999999778" classname="teal_slice" name="teal_slice_checks_arguments"/>
    <testcase time="0.00500000000000256" classname="teal_slice" name="teal_slice_checks_arguments"/>
    <testcase time="0.00399999999999778" classname="teal_slice" name="teal_slice_checks_arguments"/>
    <testcase time="0.00500000000000256" classname="teal_slice" name="teal_slice_returns_teal_slice_"/>
    <testcase time="0.00199999999999534" classname="teal_slice" name="teal_slice_returns_teal_slice_"/>
    <testcase time="0.00400000000000489" classname="teal_slice" name="teal_slice_returns_teal_slice_"/>
    <testcase time="0.000999999999997669" classname="teal_slice" name="teal_slice_returns_teal_slice_"/>
    <testcase time="0.00800000000000267" classname="teal_slice" name="is_functions_work"/>
    <testcase time="0.00300000000000011" classname="teal_slice" name="is_functions_work"/>
    <testcase time="0.00300000000000011" classname="teal_slice" name="is_functions_work"/>
    <testcase time="0.000999999999997669" classname="teal_slice" name="is_functions_work"/>
    <testcase time="0.00300000000000011" classname="teal_slice" name="is_functions_work"/>
    <testcase time="0.00200000000000244" classname="teal_slice" name="is_functions_work"/>
    <testcase time="0.00900000000000034" classname="teal_slice" name="format.teal_slice_returns_a_character_string"/>
    <testcase time="0.00499999999999545" classname="teal_slice" name="format.teal_slice_returns_a_character_string"/>
    <testcase time="0.00900000000000034" classname="teal_slice" name="format.teal_slice_skips_empty_mandatory_fields_show_all_is_FALSE"/>
    <testcase time="0.00999999999999801" classname="teal_slice" name="format.teal_slice_prints_optional_fields"/>
    <testcase time="0.00300000000000011" classname="teal_slice" name="format.teal_slice_prints_optional_fields"/>
    <testcase time="0.00300000000000011" classname="teal_slice" name="format.teal_slice_prints_optional_fields"/>
    <testcase time="0.00400000000000489" classname="teal_slice" name="teal_slice_expr_has_to_be_a_string"/>
    <testcase time="0.00300000000000011" classname="teal_slice" name="teal_slice_expr_has_to_be_a_string"/>
    <testcase time="0.00499999999999545" classname="teal_slice" name="teal_slice_expr_has_to_be_a_string"/>
    <testcase time="0.00400000000000489" classname="teal_slice" name="teal_slice_id_has_to_be_a_string_when_expr_is_specified"/>
    <testcase time="0.0139999999999958" classname="teal_slice" name="teal_slice_id_has_to_be_a_string_when_expr_is_specified"/>
    <testcase time="0.00500000000000256" classname="teal_slice" name="teal_slice_id_has_to_be_a_string_when_expr_is_specified"/>
    <testcase time="0.00399999999999778" classname="teal_slice" name="teal_slice_id_has_to_be_a_string_when_expr_is_specified"/>
    <testcase time="0.00500000000000256" classname="teal_slice" name="teal_slice_title_has_to_be_a_string_when_expr_is_specified"/>
    <testcase time="0.00499999999999545" classname="teal_slice" name="teal_slice_title_has_to_be_a_string_when_expr_is_specified"/>
    <testcase time="0.00500000000000256" classname="teal_slice" name="teal_slice_title_has_to_be_a_string_when_expr_is_specified"/>
    <testcase time="0.00399999999999778" classname="teal_slice" name="teal_slice_title_has_to_be_a_string_when_expr_is_specified"/>
    <testcase time="0.00500000000000256" classname="teal_slice" name="teal_slice_dataname_has_to_be_a_string_when_expr_is_specified"/>
    <testcase time="0.00500000000000256" classname="teal_slice" name="teal_slice_dataname_has_to_be_a_string_when_expr_is_specified"/>
    <testcase time="0.00499999999999545" classname="teal_slice" name="teal_slice_dataname_has_to_be_a_string_when_expr_is_specified"/>
    <testcase time="0.00400000000000489" classname="teal_slice" name="teal_slice_dataname_has_to_be_a_string_when_expr_is_specified"/>
    <testcase time="0.00799999999999557" classname="teal_slice" name="teal_slice_converts_factors_to_characters_for_selected_and_choices_parameters"/>
    <testcase time="0.00300000000000011" classname="teal_slice" name="teal_slice_converts_factors_to_characters_for_selected_and_choices_parameters"/>
    <testcase time="0.00600000000000023" classname="teal_slice" name="print.teal_slice_returns_argument"/>
  </testsuite>
  <testsuite name="teal_slices" timestamp="2025-11-20T12:32:29Z" hostname="0da9e8b248b6" tests="95" skipped="0" failures="0" errors="0" time="0.395">
    <testcase time="0.0109999999999957" classname="teal_slices" name="teal_slices_checks_arguments"/>
    <testcase time="0.00200000000000244" classname="teal_slices" name="teal_slices_checks_arguments"/>
    <testcase time="0.00499999999999545" classname="teal_slices" name="teal_slices_checks_arguments"/>
    <testcase time="0.00500000000000256" classname="teal_slices" name="teal_slices_checks_arguments"/>
    <testcase time="0.00500000000000256" classname="teal_slices" name="teal_slices_checks_arguments"/>
    <testcase time="0.00600000000000023" classname="teal_slices" name="teal_slices_checks_arguments"/>
    <testcase time="0.00499999999999545" classname="teal_slices" name="teal_slices_checks_arguments"/>
    <testcase time="0.00500000000000256" classname="teal_slices" name="teal_slices_checks_arguments"/>
    <testcase time="0.00500000000000256" classname="teal_slices" name="teal_slices_checks_arguments"/>
    <testcase time="0.00499999999999545" classname="teal_slices" name="teal_slices_checks_arguments"/>
    <testcase time="0.00800000000000267" classname="teal_slices" name="teal_slices_returns_teal_slices_"/>
    <testcase time="0.000999999999997669" classname="teal_slices" name="teal_slices_returns_teal_slices_"/>
    <testcase time="0.00400000000000489" classname="teal_slices" name="teal_slices_returns_teal_slices_"/>
    <testcase time="0.00299999999999301" classname="teal_slices" name="teal_slices_returns_teal_slices_"/>
    <testcase time="0.00300000000000011" classname="teal_slices" name="teal_slices_returns_teal_slices_"/>
    <testcase time="0.00300000000000011" classname="teal_slices" name="teal_slices_returns_teal_slices_"/>
    <testcase time="0.00200000000000244" classname="teal_slices" name="teal_slices_returns_teal_slices_"/>
    <testcase time="0.00200000000000244" classname="teal_slices" name="teal_slices_returns_teal_slices_"/>
    <testcase time="0.00799999999999557" classname="teal_slices" name="teal_slices_raises_error_when_include_varnames_and_exclude_varnames_specified_same_dataset"/>
    <testcase time="0.007000000000005" classname="teal_slices" name="_.teal_slices_accepts_various_types_of_indices"/>
    <testcase time="0.000999999999997669" classname="teal_slices" name="_.teal_slices_accepts_various_types_of_indices"/>
    <testcase time="0.00200000000000244" classname="teal_slices" name="_.teal_slices_accepts_various_types_of_indices"/>
    <testcase time="0.000999999999997669" classname="teal_slices" name="_.teal_slices_accepts_various_types_of_indices"/>
    <testcase time="0.000999999999997669" classname="teal_slices" name="_.teal_slices_accepts_various_types_of_indices"/>
    <testcase time="0.00200000000000244" classname="teal_slices" name="_.teal_slices_accepts_various_types_of_indices"/>
    <testcase time="0.000999999999997669" classname="teal_slices" name="_.teal_slices_accepts_various_types_of_indices"/>
    <testcase time="0.00500000000000256" classname="teal_slices" name="_.teal_slices_accepts_various_types_of_indices"/>
    <testcase time="0.00399999999999778" classname="teal_slices" name="_.teal_slices_accepts_various_types_of_indices"/>
    <testcase time="0.00400000000000489" classname="teal_slices" name="_.teal_slices_accepts_various_types_of_indices"/>
    <testcase time="0.00399999999999778" classname="teal_slices" name="_.teal_slices_accepts_various_types_of_indices"/>
    <testcase time="0.00500000000000256" classname="teal_slices" name="_.teal_slices_accepts_various_types_of_indices"/>
    <testcase time="0.00399999999999778" classname="teal_slices" name="_.teal_slices_accepts_various_types_of_indices"/>
    <testcase time="0.000999999999997669" classname="teal_slices" name="_.teal_slices_accepts_various_types_of_indices"/>
    <testcase time="0.00200000000000244" classname="teal_slices" name="_.teal_slices_accepts_various_types_of_indices"/>
    <testcase time="0.00399999999999778" classname="teal_slices" name="_.teal_slices_accepts_various_types_of_indices"/>
    <testcase time="0.00800000000000267" classname="teal_slices" name="_.teal_slices_subsets_properly"/>
    <testcase time="0.00199999999999534" classname="teal_slices" name="_.teal_slices_subsets_properly"/>
    <testcase time="0.00100000000000477" classname="teal_slices" name="_.teal_slices_subsets_properly"/>
    <testcase time="0.00199999999999534" classname="teal_slices" name="_.teal_slices_subsets_properly"/>
    <testcase time="0.00100000000000477" classname="teal_slices" name="_.teal_slices_subsets_properly"/>
    <testcase time="0.00199999999999534" classname="teal_slices" name="_.teal_slices_subsets_properly"/>
    <testcase time="0.00100000000000477" classname="teal_slices" name="_.teal_slices_subsets_properly"/>
    <testcase time="0.000999999999997669" classname="teal_slices" name="_.teal_slices_subsets_properly"/>
    <testcase time="0.00200000000000244" classname="teal_slices" name="_.teal_slices_subsets_properly"/>
    <testcase time="0.000999999999997669" classname="teal_slices" name="_.teal_slices_subsets_properly"/>
    <testcase time="0.0110000000000028" classname="teal_slices" name="_.teal_slices_doesn_t_subset_the_exclude_varnames_attribute_according_to_available_teal_slice"/>
    <testcase time="0.00199999999999534" classname="teal_slices" name="_.teal_slices_doesn_t_subset_the_exclude_varnames_attribute_according_to_available_teal_slice"/>
    <testcase time="0.00100000000000477" classname="teal_slices" name="_.teal_slices_doesn_t_subset_the_exclude_varnames_attribute_according_to_available_teal_slice"/>
    <testcase time="0.00199999999999534" classname="teal_slices" name="_.teal_slices_doesn_t_subset_the_exclude_varnames_attribute_according_to_available_teal_slice"/>
    <testcase time="0.00100000000000477" classname="teal_slices" name="_.teal_slices_doesn_t_subset_the_exclude_varnames_attribute_according_to_available_teal_slice"/>
    <testcase time="0.00199999999999534" classname="teal_slices" name="_.teal_slices_doesn_t_subset_the_exclude_varnames_attribute_according_to_available_teal_slice"/>
    <testcase time="0.00100000000000477" classname="teal_slices" name="_.teal_slices_doesn_t_subset_the_exclude_varnames_attribute_according_to_available_teal_slice"/>
    <testcase time="0.0109999999999957" classname="teal_slices" name="_.teal_slices_doesn_t_subset_the_include_varnames_attribute_according_to_available_teal_slice"/>
    <testcase time="0.00200000000000244" classname="teal_slices" name="_.teal_slices_doesn_t_subset_the_include_varnames_attribute_according_to_available_teal_slice"/>
    <testcase time="0.000999999999997669" classname="teal_slices" name="_.teal_slices_doesn_t_subset_the_include_varnames_attribute_according_to_available_teal_slice"/>
    <testcase time="0.00200000000000244" classname="teal_slices" name="_.teal_slices_doesn_t_subset_the_include_varnames_attribute_according_to_available_teal_slice"/>
    <testcase time="0.000999999999997669" classname="teal_slices" name="_.teal_slices_doesn_t_subset_the_include_varnames_attribute_according_to_available_teal_slice"/>
    <testcase time="0.00200000000000244" classname="teal_slices" name="_.teal_slices_doesn_t_subset_the_include_varnames_attribute_according_to_available_teal_slice"/>
    <testcase time="0.000999999999997669" classname="teal_slices" name="_.teal_slices_doesn_t_subset_the_include_varnames_attribute_according_to_available_teal_slice"/>
    <testcase time="0.00800000000000267" classname="teal_slices" name="_.teal_slices_preserves_count_type"/>
    <testcase time="0.00399999999999778" classname="teal_slices" name="coalesce_r_accepts_list_of_atomics_or_list_of_lists"/>
    <testcase time="0.000999999999997669" classname="teal_slices" name="coalesce_r_accepts_list_of_atomics_or_list_of_lists"/>
    <testcase time="0.00500000000000256" classname="teal_slices" name="coalesce_r_accepts_list_of_atomics_or_list_of_lists"/>
    <testcase time="0.00500000000000256" classname="teal_slices" name="coalesce_r_accepts_list_of_atomics_or_list_of_lists"/>
    <testcase time="0.00399999999999778" classname="teal_slices" name="coalesce_r_returns_first_non_null_element_of_list_of_atomics"/>
    <testcase time="0.00200000000000244" classname="teal_slices" name="coalesce_r_returns_first_non_null_element_of_list_of_atomics"/>
    <testcase time="0.000999999999997669" classname="teal_slices" name="coalesce_r_returns_first_non_null_element_of_list_of_atomics"/>
    <testcase time="0.00200000000000244" classname="teal_slices" name="coalesce_r_returns_first_non_null_element_of_list_of_atomics"/>
    <testcase time="0.00399999999999778" classname="teal_slices" name="coalesce_r_combines_non_overlapping_lists"/>
    <testcase time="0.00300000000000011" classname="teal_slices" name="coalesce_r_combines_drops_duplicated_list_elements"/>
    <testcase time="0.00399999999999778" classname="teal_slices" name="coalesce_r_ignores_NULL_elements"/>
    <testcase time="0.0130000000000052" classname="teal_slices" name="c.teal_slices_concatenates_teal_slices_objects"/>
    <testcase time="0.00499999999999545" classname="teal_slices" name="c.teal_slices_concatenates_teal_slices_objects"/>
    <testcase time="0.00200000000000244" classname="teal_slices" name="c.teal_slices_concatenates_teal_slices_objects"/>
    <testcase time="0.00300000000000011" classname="teal_slices" name="c.teal_slices_concatenates_teal_slices_objects"/>
    <testcase time="0.0129999999999981" classname="teal_slices" name="c.teal_slices_coalesces_attributes"/>
    <testcase time="0.00200000000000244" classname="teal_slices" name="c.teal_slices_coalesces_attributes"/>
    <testcase time="0.000999999999997669" classname="teal_slices" name="c.teal_slices_coalesces_attributes"/>
    <testcase time="0.00500000000000256" classname="teal_slices" name="c.teal_slices_coalesces_attributes"/>
    <testcase time="0.000999999999997669" classname="teal_slices" name="c.teal_slices_coalesces_attributes"/>
    <testcase time="0.00500000000000256" classname="teal_slices" name="c.teal_slices_coalesces_attributes"/>
    <testcase time="0.000999999999997669" classname="teal_slices" name="c.teal_slices_coalesces_attributes"/>
    <testcase time="0.00399999999999778" classname="teal_slices" name="c.teal_slices_coalesces_attributes"/>
    <testcase time="0.000999999999997669" classname="teal_slices" name="c.teal_slices_coalesces_attributes"/>
    <testcase time="0.00300000000000011" classname="teal_slices" name="c.teal_slices_coalesces_attributes"/>
    <testcase time="0.000999999999997669" classname="teal_slices" name="c.teal_slices_coalesces_attributes"/>
    <testcase time="0.0130000000000052" classname="teal_slices" name="format.teal_slices_returns_a_character_string"/>
    <testcase time="0.0159999999999982" classname="teal_slices" name="format.teal_slices_contains_literal_formatted_representations_of_all_included_teal_slice_s"/>
    <testcase time="0.00300000000000011" classname="teal_slices" name="format.teal_slices_contains_literal_formatted_representations_of_all_included_teal_slice_s"/>
    <testcase time="0.0129999999999981" classname="teal_slices" name="format.teal_slices_prints_include_varnames_attribute_if_not_empty"/>
    <testcase time="0.0069999999999979" classname="teal_slices" name="format.teal_slices_prints_include_varnames_attribute_if_not_empty"/>
    <testcase time="0.0120000000000005" classname="teal_slices" name="format.teal_slices_prints_exclude_varnames_attribute_if_not_empty"/>
    <testcase time="0.007000000000005" classname="teal_slices" name="format.teal_slices_prints_exclude_varnames_attribute_if_not_empty"/>
    <testcase time="0.0129999999999981" classname="teal_slices" name="format.teal_slices_prints_count_type_attribute_if_not_empty"/>
    <testcase time="0.0109999999999957" classname="teal_slices" name="print.teal_slices_returns_argument"/>
  </testsuite>
  <testsuite name="utils" timestamp="2025-11-20T12:32:30Z" hostname="0da9e8b248b6" tests="10" skipped="0" failures="0" errors="0" time="0.05">
    <testcase time="0.007000000000005" classname="utils" name="make_c_call"/>
    <testcase time="0.000999999999997669" classname="utils" name="make_c_call"/>
    <testcase time="0.00399999999999778" classname="utils" name="sanitize_id_should_replace_dots_with___when_id_is_otherwise_valid"/>
    <testcase time="0.00400000000000489" classname="utils" name="sanitize_id_should_take_vector_input"/>
    <testcase time="0.00300000000000011" classname="utils" name="sanitize_id_should_allow_for_integer_input"/>
    <testcase time="0.0129999999999981" classname="utils" name="sanitize_id_should_replace_non_ASCII_characters_in_middle_of_id_with___"/>
    <testcase time="0.0069999999999979" classname="utils" name="sanitize_id_should_replace_non_ASCII_characters_in_the_start_end_of_id_with___"/>
    <testcase time="0.00400000000000489" classname="utils" name="sanitize_id_should_replace_all_quotes_characters_with___"/>
    <testcase time="0.00300000000000011" classname="utils" name="sanitize_id_should_replace_all_escape_characters_from_JQuery_selectors"/>
    <testcase time="0.00399999999999778" classname="utils" name="sanitize_id_should_replace_UTF_characters_outside_the_allowed_range"/>
  </testsuite>
</testsuites>
